Log file open, 03/22/18 16:27:44
LogInit:Display: Running engine for game: Project_Escape
LogPlatformFile: Not using cached read wrapper
LogInit:Display: RandInit(-133336287) SRandInit(-133336287).
LogTaskGraph: Started task graph with 5 named threads and 8 total threads with 1 sets of task threads.
LogStats: Stats thread started at 0.084377
LogInit: Using libcurl 7.47.1
LogInit:  - built for x86_64-pc-win32
LogInit:  - supports SSL with OpenSSL/1.0.2g
LogInit:  - supports HTTP deflate (compression) using libz 1.2.8
LogInit:  - other features:
LogInit:      CURL_VERSION_SSL
LogInit:      CURL_VERSION_LIBZ
LogInit:      CURL_VERSION_IPV6
LogInit:      CURL_VERSION_ASYNCHDNS
LogInit:      CURL_VERSION_LARGEFILE
LogInit:      CURL_VERSION_IDN
LogInit:  CurlRequestOptions (configurable via config and command line):
LogInit:  - bVerifyPeer = false  - Libcurl will NOT verify peer certificate
LogInit:  - bUseHttpProxy = false  - Libcurl will NOT use HTTP proxy
LogInit:  - bDontReuseConnections = false  - Libcurl will reuse connections
LogInit:  - CertBundlePath = nullptr  - Libcurl will use whatever was configured at build time.
LogInit: Build: ++UE4+Release-4.16-CL-3514769
LogInit: Engine Version: 4.16.2-3514769+++UE4+Release-4.16
LogInit: Compatible Engine Version: 4.16.0-3452394+++UE4+Release-4.16
LogInit: Net CL: 3452394
LogDevObjectVersion: Number of dev versions registered: 16
LogDevObjectVersion:   Dev-Blueprints (B0D832E4-1F89-4F0D-ACCF-7EB736FD4AA2): 9
LogDevObjectVersion:   Dev-Build (E1C64328-A22C-4D53-A36C-8E866417BD8C): 0
LogDevObjectVersion:   Dev-Core (375EC13C-06E4-48FB-B500-84F0262A717E): 2
LogDevObjectVersion:   Dev-Editor (E4B068ED-F494-42E9-A231-DA0B2E46BB41): 17
LogDevObjectVersion:   Dev-Framework (CFFC743F-43B0-4480-9391-14DF171D2073): 23
LogDevObjectVersion:   Dev-Mobile (B02B49B5-BB20-44E9-A304-32B752E40360): 0
LogDevObjectVersion:   Dev-Networking (A4E4105C-59A1-49B5-A7C5-40C4547EDFEE): 0
LogDevObjectVersion:   Dev-Online (39C831C9-5AE6-47DC-9A44-9C173E1C8E7C): 0
LogDevObjectVersion:   Dev-Physics (78F01B33-EBEA-4F98-B9B4-84EACCB95AA2): 0
LogDevObjectVersion:   Dev-Platform (6631380F-2D4D-43E0-8009-CF276956A95A): 0
LogDevObjectVersion:   Dev-Rendering (12F88B9F-8875-4AFC-A67C-D90C383ABD29): 15
LogDevObjectVersion:   Dev-Sequencer (7B5AE74C-D270-4C10-A958-57980B212A5A): 4
LogDevObjectVersion:   Dev-VR (D7296918-1DD6-4BDD-9DE2-64A83CC13884): 0
LogDevObjectVersion:   Dev-LoadTimes (C2A15278-BFE7-4AFE-6C17-90FF531DF755): 1
LogDevObjectVersion:   Private-Geometry (6EACA3D4-40EC-4CC1-B786-8BED09428FC5): 1
LogDevObjectVersion:   Dev-AnimPhys (29E575DD-E0A3-4627-9D10-D276232CDCEA): 3
LogInit: Compiled (64-bit): Jun 29 2017 02:03:24
LogInit: Compiled with Visual C++: 19.00.24215.01
LogInit: Build Configuration: Development
LogInit: Branch Name: ++UE4+Release-4.16
LogInit: Command line: 
LogInit: Base directory: D:/Program Files (x86)/Epic Games/UE_4.16/Engine/Binaries/Win64/
LogInit: Installed Engine Build: 1
LogInit: Presizing for max 8388607 objects, including 0 objects not considered by GC, pre-allocating 0 bytes for permanent pool.
LogInit: Object subsystem initialized
[2018.03.22-15.27.44:584][  0]LogInit: Selected Device Profile: [Windows]
[2018.03.22-15.27.44:584][  0]LogInit: Applying CVar settings loaded from the selected device profile: [Windows]
[2018.03.22-15.27.44:620][  0]LogInit: Computer: DAVIDMASTERRACE
[2018.03.22-15.27.44:620][  0]LogInit: User: David
[2018.03.22-15.27.44:620][  0]LogInit: CPU Page size=4096, Cores=4
[2018.03.22-15.27.44:620][  0]LogInit: High frequency timer resolution =3.417966 MHz
[2018.03.22-15.27.44:621][  0]LogMemory: Memory total: Physical=15.9GB (16GB approx)
[2018.03.22-15.27.44:621][  0]LogMemory: Platform Memory Stats for Windows
[2018.03.22-15.27.44:621][  0]LogMemory: Process Physical Memory: 270.92 MB used, 270.92 MB peak
[2018.03.22-15.27.44:621][  0]LogMemory: Process Virtual Memory: 266.55 MB used, 266.55 MB peak
[2018.03.22-15.27.44:621][  0]LogMemory: Physical Memory: 6352.47 MB used,  9973.96 MB free, 16326.44 MB total
[2018.03.22-15.27.44:621][  0]LogMemory: Virtual Memory: 623.00 MB used,  9973.96 MB free, 134217728.00 MB total
[2018.03.22-15.27.44:663][  0]LogInit: Overriding language with editor language configuration option (en).
[2018.03.22-15.27.44:663][  0]LogInit: Overriding locale with editor locale configuration option (en).
[2018.03.22-15.27.45:375][  0]LogD3D11RHI: D3D11 adapters:
[2018.03.22-15.27.45:399][  0]LogD3D11RHI:    0. 'NVIDIA GeForce GTX 970' (Feature Level 11_0)
[2018.03.22-15.27.45:399][  0]LogD3D11RHI:       3975/0/8163 MB DedicatedVideo/DedicatedSystem/SharedSystem, Outputs:1, VendorId:0x10de
[2018.03.22-15.27.45:400][  0]LogD3D11RHI:    1. 'Microsoft Basic Render Driver' (Feature Level 11_0)
[2018.03.22-15.27.45:400][  0]LogD3D11RHI:       0/0/256 MB DedicatedVideo/DedicatedSystem/SharedSystem, Outputs:0, VendorId:0x1414
[2018.03.22-15.27.45:400][  0]LogD3D11RHI: Chosen D3D11 Adapter: 0
[2018.03.22-15.27.45:403][  0]LogD3D11RHI: Creating new Direct3DDevice
[2018.03.22-15.27.45:403][  0]LogD3D11RHI:     GPU DeviceId: 0x13c2 (for the marketing name, search the web for "GPU Device Id")
[2018.03.22-15.27.45:403][  0]LogWindows: EnumDisplayDevices:
[2018.03.22-15.27.45:403][  0]LogWindows:    0. 'NVIDIA GeForce GTX 970' (P:1 D:1)
[2018.03.22-15.27.45:403][  0]LogWindows:    1. 'NVIDIA GeForce GTX 970' (P:0 D:0)
[2018.03.22-15.27.45:403][  0]LogWindows:    2. 'NVIDIA GeForce GTX 970' (P:0 D:0)
[2018.03.22-15.27.45:403][  0]LogWindows:    3. 'NVIDIA GeForce GTX 970' (P:0 D:0)
[2018.03.22-15.27.45:403][  0]LogWindows: DebugString: FoundDriverCount:4 
[2018.03.22-15.27.45:403][  0]LogD3D11RHI:     Adapter Name: NVIDIA GeForce GTX 970
[2018.03.22-15.27.45:403][  0]LogD3D11RHI:   Driver Version: 388.13 (internal:23.21.13.8813, unified:388.13)
[2018.03.22-15.27.45:403][  0]LogD3D11RHI:      Driver Date: 10-27-2017
[2018.03.22-15.27.45:403][  0]LogRHI: Texture pool is 1361 MB (70% of 1945 MB)
[2018.03.22-15.27.45:413][  0]LogD3D11RHI: Async texture creation enabled
[2018.03.22-15.27.45:429][  0]LogD3D11RHI: GPU Timing Frequency: 1000.000000 (Debug: 2 2)
[2018.03.22-15.27.45:473][  0]LogShaderCompilers: Guid format shader working directory is -56 characters bigger than the processId version (../../../../../../GitHub/Project-Escape-Proyecto-Interdisciplinar-CoCo-School-/proyecto/Project_Escape/Intermediate/Shaders/WorkingDirectory/3108/).
[2018.03.22-15.27.45:473][  0]LogShaderCompilers: Cleaned the shader compiler working directory 'C:/Users/David/AppData/Local/Temp/UnrealShaderWorkingDir/EBCC48B340580AA3F3BB519B3E442075/'.
[2018.03.22-15.27.45:473][  0]LogShaderCompilers:Display: Using Local Shader Compiler.
[2018.03.22-15.27.46:326][  0]LogTemp:Display: Loaded TP AllDesktopTargetPlatform
[2018.03.22-15.27.46:355][  0]LogTemp:Display: Loaded TP MacClientTargetPlatform
[2018.03.22-15.27.46:386][  0]LogTemp:Display: Loaded TP MacNoEditorTargetPlatform
[2018.03.22-15.27.46:416][  0]LogTemp:Display: Loaded TP MacServerTargetPlatform
[2018.03.22-15.27.46:447][  0]LogTemp:Display: Loaded TP MacTargetPlatform
[2018.03.22-15.27.46:477][  0]LogTemp:Display: Loaded TP WindowsClientTargetPlatform
[2018.03.22-15.27.46:507][  0]LogTemp:Display: Loaded TP WindowsNoEditorTargetPlatform
[2018.03.22-15.27.46:537][  0]LogTemp:Display: Loaded TP WindowsServerTargetPlatform
[2018.03.22-15.27.46:562][  0]LogTemp:Display: Loaded TP WindowsTargetPlatform
[2018.03.22-15.27.46:591][  0]LogTemp:Display: Loaded TP AndroidTargetPlatform
[2018.03.22-15.27.46:620][  0]LogTemp:Display: Loaded TP Android_ASTCTargetPlatform
[2018.03.22-15.27.46:649][  0]LogTemp:Display: Loaded TP Android_ATCTargetPlatform
[2018.03.22-15.27.46:690][  0]LogTemp:Display: Loaded TP Android_DXTTargetPlatform
[2018.03.22-15.27.46:722][  0]LogTemp:Display: Loaded TP Android_ETC1TargetPlatform
[2018.03.22-15.27.46:751][  0]LogTemp:Display: Loaded TP Android_ETC2TargetPlatform
[2018.03.22-15.27.46:809][  0]LogTemp:Display: Loaded TP Android_MultiTargetPlatform
[2018.03.22-15.27.46:809][  0]LogTemp:Display: Loaded TP Android_PVRTCTargetPlatform
[2018.03.22-15.27.46:830][  0]LogTemp:Display: Loaded TP HTML5TargetPlatform
[2018.03.22-15.27.46:892][  0]LogTemp:Display: Loaded TP IOSTargetPlatform
[2018.03.22-15.27.46:910][  0]LogTemp:Display: Loaded TP TVOSTargetPlatform
[2018.03.22-15.27.46:939][  0]LogTemp:Display: Loaded TP LinuxClientTargetPlatform
[2018.03.22-15.27.46:967][  0]LogTemp:Display: Loaded TP LinuxNoEditorTargetPlatform
[2018.03.22-15.27.46:996][  0]LogTemp:Display: Loaded TP LinuxServerTargetPlatform
[2018.03.22-15.27.47:025][  0]LogTemp:Display: Loaded TP LinuxTargetPlatform
[2018.03.22-15.27.47:025][  0]LogTargetPlatformManager:Display: Building Assets For Windows
[2018.03.22-15.27.47:286][  0]LogDerivedDataCache:Display: Max Cache Size: 512 MB
[2018.03.22-15.27.47:368][  0]LogDerivedDataCache: Loaded boot cache 0.08s 90MB C:/Users/David/AppData/Local/UnrealEngine/4.16/DerivedDataCache/Boot.ddc.
[2018.03.22-15.27.47:368][  0]LogDerivedDataCache:Display: Loaded Boot cache: C:/Users/David/AppData/Local/UnrealEngine/4.16/DerivedDataCache/Boot.ddc
[2018.03.22-15.27.47:368][  0]LogDerivedDataCache: FDerivedDataBackendGraph:  Pak pak cache file ../../../../../../GitHub/Project-Escape-Proyecto-Interdisciplinar-CoCo-School-/proyecto/Project_Escape/DerivedDataCache/DDC.ddp not found, will not use a pak cache.
[2018.03.22-15.27.47:368][  0]LogDerivedDataCache: Unable to find inner node Pak for hierarchical cache Hierarchy.
[2018.03.22-15.27.47:368][  0]LogDerivedDataCache: FDerivedDataBackendGraph:  CompressedPak pak cache file ../../../../../../GitHub/Project-Escape-Proyecto-Interdisciplinar-CoCo-School-/proyecto/Project_Escape/DerivedDataCache/Compressed.ddp not found, will not use a pak cache.
[2018.03.22-15.27.47:368][  0]LogDerivedDataCache: Unable to find inner node CompressedPak for hierarchical cache Hierarchy.
[2018.03.22-15.27.47:384][  0]LogDerivedDataCache:Display: Pak cache opened for reading ../../../Engine/DerivedDataCache/Compressed.ddp.
[2018.03.22-15.27.47:395][  0]LogDerivedDataCache: Using Local data cache path C:/Users/David/AppData/Local/UnrealEngine/Common/DerivedDataCache: Writable
[2018.03.22-15.27.47:403][  0]LogMaterial: Verifying Global Shaders for PCD3D_SM5
[2018.03.22-15.27.47:404][  0]LogSlate: Using Freetype 2.6.0
[2018.03.22-15.27.47:404][  0]LogSlate: SlateFontCache - WITH_FREETYPE: 1, WITH_HARFBUZZ: 1
[2018.03.22-15.27.47:404][  0]LogSlate: SlateFontCache - WITH_FREETYPE: 1, WITH_HARFBUZZ: 1
[2018.03.22-15.27.47:672][  0]LogInit: Selected Device Profile: [Windows]
[2018.03.22-15.27.47:731][  0]LogContentStreaming: Texture pool size is 0.00 MB
[2018.03.22-15.27.47:841][  0]LogMeshUtilities: Using QuadricMeshReduction for automatic static mesh reduction
[2018.03.22-15.27.47:864][  0]LogSimplygon: Simplygon DLL not present - disabling.
[2018.03.22-15.27.47:889][  0]LogMeshUtilities: Using SimplygonSwarm for distributed automatic mesh merging
[2018.03.22-15.27.47:889][  0]LogMeshUtilities: No automatic skeletal mesh reduction module available
[2018.03.22-15.27.47:889][  0]LogMeshUtilities: No automatic mesh merging module available
[2018.03.22-15.27.48:276][  0]LogNetVersion: Project_Escape , NetCL: 3452394, EngineNetVer: 2, GameNetVer: 0 (Checksum: 2145197693)
[2018.03.22-15.27.48:324][  0]LogAssetRegistry: FAssetRegistry took 0.0255 seconds to start up
[2018.03.22-15.27.48:348][  0]LogPackageLocalizationCache: Processed 4 localized package path(s) for 1 prioritized culture(s) in 0.013101 seconds
[2018.03.22-15.27.48:353][  0]LogUObjectArray: 34194 objects as part of root set at end of initial load.
[2018.03.22-15.27.48:353][  0]LogUObjectAllocator: 7260416 out of 0 bytes used by permanent object pool.
[2018.03.22-15.27.48:353][  0]LogUObjectArray: CloseDisregardForGC: 0/0 objects in disregard for GC pool
[2018.03.22-15.27.48:385][  0]LogInit: WinSock: version 1.1 (2.2), MaxSocks=32767, MaxUdp=65467
[2018.03.22-15.27.49:921][  0]LogTcpMessaging: Initializing TcpMessaging bridge
[2018.03.22-15.27.49:948][  0]LogUdpMessaging: Initializing bridge on interface 0.0.0.0:0 to multicast group 230.0.0.1:6666.
[2018.03.22-15.27.50:261][  0]LogMaterial: Uniform references updated for custom material expression Custom.
[2018.03.22-15.27.50:488][  0]SourceControl: Info Source control is disabled
[2018.03.22-15.27.50:517][  0]SourceControl: Info Source control is disabled
[2018.03.22-15.27.50:542][  0]SourceControl: Info Source control is disabled
[2018.03.22-15.27.50:566][  0]SourceControl: Info Source control is disabled
[2018.03.22-15.27.50:961][  0]LogAndroidPermission: UAndroidPermissionCallbackProxy::GetInstance
[2018.03.22-15.27.51:286][  0]LogEngine: Initializing Engine...
[2018.03.22-15.27.51:287][  0]LogHMD: Failed to initialize OpenVR with code 110
[2018.03.22-15.27.51:447][  0]LogStats: UGameplayTagsManager::ConstructGameplayTagTree: Construct from data asset -  0.000 s
[2018.03.22-15.27.51:447][  0]LogStats: UGameplayTagsManager::ConstructGameplayTagTree: GameplayTagTreeChangedEvent.Broadcast -  0.000 s
[2018.03.22-15.27.51:517][  0]LogAIModule: Creating AISystem for world Untitled
[2018.03.22-15.27.51:539][  0]LogInit: XAudio2 using 'Speakers (Realtek High Definition Audio)' : 2 channels at 48 kHz using 32 bits per sample (channel mask 0x3)
[2018.03.22-15.27.51:555][  0]LogInit: FAudioDevice initialized.
[2018.03.22-15.27.51:590][  0]LogDerivedDataCache: Saved boot cache 0.03s 90MB C:/Users/David/AppData/Local/UnrealEngine/4.16/DerivedDataCache/Boot.ddc.
[2018.03.22-15.27.51:596][  0]LogInit: Texture streaming: Enabled
[2018.03.22-15.27.51:647][  0]LogEngineSessionManager: EngineSessionManager initialized
[2018.03.22-15.27.51:767][  0]LogInit: Transaction tracking system initialized
[2018.03.22-15.27.51:928][  0]BlueprintLog: New page: Editor Load
[2018.03.22-15.27.52:419][  0]LocalizationService: Info Localization service is disabled
[2018.03.22-15.27.52:781][  0]LogConsoleResponse:Display: 
[2018.03.22-15.27.52:942][  0]LogCook:Display: Max memory allowance for cook 16384mb min free memory 0mb
[2018.03.22-15.27.52:942][  0]LogCook:Display: Mobile HDR setting 1
[2018.03.22-15.27.53:145][  0]LogFileCache: Scanning file cache for directory 'D:/GitHub/Project-Escape-Proyecto-Interdisciplinar-CoCo-School-/proyecto/Project_Escape/Content/' took 0.02s
[2018.03.22-15.27.53:478][  0]SourceControl: Info Source control is disabled
[2018.03.22-15.27.53:481][  0]LightingResults: New page: Lighting Build
[2018.03.22-15.27.53:502][  0]MapCheck: New page: Map Check
[2018.03.22-15.27.53:502][  0]LightingResults: New page: Lighting Build
[2018.03.22-15.27.58:086][  0]LogMaterial: Missing cached shader map for material phong1, compiling. 
[2018.03.22-15.27.58:200][  0]LogMaterial: Missing cached shader map for material phong1, compiling. 
[2018.03.22-15.27.58:711][  0]LogAnimationCompression: Building Anim DDC data for AnimSequence /Game/ThirdPersonWalk.ThirdPersonWalk
[2018.03.22-15.27.59:673][  0]LogAnimationCompression: Building Anim DDC data for AnimSequence /Game/Enemigos/seta/animacionSetaAndar.animacionSetaAndar
[2018.03.22-15.27.59:696][  0]LogAIModule: Creating AISystem for world ThirdPersonExampleMap
[2018.03.22-15.28.04:077][  0]LogEditorServer: Finished looking for orphan Actors (0.000 secs)
[2018.03.22-15.28.04:099][  0]Cmd: MAP CHECKDEP NOCLEARLOG
[2018.03.22-15.28.04:141][  0]MapCheck: Info Map check complete: 0 Error(s), 0 Warning(s), took 41.83ms to complete.
[2018.03.22-15.28.04:141][  0]LogFileHelpers: Loading map 'ThirdPersonExampleMap' took 10.664
[2018.03.22-15.28.04:840][  0]LogCollectionManager: Loaded 0 collections in 0.000983 seconds
[2018.03.22-15.28.05:139][  0]LogFileCache: Scanning file cache for directory 'D:/GitHub/Project-Escape-Proyecto-Interdisciplinar-CoCo-School-/proyecto/Project_Escape/Saved/Collections/' took 0.01s
[2018.03.22-15.28.05:139][  0]LogFileCache: Scanning file cache for directory 'D:/GitHub/Project-Escape-Proyecto-Interdisciplinar-CoCo-School-/proyecto/Project_Escape/Content/Developers/David/Collections/' took 0.01s
[2018.03.22-15.28.05:139][  0]LogFileCache: Scanning file cache for directory 'D:/GitHub/Project-Escape-Proyecto-Interdisciplinar-CoCo-School-/proyecto/Project_Escape/Content/Collections/' took 0.01s
[2018.03.22-15.28.05:139][  0]LogCollectionManager: Rebuilt the GUID cache for 0 collections in 0.000002 seconds
[2018.03.22-15.28.05:182][  0]LogContentBrowser: Native class hierarchy populated in 0.0236 seconds. Added 2329 classes and 491 folders.
[2018.03.22-15.28.05:294][  0]LogContentBrowser: Native class hierarchy updated for 'WidgetCarousel' in 0.0005 seconds. Added 0 classes and 0 folders.
[2018.03.22-15.28.06:931][  0]LogContentBrowser: Native class hierarchy updated for 'AddContentDialog' in 0.0005 seconds. Added 0 classes and 0 folders.
[2018.03.22-15.28.07:063][  0]LogContentBrowser: Native class hierarchy updated for 'SceneOutliner' in 0.0005 seconds. Added 1 classes and 2 folders.
[2018.03.22-15.28.07:274][  0]LogContentBrowser: Native class hierarchy updated for 'WorldBrowser' in 0.0006 seconds. Added 1 classes and 3 folders.
[2018.03.22-15.28.08:732][  0]LogCrashTracker: Crashtracker disabled due to settings.
[2018.03.22-15.28.08:808][  0]LogSlate: Took 0.000359 seconds to synchronously load lazily loaded font '../../../Engine/Content/Slate/Fonts/Roboto-Regular.ttf' (155K)
[2018.03.22-15.28.08:816][  0]LogSlate: Took 0.000353 seconds to synchronously load lazily loaded font '../../../Engine/Content/Slate/Fonts/Roboto-Bold.ttf' (160K)
[2018.03.22-15.28.08:938][  0]LogSlate: Took 0.030271 seconds to synchronously load lazily loaded font '../../../Engine/Content/Editor/Slate/Fonts/FontAwesome.ttf' (139K)
[2018.03.22-15.28.09:309][  0]LogRenderer: Reallocating scene render targets to support 1204x572 NumSamples 1 (Frame:1).
[2018.03.22-15.28.09:906][  0]LogSlate: Took 0.019978 seconds to synchronously load lazily loaded font '../../../Engine/Content/Slate/Fonts/Roboto-Light.ttf' (159K)
[2018.03.22-15.28.10:032][  0]LogUObjectGlobals:Warning: Failed to find object 'Class None.'
[2018.03.22-15.28.10:079][  0]LogContentBrowser: Native class hierarchy updated for 'HierarchicalLODOutliner' in 0.0005 seconds. Added 1 classes and 2 folders.
[2018.03.22-15.28.10:079][  0]LogLoad: (Engine Initialization) Total time: 26.81 seconds
[2018.03.22-15.28.10:079][  0]LogLoad: (Engine Initialization) Total Blueprint compile time: 0.36 seconds
[2018.03.22-15.28.10:079][  0]LogExternalProfiler: Found external profiler: VSPerf
[2018.03.22-15.28.10:079][  0]LogExternalProfiler: Using external profiler: VSPerf
[2018.03.22-15.28.10:418][  0]LogOcInput: OculusInput pre-init called
[2018.03.22-15.28.10:418][  0]LogHMD: Starting GearVRController plugin
[2018.03.22-15.28.10:577][  0]LogContentStreaming: Texture pool size now 1000 MB
[2018.03.22-15.28.13:079][  8]LogCollectionManager: Rebuilt the object cache for 0 collections in 0.000001 seconds (found 0 objects)
[2018.03.22-15.28.15:753][ 16]LogAssetRegistry: Asset discovery search completed in 27.4516 seconds
[2018.03.22-15.28.15:754][ 16]LogCollectionManager: Fixed up redirectors for 0 collections in 0.000001 seconds (updated 0 objects)
[2018.03.22-15.28.24:847][730]MapCheck: New page: Map Check
[2018.03.22-15.28.24:883][730]Cmd: MAP REBUILD ALLVISIBLE
[2018.03.22-15.28.24:883][730]LogEditorServer: Rebuildmap Clear paths rebuilt
[2018.03.22-15.28.25:308][730]LightingResults: New page: Lighting Build - Mar 22, 2018, 5:28:25 PM
[2018.03.22-15.28.25:402][730]LogSwarmInterface: [OpenConnection] Registering TCP channel ...
[2018.03.22-15.28.25:493][730]LogSwarmInterface: [OpenConnection] Connecting to agent ...
[2018.03.22-15.28.25:505][730]LogSwarmInterface: [TryOpenConnection] Testing the Agent
[2018.03.22-15.28.26:032][730]LogSwarmInterface: [TryOpenConnection] Opening Connection to Agent
[2018.03.22-15.28.26:032][730]LogSwarmInterface: [TryOpenConnection] Local Process ID is 3108
[2018.03.22-15.28.28:431][730]LogStaticLightingSystem: Running Lightmass w/ ImmediateImport mode ENABLED
[2018.03.22-15.28.28:431][730]LogStaticLightingSystem: Running Lightmass w/ ImmediateProcess mode ENABLED
[2018.03.22-15.28.28:431][730]LogStaticLightingSystem: Running Lightmass w/ Sorting mode ENABLED
[2018.03.22-15.28.28:431][730]LogStaticLightingSystem: Running Lightmass w/ Mapping paddings ENABLED
[2018.03.22-15.28.28:431][730]LogStaticLightingSystem: Running Lightmass w/ Mapping debug paddings DISABLED
[2018.03.22-15.28.28:613][730]LogEditorBuildUtils: Build time 0:03
[2018.03.22-15.28.28:665][731]LogMaterial: Missing cached shader map for material FLightmassMaterialRenderer phong1, compiling. 
[2018.03.22-15.28.28:672][731]LogMaterial: Missing cached shader map for material FLightmassMaterialRenderer phong1, compiling. 
[2018.03.22-15.28.49:720][301]LightingResults:Warning: Warning berbeza Object has overlapping UVs.
[2018.03.22-15.28.49:720][301]LightingResults: Info berbeza Lightmap UV are overlapping by 1.2%. Please adjust content - Enable Error Coloring to visualize.
[2018.03.22-15.29.08:353][919]Job is a success!
[2018.03.22-15.29.08:729][920]LogSlate: Took 0.000469 seconds to synchronously load lazily loaded font '../../../Engine/Content/Slate/Fonts/Roboto-Light.ttf' (159K)
[2018.03.22-15.29.13:703][920]LogTexture:Display: Building textures: HQ_Lightmap1_1 (AutoDXT, 1024X1024)
[2018.03.22-15.29.13:703][920]LogTexture:Display: Building textures: SkyOcclusion1_1 (AutoDXT, 1024X512)
[2018.03.22-15.29.13:703][920]LogTexture:Display: Building textures: LQ_Lightmap_1_1 (DXT1, 1024X1024)
[2018.03.22-15.29.13:703][920]LogTexture:Display: Building textures: SkyOcclusion0_2 (AutoDXT, 1024X512)
[2018.03.22-15.29.13:703][920]LogTexture:Display: Building textures: HQ_Lightmap0_2 (AutoDXT, 1024X1024)
[2018.03.22-15.29.13:703][920]LogTexture:Display: Building textures: LQ_Lightmap_0_2 (DXT1, 1024X1024)
[2018.03.22-15.29.13:703][920]LogTexture:Display: Building textures: SkyOcclusion0_3 (AutoDXT, 1024X512)
[2018.03.22-15.29.13:703][920]LogTexture:Display: Building textures: HQ_Lightmap0_3 (AutoDXT, 1024X1024)
[2018.03.22-15.29.13:703][920]LogTexture:Display: Building textures: LQ_Lightmap_0_3 (DXT1, 1024X1024)
[2018.03.22-15.29.13:703][920]LogTexture:Display: Building textures: SkyOcclusion0_4 (AutoDXT, 512X256)
[2018.03.22-15.29.13:703][920]LogTexture:Display: Building textures: HQ_Lightmap0_4 (AutoDXT, 512X512)
[2018.03.22-15.29.13:703][920]LogTexture:Display: Building textures: LQ_Lightmap_0_4 (DXT1, 512X512)
[2018.03.22-15.29.13:703][920]LogTexture:Display: Building textures: SkyOcclusion0_5 (AutoDXT, 1024X512)
[2018.03.22-15.29.13:703][920]LogTexture:Display: Building textures: HQ_Lightmap0_5 (AutoDXT, 1024X1024)
[2018.03.22-15.29.13:703][920]LogTexture:Display: Building textures: LQ_Lightmap_0_5 (DXT1, 1024X1024)
[2018.03.22-15.29.13:703][920]LogTexture:Display: Building textures: SkyOcclusion1_6 (AutoDXT, 1024X512)
[2018.03.22-15.29.13:703][920]LogTexture:Display: Building textures: HQ_Lightmap1_6 (AutoDXT, 1024X1024)
[2018.03.22-15.29.13:703][920]LogTexture:Display: Building textures: LQ_Lightmap_1_6 (DXT1, 1024X1024)
[2018.03.22-15.29.13:703][920]LogTexture:Display: Building textures: SkyOcclusion1_7 (AutoDXT, 512X256)
[2018.03.22-15.29.13:703][920]LogTexture:Display: Building textures: HQ_Lightmap1_7 (AutoDXT, 512X512)
[2018.03.22-15.29.13:703][920]LogTexture:Display: Building textures: LQ_Lightmap_1_7 (DXT1, 512X512)
[2018.03.22-15.29.13:703][920]LogTexture:Display: Building textures: SkyOcclusion0_8 (AutoDXT, 512X256)
[2018.03.22-15.29.13:703][920]LogTexture:Display: Building textures: HQ_Lightmap0_8 (AutoDXT, 512X512)
[2018.03.22-15.29.13:703][920]LogTexture:Display: Building textures: LQ_Lightmap_0_8 (DXT1, 512X512)
[2018.03.22-15.29.13:703][920]LogTexture:Display: Building textures: SkyOcclusion0_9 (AutoDXT, 64X32)
[2018.03.22-15.29.13:703][920]LogTexture:Display: Building textures: HQ_Lightmap0_9 (AutoDXT, 64X64)
[2018.03.22-15.29.13:703][920]LogTexture:Display: Building textures: LQ_Lightmap_0_9 (DXT1, 64X64)
[2018.03.22-15.29.13:895][920]LogTexture:Display: Building textures: ShadowMapTexture2D_0 (G8, 512X512)
[2018.03.22-15.29.13:895][920]LogTexture:Display: Building textures: ShadowMapTexture2D_0 (G8, 512X512)
[2018.03.22-15.29.13:895][920]LogTexture:Display: Building textures: ShadowMapTexture2D_1 (G8, 1024X128)
[2018.03.22-15.29.13:895][920]LogTexture:Display: Building textures: ShadowMapTexture2D_0 (BGRA8, 1024X512)
[2018.03.22-15.29.13:895][920]LogTexture:Display: Building textures: ShadowMapTexture2D_2 (G8, 1024X128)
[2018.03.22-15.29.13:895][920]LogTexture:Display: Building textures: ShadowMapTexture2D_1 (BGRA8, 1024X512)
[2018.03.22-15.29.13:895][920]LogTexture:Display: Building textures: ShadowMapTexture2D_0 (G8, 32X32)
[2018.03.22-15.29.13:895][920]LogTexture:Display: Building textures: ShadowMapTexture2D_3 (G8, 1024X128)
[2018.03.22-15.29.13:895][920]LogTexture:Display: Building textures: ShadowMapTexture2D_1 (BGRA8, 1024X512)
[2018.03.22-15.29.13:957][920]Lightmass on DAVIDMASTERRACE: 43.2 sec total, 231 ms importing, 427 ms setup, 3.47 sec photons, 39.1 sec processing, 0 ms extra exporting [923/923 mappings]. Threads: 2:36 min total, 1:38 min processing.
[2018.03.22-15.29.14:065][920]LogStaticLightingSystem: Illumination: 48.4 sec (4.49 sec encoding lightmaps, 188 ms encoding shadowmaps)
[2018.03.22-15.29.14:065][920]LogStaticLightingSystem: Lightmap texture memory:  15.3 MB (7.3 MB streaming, 8.0 MB non-streaming), 18 textures
[2018.03.22-15.29.14:065][920]LogStaticLightingSystem: Shadowmap texture memory: 9.2 MB (5.8 MB streaming, 3.3 MB non-streaming), 9 textures
[2018.03.22-15.29.14:471][920]DumpUnbuiltLightIteractions
[2018.03.22-15.29.14:471][920]Lights with unbuilt interactions: 0
[2018.03.22-15.29.14:471][920]
[2018.03.22-15.29.14:471][920]Primitives with unbuilt interactions: 0
[2018.03.22-15.29.14:488][921]Cmd: MAP CHECK NOTIFYRESULTS
[2018.03.22-15.29.14:489][921]MapCheck: New page: ThirdPersonExampleMap - Mar 22, 2018, 5:29:14 PM
[2018.03.22-15.29.14:489][921]MapCheck:Warning: Performance Warning RinoSkelet_2 SkeletalMeshActor 'No_SkeletalMesh' casts shadow but has no PhysicsAsset assigned.  The shadow will be low res and inefficient 
[2018.03.22-15.29.14:489][921]MapCheck:Warning: Warning RinoSkelet_2 Skeletal mesh actor has NULL SkeletalMesh property 
[2018.03.22-15.29.14:559][921]MapCheck: Info Map check complete: 0 Error(s), 2 Warning(s), took 70.184ms to complete.
[2018.03.22-15.31.14:113][789]LogFactory: FactoryCreateFile: StaticMesh with FbxFactory (0 0 C:\Users\David\Desktop\rhino.fbx)
[2018.03.22-15.31.14:212][789]LogFbx: ItemName: GlobalSettings, ItemCount : 1
[2018.03.22-15.31.14:212][789]LogFbx: ItemName: AnimationStack, ItemCount : 1
[2018.03.22-15.31.14:212][789]LogFbx: ItemName: AnimationLayer, ItemCount : 1
[2018.03.22-15.31.14:212][789]LogFbx: ItemName: Geometry, ItemCount : 1
[2018.03.22-15.31.14:212][789]LogFbx: ItemName: Material, ItemCount : 1
[2018.03.22-15.31.14:212][789]LogFbx: ItemName: Texture, ItemCount : 2
[2018.03.22-15.31.14:212][789]LogFbx: ItemName: Model, ItemCount : 67
[2018.03.22-15.31.14:212][789]LogFbx: ItemName: NodeAttribute, ItemCount : 66
[2018.03.22-15.31.14:212][789]LogFbx: ItemName: AnimationCurveNode, ItemCount : 59
[2018.03.22-15.31.14:212][789]LogFbx: ItemName: Pose, ItemCount : 1
[2018.03.22-15.31.14:212][789]LogFbx: ItemName: Deformer, ItemCount : 21
[2018.03.22-15.31.14:212][789]LogFbx: ItemName: Video, ItemCount : 2
[2018.03.22-15.31.14:234][789]LogFbx: Loading FBX Scene from C:\Users\David\Desktop\rhino.fbx
[2018.03.22-15.31.14:299][789]LogFbx: FBX Scene Loaded Succesfully
[2018.03.22-15.31.16:199][789]LogFbx: Loading FBX Scene from C:\Users\David\Desktop\rhino.fbx
[2018.03.22-15.31.16:224][789]LogFbx: FBX Scene Loaded Succesfully
[2018.03.22-15.31.16:226][789]LogFbx: =================================================
[2018.03.22-15.31.16:226][789]LogFbx: Dumping Node START [RhinorRigaManoconpincelsaaaafassffssassfsfs:Rhino_low2:Group32855] 
[2018.03.22-15.31.16:226][789]LogFbx: 	Total Deformer Count 303363456.
[2018.03.22-15.31.16:226][789]LogFbx: 		[Node 1]  (Type Skin).
[2018.03.22-15.31.16:226][789]LogFbx: =================================================
[2018.03.22-15.31.16:226][789]LogFbx: 	Attribute () Type (4).
[2018.03.22-15.31.16:226][789]LogFbx: 		[Node Attribute Child 1] RhinorRigaManoconpincelsaaaafassffssassfsfs:Rhino_low2:Group32855 (Type Mesh).
[2018.03.22-15.31.16:226][789]LogFbx: Dumping Node END [RhinorRigaManoconpincelsaaaafassffssassfsfs:Rhino_low2:Group32855]
[2018.03.22-15.31.16:226][789]LogFbx: =================================================
[2018.03.22-15.31.16:226][789]LogFbx: Dumping Node START [RhinorRigaManoconpincelsaaaafassffssassfsfs:Rhino_low2:Group32855] 
[2018.03.22-15.31.16:226][789]LogFbx: 	Total Deformer Count 303363456.
[2018.03.22-15.31.16:226][789]LogFbx: 		[Node 1]  (Type Skin).
[2018.03.22-15.31.16:226][789]LogFbx: =================================================
[2018.03.22-15.31.16:226][789]LogFbx: 	Attribute () Type (4).
[2018.03.22-15.31.16:226][789]LogFbx: 		[Node Attribute Child 1] RhinorRigaManoconpincelsaaaafassffssassfsfs:Rhino_low2:Group32855 (Type Mesh).
[2018.03.22-15.31.16:226][789]LogFbx: Dumping Node END [RhinorRigaManoconpincelsaaaafassffssassfsfs:Rhino_low2:Group32855]
[2018.03.22-15.31.16:228][789]LogFbx: Valid bind pose for Pose (RhinorRigaManoconpincelsaaaafassffssassfsfs:skinCluster1) - RhinorRigaManoconpincelsaaaafassffssassfsfs:Rhino_low2:Group32855
[2018.03.22-15.31.16:239][789]LogFbx: Triangulating skeletal mesh RhinorRigaManoconpincelsaaaafassffssassfsfs:Rhino_low2:Group32855
[2018.03.22-15.31.17:537][789]LogFbx:Warning: Bones digested - 24  Depth of hierarchy - 9
[2018.03.22-15.31.17:772][789]LogSkeletalMesh: Section 0: 7263 vertices, 20 active bones
[2018.03.22-15.31.18:710][789]LogSlate: Took 0.000147 seconds to synchronously load lazily loaded font '../../../Engine/Content/Slate/Fonts/Roboto-Regular.ttf' (155K)
[2018.03.22-15.31.18:714][789]LogSkeletalMesh: Section 0: Material=0, 13174 triangles
[2018.03.22-15.31.18:716][789]LogLinker: Can't find file '/Game/Personajes/Rinoceronte/mesh/rhino_Skeleton'
[2018.03.22-15.31.18:716][789]LogLinker: Can't find file '/Game/Personajes/Rinoceronte/mesh/rhino_Skeleton'
[2018.03.22-15.31.18:717][789]LogLinker: Can't find file '/Game/Personajes/Rinoceronte/mesh/rhino_PhysicsAsset'
[2018.03.22-15.31.18:717][789]LogLinker: Can't find file '/Game/Personajes/Rinoceronte/mesh/rhino_PhysicsAsset'
[2018.03.22-15.31.18:722][789]LogSkeletalMesh: USkeletalMeshComponent::InitArticulated : Could not find root physics body: SkeletalMeshComponent0
[2018.03.22-15.31.18:750][789]FBXImport:Warning: Warning No smoothing group information was found in this FBX scene.  Please make sure to enable the 'Export Smoothing Groups' option in the FBX Exporter plug-in before exporting the file.  Even for tools that don't support smoothing groups, the FBX Exporter will generate appropriate smoothing data at export-time so that correct vertex normals can be inferred while importing. 
[2018.03.22-15.31.23:772][331]LogContentBrowser: Native class hierarchy updated for 'SkeletonEditor' in 0.0006 seconds. Added 1 classes and 2 folders.
[2018.03.22-15.31.24:158][331]LogActorComponent: RegisterComponentWithWorld: (/Engine/Transient.World_7:PersistentLevel.Actor_0.DebugSkelMeshComponent_0) Already registered. Aborting.
[2018.03.22-15.31.24:520][331]LogSkeletalMesh: USkeletalMeshComponent::InitArticulated : Bodies already created (/Engine/Transient.World_7:PersistentLevel.Actor_0.DebugSkelMeshComponent_0) - call TermArticulated first.
[2018.03.22-15.31.25:114][331]LogSlate: Took 0.010191 seconds to synchronously load lazily loaded font '../../../Engine/Content/Editor/Slate/Fonts/Roboto-Italic.ttf' (157K)
[2018.03.22-15.31.25:166][331]LogContentBrowser: Native class hierarchy updated for 'ClothingSystemEditorInterface' in 0.0005 seconds. Added 1 classes and 0 folders.
[2018.03.22-15.31.25:222][332]LogRenderer: Reallocating scene render targets to support 1204x816 NumSamples 1 (Frame:1).
[2018.03.22-15.31.26:910][464]LogActorComponent: RegisterComponentWithWorld: (/Engine/Transient.World_8:PersistentLevel.Actor_1.DebugSkelMeshComponent_1) Already registered. Aborting.
[2018.03.22-15.31.26:935][464]LogSkeletalMesh: USkeletalMeshComponent::InitArticulated : Bodies already created (/Engine/Transient.World_8:PersistentLevel.Actor_1.DebugSkelMeshComponent_1) - call TermArticulated first.
[2018.03.22-15.32.40:084][627]LogSavePackage: Save=9.76ms
[2018.03.22-15.32.40:084][627]LogSavePackage: Moving '../../../../../../GitHub/Project-Escape-Proyecto-Interdisciplinar-CoCo-School-/proyecto/Project_Escape/Saved/rhino_Skeleton3B7A6CF04F1D7A61EBE9FFB86A65FD3B.tmp' to '../../../../../../GitHub/Project-Escape-Proyecto-Interdisciplinar-CoCo-School-/proyecto/Project_Escape/Content/Personajes/Rinoceronte/mesh/rhino_Skeleton.uasset'
[2018.03.22-15.32.40:087][627]LogSavePackage:Display: Finished SavePackage ../../../../../../GitHub/Project-Escape-Proyecto-Interdisciplinar-CoCo-School-/proyecto/Project_Escape/Content/Personajes/Rinoceronte/mesh/rhino_Skeleton.uasset
[2018.03.22-15.32.40:257][643]LogSavePackage: Save=3.76ms
[2018.03.22-15.32.40:257][643]LogSavePackage: Moving '../../../../../../GitHub/Project-Escape-Proyecto-Interdisciplinar-CoCo-School-/proyecto/Project_Escape/Saved/rhino_Skeleton880128C64210EB8A2D73569BA58EEA4D.tmp' to '../../../../../../GitHub/Project-Escape-Proyecto-Interdisciplinar-CoCo-School-/proyecto/Project_Escape/Content/Personajes/Rinoceronte/mesh/rhino_Skeleton.uasset'
[2018.03.22-15.32.40:257][643]LogSavePackage:Display: Finished SavePackage ../../../../../../GitHub/Project-Escape-Proyecto-Interdisciplinar-CoCo-School-/proyecto/Project_Escape/Content/Personajes/Rinoceronte/mesh/rhino_Skeleton.uasset
[2018.03.22-15.32.44:738][930]LogSavePackage: Save=581.51ms
[2018.03.22-15.32.44:738][930]LogSavePackage: Moving '../../../../../../GitHub/Project-Escape-Proyecto-Interdisciplinar-CoCo-School-/proyecto/Project_Escape/Saved/Nivel153F5F7DB4EEB9EAA1EA272A165AE40CC.tmp' to '../../../../../../GitHub/Project-Escape-Proyecto-Interdisciplinar-CoCo-School-/proyecto/Project_Escape/Content/Levels/Nivel1.umap'
[2018.03.22-15.32.44:739][930]LogSavePackage:Display: Finished SavePackage ../../../../../../GitHub/Project-Escape-Proyecto-Interdisciplinar-CoCo-School-/proyecto/Project_Escape/Content/Levels/Nivel1.umap
[2018.03.22-15.32.44:740][930]LogFileHelpers: Saving map 'Nivel1' took 0.658
[2018.03.22-15.32.45:354][930]LogSavePackage: Save=330.42ms
[2018.03.22-15.32.45:354][930]LogSavePackage: Moving '../../../../../../GitHub/Project-Escape-Proyecto-Interdisciplinar-CoCo-School-/proyecto/Project_Escape/Saved/Nivel1_BuiltDataCF3E6FF9413089627224ECB99ADDDFDB.tmp' to '../../../../../../GitHub/Project-Escape-Proyecto-Interdisciplinar-CoCo-School-/proyecto/Project_Escape/Content/Levels/Nivel1_BuiltData.uasset'
[2018.03.22-15.32.45:356][930]LogSavePackage:Display: Finished SavePackage ../../../../../../GitHub/Project-Escape-Proyecto-Interdisciplinar-CoCo-School-/proyecto/Project_Escape/Content/Levels/Nivel1_BuiltData.uasset
[2018.03.22-15.32.45:596][930]LogSavePackage: Save=186.02ms
[2018.03.22-15.32.45:596][930]LogSavePackage: Moving '../../../../../../GitHub/Project-Escape-Proyecto-Interdisciplinar-CoCo-School-/proyecto/Project_Escape/Saved/Nivel2812075CB444CD5CEE63BE2BDEEF3B174.tmp' to '../../../../../../GitHub/Project-Escape-Proyecto-Interdisciplinar-CoCo-School-/proyecto/Project_Escape/Content/Levels/Nivel2.umap'
[2018.03.22-15.32.45:597][930]LogSavePackage:Display: Finished SavePackage ../../../../../../GitHub/Project-Escape-Proyecto-Interdisciplinar-CoCo-School-/proyecto/Project_Escape/Content/Levels/Nivel2.umap
[2018.03.22-15.32.45:598][930]LogFileHelpers: Saving map 'Nivel2' took 0.240
[2018.03.22-15.32.45:822][930]LogSavePackage: Save=217.06ms
[2018.03.22-15.32.45:823][930]LogSavePackage: Moving '../../../../../../GitHub/Project-Escape-Proyecto-Interdisciplinar-CoCo-School-/proyecto/Project_Escape/Saved/Nivel2_BuiltData630ACEA84A026722058F1FABD81EA5DE.tmp' to '../../../../../../GitHub/Project-Escape-Proyecto-Interdisciplinar-CoCo-School-/proyecto/Project_Escape/Content/Levels/Nivel2_BuiltData.uasset'
[2018.03.22-15.32.45:824][930]LogSavePackage:Display: Finished SavePackage ../../../../../../GitHub/Project-Escape-Proyecto-Interdisciplinar-CoCo-School-/proyecto/Project_Escape/Content/Levels/Nivel2_BuiltData.uasset
[2018.03.22-15.32.45:956][930]LogSavePackage: Save=76.22ms
[2018.03.22-15.32.45:956][930]LogSavePackage: Moving '../../../../../../GitHub/Project-Escape-Proyecto-Interdisciplinar-CoCo-School-/proyecto/Project_Escape/Saved/Nivel39196C0F04AB0C6B47E614F98B2F4CA96.tmp' to '../../../../../../GitHub/Project-Escape-Proyecto-Interdisciplinar-CoCo-School-/proyecto/Project_Escape/Content/Levels/Nivel3.umap'
[2018.03.22-15.32.45:958][930]LogSavePackage:Display: Finished SavePackage ../../../../../../GitHub/Project-Escape-Proyecto-Interdisciplinar-CoCo-School-/proyecto/Project_Escape/Content/Levels/Nivel3.umap
[2018.03.22-15.32.45:958][930]LogFileHelpers: Saving map 'Nivel3' took 0.132
[2018.03.22-15.32.46:070][930]LogSavePackage: Save=103.46ms
[2018.03.22-15.32.46:070][930]LogSavePackage: Moving '../../../../../../GitHub/Project-Escape-Proyecto-Interdisciplinar-CoCo-School-/proyecto/Project_Escape/Saved/Nivel3_BuiltData7E008CFA42E66D1DC7665E8E44FFFEFD.tmp' to '../../../../../../GitHub/Project-Escape-Proyecto-Interdisciplinar-CoCo-School-/proyecto/Project_Escape/Content/Levels/Nivel3_BuiltData.uasset'
[2018.03.22-15.32.46:072][930]LogSavePackage:Display: Finished SavePackage ../../../../../../GitHub/Project-Escape-Proyecto-Interdisciplinar-CoCo-School-/proyecto/Project_Escape/Content/Levels/Nivel3_BuiltData.uasset
[2018.03.22-15.32.46:133][930]LogSavePackage: Save=31.85ms
[2018.03.22-15.32.46:133][930]LogSavePackage: Moving '../../../../../../GitHub/Project-Escape-Proyecto-Interdisciplinar-CoCo-School-/proyecto/Project_Escape/Saved/rhino0AA0E7074F42970205E467A24B24DBB4.tmp' to '../../../../../../GitHub/Project-Escape-Proyecto-Interdisciplinar-CoCo-School-/proyecto/Project_Escape/Content/Personajes/Rinoceronte/mesh/rhino.uasset'
[2018.03.22-15.32.46:134][930]LogSavePackage:Display: Finished SavePackage ../../../../../../GitHub/Project-Escape-Proyecto-Interdisciplinar-CoCo-School-/proyecto/Project_Escape/Content/Personajes/Rinoceronte/mesh/rhino.uasset
[2018.03.22-15.32.46:145][930]LogSavePackage: Save=6.60ms
[2018.03.22-15.32.46:145][930]LogSavePackage: Moving '../../../../../../GitHub/Project-Escape-Proyecto-Interdisciplinar-CoCo-School-/proyecto/Project_Escape/Saved/rhino_PhysicsAsset89B7200742685BE7D92E918E5F19517C.tmp' to '../../../../../../GitHub/Project-Escape-Proyecto-Interdisciplinar-CoCo-School-/proyecto/Project_Escape/Content/Personajes/Rinoceronte/mesh/rhino_PhysicsAsset.uasset'
[2018.03.22-15.32.46:146][930]LogSavePackage:Display: Finished SavePackage ../../../../../../GitHub/Project-Escape-Proyecto-Interdisciplinar-CoCo-School-/proyecto/Project_Escape/Content/Personajes/Rinoceronte/mesh/rhino_PhysicsAsset.uasset
[2018.03.22-15.32.46:385][930]LogSavePackage: Save=177.24ms
[2018.03.22-15.32.46:385][930]LogSavePackage: Moving '../../../../../../GitHub/Project-Escape-Proyecto-Interdisciplinar-CoCo-School-/proyecto/Project_Escape/Saved/ThirdPersonExampleMap2531A2374483425BB93D5C95E9FDEA53.tmp' to '../../../../../../GitHub/Project-Escape-Proyecto-Interdisciplinar-CoCo-School-/proyecto/Project_Escape/Content/ThirdPersonBP/Maps/ThirdPersonExampleMap.umap'
[2018.03.22-15.32.46:387][930]LogSavePackage:Display: Finished SavePackage ../../../../../../GitHub/Project-Escape-Proyecto-Interdisciplinar-CoCo-School-/proyecto/Project_Escape/Content/ThirdPersonBP/Maps/ThirdPersonExampleMap.umap
[2018.03.22-15.32.46:421][930]LogFileHelpers: Saving map 'ThirdPersonExampleMap' took 0.272
[2018.03.22-15.32.46:438][930]LogSavePackage: Save=7.76ms
[2018.03.22-15.32.46:438][930]LogSavePackage: Moving '../../../../../../GitHub/Project-Escape-Proyecto-Interdisciplinar-CoCo-School-/proyecto/Project_Escape/Saved/ThirdPersonExampleMap_BuiltDataF974DAC141C56C8A9EE8AA96D0198DAB.tmp' to '../../../../../../GitHub/Project-Escape-Proyecto-Interdisciplinar-CoCo-School-/proyecto/Project_Escape/Content/ThirdPersonBP/Maps/ThirdPersonExampleMap_BuiltData.uasset'
[2018.03.22-15.32.46:439][930]LogSavePackage:Display: Finished SavePackage ../../../../../../GitHub/Project-Escape-Proyecto-Interdisciplinar-CoCo-School-/proyecto/Project_Escape/Content/ThirdPersonBP/Maps/ThirdPersonExampleMap_BuiltData.uasset
[2018.03.22-15.33.24:987][590]LogSavePackage: Save=3.77ms
[2018.03.22-15.33.24:987][590]LogSavePackage: Moving '../../../../../../GitHub/Project-Escape-Proyecto-Interdisciplinar-CoCo-School-/proyecto/Project_Escape/Saved/rhino_Skeleton1C0BAFA1436B120E03ECD8A297B12715.tmp' to '../../../../../../GitHub/Project-Escape-Proyecto-Interdisciplinar-CoCo-School-/proyecto/Project_Escape/Content/Personajes/Rinoceronte/mesh/rhino/rhino_Skeleton.uasset'
[2018.03.22-15.33.24:989][590]LogSavePackage:Display: Finished SavePackage ../../../../../../GitHub/Project-Escape-Proyecto-Interdisciplinar-CoCo-School-/proyecto/Project_Escape/Content/Personajes/Rinoceronte/mesh/rhino/rhino_Skeleton.uasset
[2018.03.22-15.33.25:023][590]LogSavePackage: Save=22.07ms
[2018.03.22-15.33.25:023][590]LogSavePackage: Moving '../../../../../../GitHub/Project-Escape-Proyecto-Interdisciplinar-CoCo-School-/proyecto/Project_Escape/Saved/rhino05242E2246A11C27AB099B986100B1B1.tmp' to '../../../../../../GitHub/Project-Escape-Proyecto-Interdisciplinar-CoCo-School-/proyecto/Project_Escape/Content/Personajes/Rinoceronte/mesh/rhino/rhino.uasset'
[2018.03.22-15.33.25:025][590]LogSavePackage:Display: Finished SavePackage ../../../../../../GitHub/Project-Escape-Proyecto-Interdisciplinar-CoCo-School-/proyecto/Project_Escape/Content/Personajes/Rinoceronte/mesh/rhino/rhino.uasset
[2018.03.22-15.33.25:034][590]LogSavePackage: Save=6.01ms
[2018.03.22-15.33.25:034][590]LogSavePackage: Moving '../../../../../../GitHub/Project-Escape-Proyecto-Interdisciplinar-CoCo-School-/proyecto/Project_Escape/Saved/rhino_PhysicsAssetD4DF72404A4FA4AF314B819F485FDFA5.tmp' to '../../../../../../GitHub/Project-Escape-Proyecto-Interdisciplinar-CoCo-School-/proyecto/Project_Escape/Content/Personajes/Rinoceronte/mesh/rhino/rhino_PhysicsAsset.uasset'
[2018.03.22-15.33.25:036][590]LogSavePackage:Display: Finished SavePackage ../../../../../../GitHub/Project-Escape-Proyecto-Interdisciplinar-CoCo-School-/proyecto/Project_Escape/Content/Personajes/Rinoceronte/mesh/rhino/rhino_PhysicsAsset.uasset
[2018.03.22-16.17.39:553][594]LogActorComponent: RegisterComponentWithWorld: (/Engine/Transient.World_12:PersistentLevel.Actor_2.DebugSkelMeshComponent_2) Already registered. Aborting.
[2018.03.22-16.17.39:585][594]LogSkeletalMesh: USkeletalMeshComponent::InitArticulated : Bodies already created (/Engine/Transient.World_12:PersistentLevel.Actor_2.DebugSkelMeshComponent_2) - call TermArticulated first.
[2018.03.22-16.43.04:523][626]LogFactory: FactoryCreateFile: StaticMesh with FbxFactory (0 0 C:\Users\David\Desktop\idleRhino.fbx)
[2018.03.22-16.43.04:528][626]LogFbx: ItemName: GlobalSettings, ItemCount : 1
[2018.03.22-16.43.04:528][626]LogFbx: ItemName: AnimationStack, ItemCount : 1
[2018.03.22-16.43.04:528][626]LogFbx: ItemName: AnimationLayer, ItemCount : 1
[2018.03.22-16.43.04:528][626]LogFbx: ItemName: NodeAttribute, ItemCount : 66
[2018.03.22-16.43.04:528][626]LogFbx: ItemName: Model, ItemCount : 66
[2018.03.22-16.43.04:528][626]LogFbx: ItemName: AnimationCurveNode, ItemCount : 251
[2018.03.22-16.43.04:528][626]LogFbx: ItemName: AnimationCurve, ItemCount : 387
[2018.03.22-16.43.04:532][626]LogFbx: Loading FBX Scene from C:\Users\David\Desktop\idleRhino.fbx
[2018.03.22-16.43.04:589][626]LogFbx: FBX Scene Loaded Succesfully
[2018.03.22-16.43.05:567][626]LogSlate: Took 0.000116 seconds to synchronously load lazily loaded font '../../../Engine/Content/Slate/Fonts/Roboto-Light.ttf' (159K)
[2018.03.22-16.43.10:176][626]LogFbx: Loading FBX Scene from C:\Users\David\Desktop\idleRhino.fbx
[2018.03.22-16.43.10:203][626]LogFbx: FBX Scene Loaded Succesfully
[2018.03.22-16.43.10:206][626]LogFbx: SortedLinks :(0) QuickRigCharacter_Reference
[2018.03.22-16.43.10:206][626]LogFbx: SortedLinks :(1) QuickRigCharacter_Hips
[2018.03.22-16.43.10:206][626]LogFbx: SortedLinks :(2) QuickRigCharacter_LeftUpLeg
[2018.03.22-16.43.10:206][626]LogFbx: SortedLinks :(3) QuickRigCharacter_LeftLeg
[2018.03.22-16.43.10:206][626]LogFbx: SortedLinks :(4) QuickRigCharacter_LeftFoot
[2018.03.22-16.43.10:206][626]LogFbx: SortedLinks :(5) QuickRigCharacter_LeftToeBase
[2018.03.22-16.43.10:206][626]LogFbx: SortedLinks :(6) QuickRigCharacter_RightUpLeg
[2018.03.22-16.43.10:206][626]LogFbx: SortedLinks :(7) QuickRigCharacter_RightLeg
[2018.03.22-16.43.10:206][626]LogFbx: SortedLinks :(8) QuickRigCharacter_RightFoot
[2018.03.22-16.43.10:206][626]LogFbx: SortedLinks :(9) QuickRigCharacter_RightToeBase
[2018.03.22-16.43.10:206][626]LogFbx: SortedLinks :(10) QuickRigCharacter_Spine
[2018.03.22-16.43.10:206][626]LogFbx: SortedLinks :(11) QuickRigCharacter_Spine1
[2018.03.22-16.43.10:206][626]LogFbx: SortedLinks :(12) QuickRigCharacter_Spine2
[2018.03.22-16.43.10:206][626]LogFbx: SortedLinks :(13) QuickRigCharacter_LeftShoulder
[2018.03.22-16.43.10:206][626]LogFbx: SortedLinks :(14) QuickRigCharacter_LeftArm
[2018.03.22-16.43.10:206][626]LogFbx: SortedLinks :(15) QuickRigCharacter_LeftForeArm
[2018.03.22-16.43.10:206][626]LogFbx: SortedLinks :(16) QuickRigCharacter_LeftHand
[2018.03.22-16.43.10:206][626]LogFbx: SortedLinks :(17) QuickRigCharacter_RightShoulder
[2018.03.22-16.43.10:206][626]LogFbx: SortedLinks :(18) QuickRigCharacter_RightArm
[2018.03.22-16.43.10:206][626]LogFbx: SortedLinks :(19) QuickRigCharacter_RightForeArm
[2018.03.22-16.43.10:206][626]LogFbx: SortedLinks :(20) QuickRigCharacter_RightHand
[2018.03.22-16.43.10:206][626]LogFbx: SortedLinks :(21) QuickRigCharacter_Neck
[2018.03.22-16.43.10:206][626]LogFbx: SortedLinks :(22) QuickRigCharacter_Neck1
[2018.03.22-16.43.10:206][626]LogFbx: SortedLinks :(23) QuickRigCharacter_Head
[2018.03.22-16.43.10:209][626]LogFbx: Parsing AnimStack Take 001
[2018.03.22-16.43.10:226][626]LogLinker: Can't find file '/Game/Enemigos/seta/idleRhino'
[2018.03.22-16.43.10:226][626]LogLinker: Can't find file '/Game/Enemigos/seta/idleRhino'
[2018.03.22-16.43.10:397][626]LogAnimationCompression: Building Anim DDC data for AnimSequence /Game/Enemigos/seta/idleRhino.idleRhino
[2018.03.22-16.43.12:052][789]LogActorComponent: RegisterComponentWithWorld: (/Engine/Transient.World_13:PersistentLevel.Actor_3.DebugSkelMeshComponent_3) Already registered. Aborting.
[2018.03.22-16.43.12:083][789]LogSkeletalMesh: USkeletalMeshComponent::InitArticulated : Bodies already created (/Engine/Transient.World_13:PersistentLevel.Actor_3.DebugSkelMeshComponent_3) - call TermArticulated first.
[2018.03.22-16.43.12:326][789]LogContentBrowser:Verbose: The majority of assets in the view are of type: AnimSequence
[2018.03.22-16.43.36:545][208]LogFileHelpers: Editor autosave (incl. sublevels) for '/Game/ThirdPersonBP/Maps/ThirdPersonExampleMap' took 0.007
[2018.03.22-16.43.36:546][208]OBJ SavePackage: Generating thumbnails for [1] asset(s) in package [/Game/Enemigos/seta/idleRhino] ([1] browsable assets)...
[2018.03.22-16.43.36:557][208]OBJ SavePackage:     Rendered thumbnail for [AnimSequence /Game/Enemigos/seta/idleRhino.idleRhino]
[2018.03.22-16.43.36:557][208]OBJ SavePackage: Finished generating thumbnails for package [/Game/Enemigos/seta/idleRhino]
[2018.03.22-16.43.36:572][208]LogSavePackage: Save=13.92ms
[2018.03.22-16.43.36:572][208]LogSavePackage: Moving '../../../../../../GitHub/Project-Escape-Proyecto-Interdisciplinar-CoCo-School-/proyecto/Project_Escape/Saved/idleRhino_Auto1F675A0224E7A4AC3E9C70A8408E6BDD9.tmp' to '../../../../../../GitHub/Project-Escape-Proyecto-Interdisciplinar-CoCo-School-/proyecto/Project_Escape/Saved/Autosaves/Game/Enemigos/seta/idleRhino_Auto1.uasset'
[2018.03.22-16.43.36:573][208]LogSavePackage:Display: Finished SavePackage ../../../../../../GitHub/Project-Escape-Proyecto-Interdisciplinar-CoCo-School-/proyecto/Project_Escape/Saved/Autosaves/Game/Enemigos/seta/idleRhino_Auto1.uasset
[2018.03.22-16.43.36:573][208]LogFileHelpers: Auto-saving content packages took 0.027
[2018.03.22-16.50.46:864][197]LogEditorFactories: Performing atomic reimport of [C:/Users/David/Desktop/idleRhino.fbx]
[2018.03.22-16.50.46:896][197]LogFbx: Loading FBX Scene from C:/Users/David/Desktop/idleRhino.fbx
[2018.03.22-16.50.46:927][197]LogFbx: FBX Scene Loaded Succesfully
[2018.03.22-16.50.46:934][197]LogFbx: Parsing AnimStack Take 001
[2018.03.22-16.50.47:155][197]LogAnimationCompression: Building Anim DDC data for AnimSequence /Game/Enemigos/seta/idleRhino.idleRhino
[2018.03.22-16.50.47:164][197]LogEditorFactories: -- imported successfully
[2018.03.22-16.50.52:574][478]LogActorComponent: RegisterComponentWithWorld: (/Engine/Transient.World_15:PersistentLevel.Actor_4.DebugSkelMeshComponent_5) Already registered. Aborting.
[2018.03.22-16.50.52:606][478]LogSkeletalMesh: USkeletalMeshComponent::InitArticulated : Bodies already created (/Engine/Transient.World_15:PersistentLevel.Actor_4.DebugSkelMeshComponent_5) - call TermArticulated first.
[2018.03.22-16.50.52:845][478]LogContentBrowser:Verbose: The majority of assets in the view are of type: AnimSequence
[2018.03.22-16.52.01:881][855]LogSavePackage: Save=16.19ms
[2018.03.22-16.52.01:881][855]LogSavePackage: Moving '../../../../../../GitHub/Project-Escape-Proyecto-Interdisciplinar-CoCo-School-/proyecto/Project_Escape/Saved/idleRhino2508D052497926FBF642ADA34122476D.tmp' to '../../../../../../GitHub/Project-Escape-Proyecto-Interdisciplinar-CoCo-School-/proyecto/Project_Escape/Content/Enemigos/seta/idleRhino.uasset'
[2018.03.22-16.52.01:882][855]LogSavePackage:Display: Finished SavePackage ../../../../../../GitHub/Project-Escape-Proyecto-Interdisciplinar-CoCo-School-/proyecto/Project_Escape/Content/Enemigos/seta/idleRhino.uasset
[2018.03.22-16.52.03:705][ 73]LogTemp: Repeting last play command: Selected Viewport
[2018.03.22-16.52.03:795][ 73]LogBlueprintUserMessages: Early PlayInEditor Detection: Level '/Game/ThirdPersonBP/Maps/ThirdPersonExampleMap.ThirdPersonExampleMap:PersistentLevel' has LevelScriptBlueprint '/Game/ThirdPersonBP/Maps/ThirdPersonExampleMap.ThirdPersonExampleMap:PersistentLevel.ThirdPersonExampleMap' with GeneratedClass '/Game/ThirdPersonBP/Maps/ThirdPersonExampleMap.ThirdPersonExampleMap_C' with ClassGeneratedBy '/Game/ThirdPersonBP/Maps/ThirdPersonExampleMap.ThirdPersonExampleMap:PersistentLevel.ThirdPersonExampleMap'
[2018.03.22-16.52.03:795][ 73]LogPlayLevel: PlayLevel: No blueprints needed recompiling
[2018.03.22-16.52.03:806][ 73]PIE: New page: PIE session: ThirdPersonExampleMap (Mar 22, 2018, 6:52:03 PM)
[2018.03.22-16.52.03:806][ 73]LogPlayLevel: Creating play world package: /Game/ThirdPersonBP/Maps/UEDPIE_0_ThirdPersonExampleMap
[2018.03.22-16.52.03:840][ 73]LogPlayLevel: PIE: StaticDuplicateObject took: (0.033573s)
[2018.03.22-16.52.03:840][ 73]LogAIModule: Creating AISystem for world ThirdPersonExampleMap
[2018.03.22-16.52.03:841][ 73]LogPlayLevel: PIE: World Init took: (0.000702s)
[2018.03.22-16.52.03:841][ 73]LogPlayLevel: PIE: Created PIE world by copying editor world from /Game/ThirdPersonBP/Maps/ThirdPersonExampleMap.ThirdPersonExampleMap to /Game/ThirdPersonBP/Maps/UEDPIE_0_ThirdPersonExampleMap.ThirdPersonExampleMap (0.034541s)
[2018.03.22-16.52.03:870][ 73]LogInit: XAudio2 using 'Speakers (Realtek High Definition Audio)' : 2 channels at 48 kHz using 32 bits per sample (channel mask 0x3)
[2018.03.22-16.52.03:876][ 73]LogInit: FAudioDevice initialized.
[2018.03.22-16.52.03:923][ 73]LogLoad: Game class is 'ThirdPersonGameMode_C'
[2018.03.22-16.52.03:925][ 73]LogWorld: Bringing World /Game/ThirdPersonBP/Maps/UEDPIE_0_ThirdPersonExampleMap.ThirdPersonExampleMap up for play (max tick rate 0) at 2018.03.22-17.52.03
[2018.03.22-16.52.03:962][ 73]LogWorld: Bringing up level for play took: 0.037943
[2018.03.22-16.52.04:022][ 73]LogContentBrowser: Native class hierarchy updated for 'MovieSceneCapture' in 0.0005 seconds. Added 11 classes and 0 folders.
[2018.03.22-16.52.04:022][ 73]LogLevel: ActivateLevel /Game/Levels/UEDPIE_0_Nivel1 1 1 0
[2018.03.22-16.52.04:023][ 73]PIE: Info Play in editor start time for /Game/ThirdPersonBP/Maps/UEDPIE_0_ThirdPersonExampleMap 0.909
[2018.03.22-16.52.04:023][ 73]LogBlueprintUserMessages: Late PlayInEditor Detection: Level '/Game/ThirdPersonBP/Maps/ThirdPersonExampleMap.ThirdPersonExampleMap:PersistentLevel' has LevelScriptBlueprint '/Game/ThirdPersonBP/Maps/ThirdPersonExampleMap.ThirdPersonExampleMap:PersistentLevel.ThirdPersonExampleMap' with GeneratedClass '/Game/ThirdPersonBP/Maps/ThirdPersonExampleMap.ThirdPersonExampleMap_C' with ClassGeneratedBy '/Game/ThirdPersonBP/Maps/ThirdPersonExampleMap.ThirdPersonExampleMap:PersistentLevel.ThirdPersonExampleMap'
[2018.03.22-16.52.04:256][ 75]LogLevel: ActivateLevel /Game/Levels/UEDPIE_0_Nivel2 1 1 0
[2018.03.22-16.52.04:280][ 76]LogLevel: ActivateLevel /Game/Levels/UEDPIE_0_Nivel3 1 1 0
[2018.03.22-16.52.11:658][960]LogBlueprintUserMessages: Early EndPlayMap Detection: Level '/Game/ThirdPersonBP/Maps/ThirdPersonExampleMap.ThirdPersonExampleMap:PersistentLevel' has LevelScriptBlueprint '/Game/ThirdPersonBP/Maps/ThirdPersonExampleMap.ThirdPersonExampleMap:PersistentLevel.ThirdPersonExampleMap' with GeneratedClass '/Game/ThirdPersonBP/Maps/ThirdPersonExampleMap.ThirdPersonExampleMap_C' with ClassGeneratedBy '/Game/ThirdPersonBP/Maps/ThirdPersonExampleMap.ThirdPersonExampleMap:PersistentLevel.ThirdPersonExampleMap'
[2018.03.22-16.52.11:701][960]LogBlueprintUserMessages: Late EndPlayMap Detection: Level '/Game/ThirdPersonBP/Maps/ThirdPersonExampleMap.ThirdPersonExampleMap:PersistentLevel' has LevelScriptBlueprint '/Game/ThirdPersonBP/Maps/ThirdPersonExampleMap.ThirdPersonExampleMap:PersistentLevel.ThirdPersonExampleMap' with GeneratedClass '/Game/ThirdPersonBP/Maps/ThirdPersonExampleMap.ThirdPersonExampleMap_C' with ClassGeneratedBy '/Game/ThirdPersonBP/Maps/ThirdPersonExampleMap.ThirdPersonExampleMap:PersistentLevel.ThirdPersonExampleMap'
[2018.03.22-17.21.27:909][ 24]LogWindowsTextInputMethodSystem:Display: IME system now deactivated.
[2018.03.22-17.21.28:114][ 25]Cmd: QUIT_EDITOR
[2018.03.22-17.21.28:429][ 25]LogExit: Preparing to exit.
[2018.03.22-17.21.29:652][ 25]LogDirectoryWatcher: A directory notification for 'D:/GitHub/Project-Escape-Proyecto-Interdisciplinar-CoCo-School-/proyecto/Project_Escape/Content/' was aborted.
[2018.03.22-17.21.29:693][ 25]LogExit: Editor shut down
[2018.03.22-17.21.29:698][ 25]LogExit: Transaction tracking system shut down
[2018.03.22-17.21.29:766][ 25]LogObj: Freed 0b from 0 cluster array pools.
[2018.03.22-17.21.29:766][ 25]LogExit: Object subsystem successfully closed.
[2018.03.22-17.21.29:785][ 25]LogD3D11RHI: Shutdown
[2018.03.22-17.21.29:785][ 25]LogD3D11RHI: CleanupD3DDevice
[2018.03.22-17.21.29:886][ 25]LogD3D11RHI: ~FD3D11DynamicRHI
[2018.03.22-17.21.29:892][ 25]LogModuleManager: Shutting down and abandoning module MovieSceneCapture (536)
[2018.03.22-17.21.29:892][ 25]LogModuleManager: Shutting down and abandoning module AnimationEditor (534)
[2018.03.22-17.21.29:892][ 25]LogModuleManager: Shutting down and abandoning module ClothingSystemEditorInterface (532)
[2018.03.22-17.21.29:892][ 25]LogModuleManager: Shutting down and abandoning module SkeletonEditor (530)
[2018.03.22-17.21.29:892][ 25]LogModuleManager: Shutting down and abandoning module SkeletalMeshEditor (528)
[2018.03.22-17.21.29:892][ 25]LogModuleManager: Shutting down and abandoning module HierarchicalLODOutliner (526)
[2018.03.22-17.21.29:892][ 25]LogModuleManager: Shutting down and abandoning module CrashTracker (524)
[2018.03.22-17.21.29:892][ 25]LogModuleManager: Shutting down and abandoning module WorldBrowser (522)
[2018.03.22-17.21.29:892][ 25]LogModuleManager: Shutting down and abandoning module SceneOutliner (520)
[2018.03.22-17.21.29:892][ 25]LogModuleManager: Shutting down and abandoning module AddContentDialog (518)
[2018.03.22-17.21.29:901][ 25]LogDirectoryWatcher: A directory notification for 'D:/Program Files (x86)/Epic Games/UE_4.16/FeaturePacks/' was aborted.
[2018.03.22-17.21.29:902][ 25]LogModuleManager: Shutting down and abandoning module WidgetCarousel (517)
[2018.03.22-17.21.29:902][ 25]LogModuleManager: Shutting down and abandoning module EditorWidgets (514)
[2018.03.22-17.21.29:902][ 25]LogModuleManager: Shutting down and abandoning module CollectionManager (512)
[2018.03.22-17.21.29:902][ 25]LogDirectoryWatcher: A directory notification for 'D:/GitHub/Project-Escape-Proyecto-Interdisciplinar-CoCo-School-/proyecto/Project_Escape/Content/Collections/' was aborted.
[2018.03.22-17.21.29:902][ 25]LogDirectoryWatcher: A directory notification for 'D:/GitHub/Project-Escape-Proyecto-Interdisciplinar-CoCo-School-/proyecto/Project_Escape/Content/Developers/David/Collections/' was aborted.
[2018.03.22-17.21.29:902][ 25]LogDirectoryWatcher: A directory notification for 'D:/GitHub/Project-Escape-Proyecto-Interdisciplinar-CoCo-School-/proyecto/Project_Escape/Saved/Collections/' was aborted.
[2018.03.22-17.21.29:902][ 25]LogModuleManager: Shutting down and abandoning module StatsViewer (510)
[2018.03.22-17.21.29:902][ 25]LogModuleManager: Shutting down and abandoning module FoliageEdit (508)
[2018.03.22-17.21.29:902][ 25]LogModuleManager: Shutting down and abandoning module LandscapeEditor (506)
[2018.03.22-17.21.29:912][ 25]LogModuleManager: Shutting down and abandoning module MeshPaintMode (504)
[2018.03.22-17.21.29:912][ 25]LogModuleManager: Shutting down and abandoning module SceneDepthPickerMode (502)
[2018.03.22-17.21.29:912][ 25]LogModuleManager: Shutting down and abandoning module ActorPickerMode (500)
[2018.03.22-17.21.29:912][ 25]LogModuleManager: Shutting down and abandoning module GeometryMode (498)
[2018.03.22-17.21.29:912][ 25]LogModuleManager: Shutting down and abandoning module TextureAlignMode (496)
[2018.03.22-17.21.29:912][ 25]LogModuleManager: Shutting down and abandoning module BspMode (494)
[2018.03.22-17.21.29:912][ 25]LogModuleManager: Shutting down and abandoning module HardwareSurvey (492)
[2018.03.22-17.21.29:912][ 25]LogModuleManager: Shutting down and abandoning module SequenceRecorderSections (490)
[2018.03.22-17.21.29:912][ 25]LogModuleManager: Shutting down and abandoning module AutomationWorker (488)
[2018.03.22-17.21.29:912][ 25]LogModuleManager: Shutting down and abandoning module MatineeToLevelSequence (486)
[2018.03.22-17.21.29:912][ 25]LogModuleManager: Shutting down and abandoning module LevelSequenceEditor (484)
[2018.03.22-17.21.29:912][ 25]LogModuleManager: Shutting down and abandoning module PlacementMode (483)
[2018.03.22-17.21.29:912][ 25]LogModuleManager: Shutting down and abandoning module WmfMediaFactory (480)
[2018.03.22-17.21.29:913][ 25]LogModuleManager: Shutting down and abandoning module WmfMediaEditor (478)
[2018.03.22-17.21.29:913][ 25]LogModuleManager: Shutting down and abandoning module AvfMediaFactory (476)
[2018.03.22-17.21.29:913][ 25]LogModuleManager: Shutting down and abandoning module AvfMediaEditor (474)
[2018.03.22-17.21.29:913][ 25]LogModuleManager: Shutting down and abandoning module AndroidMediaFactory (472)
[2018.03.22-17.21.29:913][ 25]LogModuleManager: Shutting down and abandoning module Media (471)
[2018.03.22-17.21.29:913][ 25]LogModuleManager: Shutting down and abandoning module AndroidMediaEditor (468)
[2018.03.22-17.21.29:913][ 25]LogModuleManager: Shutting down and abandoning module CharacterAI (466)
[2018.03.22-17.21.29:913][ 25]LogModuleManager: Shutting down and abandoning module AudioCapture (464)
[2018.03.22-17.21.29:913][ 25]LogModuleManager: Shutting down and abandoning module SequenceRecorder (463)
[2018.03.22-17.21.29:913][ 25]LogModuleManager: Shutting down and abandoning module SmartSnapping (460)
[2018.03.22-17.21.29:913][ 25]LogModuleManager: Shutting down and abandoning module SessionServices (458)
[2018.03.22-17.21.29:913][ 25]LogModuleManager: Shutting down and abandoning module ViewportSnapping (456)
[2018.03.22-17.21.29:913][ 25]LogModuleManager: Shutting down and abandoning module ViewportInteraction (454)
[2018.03.22-17.21.29:913][ 25]LogModuleManager: Shutting down and abandoning module ClothPainter (452)
[2018.03.22-17.21.29:913][ 25]LogModuleManager: Shutting down and abandoning module LogVisualizer (450)
[2018.03.22-17.21.29:913][ 25]LogModuleManager: Shutting down and abandoning module IntroTutorials (448)
[2018.03.22-17.21.29:913][ 25]LogModuleManager: Shutting down and abandoning module GameProjectGeneration (447)
[2018.03.22-17.21.29:913][ 25]LogModuleManager: Shutting down and abandoning module EditorLiveStreaming (444)
[2018.03.22-17.21.29:913][ 25]LogModuleManager: Shutting down and abandoning module IOSPlatformEditor (442)
[2018.03.22-17.21.29:913][ 25]LogModuleManager: Shutting down and abandoning module HTML5PlatformEditor (440)
[2018.03.22-17.21.29:913][ 25]LogModuleManager: Shutting down and abandoning module AndroidPlatformEditor (438)
[2018.03.22-17.21.29:913][ 25]LogModuleManager: Shutting down and abandoning module AndroidDeviceDetection (437)
[2018.03.22-17.21.30:144][ 25]LogModuleManager: Shutting down and abandoning module IOSRuntimeSettings (434)
[2018.03.22-17.21.30:144][ 25]LogModuleManager: Shutting down and abandoning module AndroidRuntimeSettings (432)
[2018.03.22-17.21.30:144][ 25]LogModuleManager: Shutting down and abandoning module InputBindingEditor (430)
[2018.03.22-17.21.30:144][ 25]LogModuleManager: Shutting down and abandoning module MergeActors (428)
[2018.03.22-17.21.30:144][ 25]LogModuleManager: Shutting down and abandoning module SizeMap (426)
[2018.03.22-17.21.30:144][ 25]LogModuleManager: Shutting down and abandoning module TreeMap (424)
[2018.03.22-17.21.30:144][ 25]LogModuleManager: Shutting down and abandoning module ReferenceViewer (422)
[2018.03.22-17.21.30:144][ 25]LogModuleManager: Shutting down and abandoning module LocalizationDashboard (420)
[2018.03.22-17.21.30:144][ 25]LogModuleManager: Shutting down and abandoning module LocalizationService (419)
[2018.03.22-17.21.30:144][ 25]LogModuleManager: Shutting down and abandoning module HardwareTargeting (416)
[2018.03.22-17.21.30:145][ 25]LogModuleManager: Shutting down and abandoning module DeviceProfileEditor (414)
[2018.03.22-17.21.30:145][ 25]LogModuleManager: Shutting down and abandoning module UndoHistory (412)
[2018.03.22-17.21.30:145][ 25]LogModuleManager: Shutting down and abandoning module UserFeedback (410)
[2018.03.22-17.21.30:145][ 25]LogModuleManager: Shutting down and abandoning module XmlParser (408)
[2018.03.22-17.21.30:145][ 25]LogModuleManager: Shutting down and abandoning module Blutility (406)
[2018.03.22-17.21.30:145][ 25]LogModuleManager: Shutting down and abandoning module ProjectSettingsViewer (404)
[2018.03.22-17.21.30:145][ 25]LogModuleManager: Shutting down and abandoning module ProjectTargetPlatformEditor (403)
[2018.03.22-17.21.30:145][ 25]LogModuleManager: Shutting down and abandoning module EditorSettingsViewer (400)
[2018.03.22-17.21.30:145][ 25]LogModuleManager: Shutting down and abandoning module SettingsEditor (398)
[2018.03.22-17.21.30:145][ 25]LogModuleManager: Shutting down and abandoning module ProjectLauncher (396)
[2018.03.22-17.21.30:145][ 25]LogModuleManager: Shutting down and abandoning module SessionFrontend (394)
[2018.03.22-17.21.30:145][ 25]LogModuleManager: Shutting down and abandoning module ProfilerClient (392)
[2018.03.22-17.21.30:145][ 25]LogModuleManager: Shutting down and abandoning module DeviceManager (390)
[2018.03.22-17.21.30:145][ 25]LogModuleManager: Shutting down and abandoning module TargetDeviceServices (389)
[2018.03.22-17.21.30:189][ 25]LogModuleManager: Shutting down and abandoning module AutomationController (386)
[2018.03.22-17.21.30:189][ 25]LogModuleManager: Shutting down and abandoning module AutomationWindow (384)
[2018.03.22-17.21.30:189][ 25]LogModuleManager: Shutting down and abandoning module Layers (382)
[2018.03.22-17.21.30:189][ 25]LogModuleManager: Shutting down and abandoning module ComponentVisualizers (380)
[2018.03.22-17.21.30:189][ 25]LogModuleManager: Shutting down and abandoning module DetailCustomizations (378)
[2018.03.22-17.21.30:189][ 25]LogModuleManager: Shutting down and abandoning module PackagesDialog (376)
[2018.03.22-17.21.30:189][ 25]LogModuleManager: Shutting down and abandoning module Persona (374)
[2018.03.22-17.21.30:189][ 25]LogModuleManager: Shutting down and abandoning module AdvancedPreviewScene (373)
[2018.03.22-17.21.30:189][ 25]LogModuleManager: Shutting down and abandoning module AnimGraph (371)
[2018.03.22-17.21.30:189][ 25]LogModuleManager: Shutting down and abandoning module Kismet (368)
[2018.03.22-17.21.30:190][ 25]LogModuleManager: Shutting down and abandoning module ClassViewer (366)
[2018.03.22-17.21.30:190][ 25]LogModuleManager: Shutting down and abandoning module Toolbox (364)
[2018.03.22-17.21.30:190][ 25]LogModuleManager: Shutting down and abandoning module ModuleUI (362)
[2018.03.22-17.21.30:190][ 25]LogModuleManager: Shutting down and abandoning module MovieSceneTools (360)
[2018.03.22-17.21.30:190][ 25]LogModuleManager: Shutting down and abandoning module OutputLog (358)
[2018.03.22-17.21.30:190][ 25]LogModuleManager: Shutting down and abandoning module GammaUI (356)
[2018.03.22-17.21.30:190][ 25]LogModuleManager: Shutting down and abandoning module Documentation (354)
[2018.03.22-17.21.30:190][ 25]LogModuleManager: Shutting down and abandoning module MovieSceneTracks (352)
[2018.03.22-17.21.30:190][ 25]LogModuleManager: Shutting down and abandoning module MovieScene (350)
[2018.03.22-17.21.30:190][ 25]LogModuleManager: Shutting down and abandoning module Niagara (348)
[2018.03.22-17.21.30:190][ 25]LogModuleManager: Shutting down and abandoning module NiagaraEditor (347)
[2018.03.22-17.21.30:190][ 25]LogModuleManager: Shutting down and abandoning module StreamingPauseRendering (344)
[2018.03.22-17.21.30:190][ 25]LogModuleManager: Shutting down and abandoning module AnalyticsET (342)
[2018.03.22-17.21.30:190][ 25]LogModuleManager: Shutting down and abandoning module PortalServices (340)
[2018.03.22-17.21.30:190][ 25]LogModuleManager: Shutting down and abandoning module PortalRpc (338)
[2018.03.22-17.21.30:191][ 25]LogModuleManager: Shutting down and abandoning module MessagingRpc (336)
[2018.03.22-17.21.30:191][ 25]LogModuleManager: Shutting down and abandoning module AIModule (334)
[2018.03.22-17.21.30:191][ 25]LogModuleManager: Shutting down and abandoning module GameplayDebugger (333)
[2018.03.22-17.21.30:191][ 25]LogModuleManager: Shutting down and abandoning module AITestSuite (331)
[2018.03.22-17.21.30:191][ 25]LogModuleManager: Shutting down and abandoning module ProfilerService (328)
[2018.03.22-17.21.30:256][ 25]LogModuleManager: Shutting down and abandoning module TaskGraph (326)
[2018.03.22-17.21.30:256][ 25]LogModuleManager: Shutting down and abandoning module SteamVRController (324)
[2018.03.22-17.21.30:256][ 25]LogModuleManager: Shutting down and abandoning module SteamVR (322)
[2018.03.22-17.21.30:256][ 25]LogModuleManager: Shutting down and abandoning module ProceduralMeshComponentEditor (320)
[2018.03.22-17.21.30:256][ 25]LogModuleManager: Shutting down and abandoning module ProceduralMeshComponent (318)
[2018.03.22-17.21.30:256][ 25]LogModuleManager: Shutting down and abandoning module OculusLibrary (316)
[2018.03.22-17.21.30:256][ 25]LogModuleManager: Shutting down and abandoning module OculusInput (314)
[2018.03.22-17.21.30:256][ 25]LogModuleManager: Shutting down and abandoning module MobilePatchingUtils (312)
[2018.03.22-17.21.30:256][ 25]LogModuleManager: Shutting down and abandoning module CustomMeshComponent (310)
[2018.03.22-17.21.30:256][ 25]LogModuleManager: Shutting down and abandoning module CableComponent (308)
[2018.03.22-17.21.30:256][ 25]LogModuleManager: Shutting down and abandoning module ArchVisCharacter (306)
[2018.03.22-17.21.30:256][ 25]LogModuleManager: Shutting down and abandoning module AndroidPermission (304)
[2018.03.22-17.21.30:256][ 25]LogModuleManager: Shutting down and abandoning module MediaPlayerEditor (300)
[2018.03.22-17.21.30:256][ 25]LogModuleManager: Shutting down and abandoning module HTML5Networking (298)
[2018.03.22-17.21.30:256][ 25]LogModuleManager: Shutting down and abandoning module AlembicImporter (296)
[2018.03.22-17.21.30:256][ 25]LogModuleManager: Shutting down and abandoning module AlembicLibrary (295)
[2018.03.22-17.21.30:256][ 25]LogModuleManager: Shutting down and abandoning module GeometryCache (294)
[2018.03.22-17.21.30:256][ 25]LogModuleManager: Shutting down and abandoning module GeometryCacheEd (293)
[2018.03.22-17.21.30:256][ 25]LogModuleManager: Shutting down and abandoning module SuperSearchEditor (288)
[2018.03.22-17.21.30:256][ 25]LogModuleManager: Shutting down and abandoning module SuperSearch (287)
[2018.03.22-17.21.30:256][ 25]LogModuleManager: Shutting down and abandoning module SpeedTreeImporter (284)
[2018.03.22-17.21.30:256][ 25]LogModuleManager: Shutting down and abandoning module PluginBrowser (282)
[2018.03.22-17.21.30:257][ 25]LogModuleManager: Shutting down and abandoning module MobileLauncherProfileWizard (280)
[2018.03.22-17.21.30:257][ 25]LogModuleManager: Shutting down and abandoning module VisualStudioSourceCodeAccess (278)
[2018.03.22-17.21.30:257][ 25]LogModuleManager: Shutting down and abandoning module DesktopPlatform (277)
[2018.03.22-17.21.30:257][ 25]LogModuleManager: Shutting down and abandoning module UObjectPlugin (274)
[2018.03.22-17.21.30:257][ 25]LogModuleManager: Shutting down and abandoning module SubversionSourceControl (272)
[2018.03.22-17.21.30:257][ 25]LogModuleManager: Shutting down and abandoning module PerforceSourceControl (270)
[2018.03.22-17.21.30:257][ 25]LogModuleManager: Shutting down and abandoning module GitSourceControl (268)
[2018.03.22-17.21.30:257][ 25]LogModuleManager: Shutting down and abandoning module SourceControl (267)
[2018.03.22-17.21.30:257][ 25]LogModuleManager: Shutting down and abandoning module LightPropagationVolumeEditor (264)
[2018.03.22-17.21.30:257][ 25]LogModuleManager: Shutting down and abandoning module PaperTiledImporter (262)
[2018.03.22-17.21.30:257][ 25]LogModuleManager: Shutting down and abandoning module PaperSpriteSheetImporter (260)
[2018.03.22-17.21.30:257][ 25]LogModuleManager: Shutting down and abandoning module Paper2DEditor (258)
[2018.03.22-17.21.30:257][ 25]LogModuleManager: Shutting down and abandoning module MeshPaint (257)
[2018.03.22-17.21.30:257][ 25]LogModuleManager: Shutting down and abandoning module LevelEditor (255)
[2018.03.22-17.21.30:257][ 25]LogModuleManager: Shutting down and abandoning module PixelInspectorModule (254)
[2018.03.22-17.21.30:257][ 25]LogModuleManager: Shutting down and abandoning module MainFrame (252)
[2018.03.22-17.21.30:257][ 25]LogModuleManager: Shutting down and abandoning module HotReload (251)
[2018.03.22-17.21.30:258][ 25]LogModuleManager: Shutting down and abandoning module PhysXVehiclesEditor (246)
[2018.03.22-17.21.30:258][ 25]LogModuleManager: Shutting down and abandoning module PhysXVehicles (244)
[2018.03.22-17.21.30:258][ 25]LogModuleManager: Shutting down and abandoning module LocationServicesBPLibrary (242)
[2018.03.22-17.21.30:258][ 25]LogModuleManager: Shutting down and abandoning module ImmediatePhysicsEditor (240)
[2018.03.22-17.21.30:258][ 25]LogModuleManager: Shutting down and abandoning module ImmediatePhysics (238)
[2018.03.22-17.21.30:258][ 25]LogModuleManager: Shutting down and abandoning module UdpMessaging (236)
[2018.03.22-17.21.30:359][ 25]LogModuleManager: Shutting down and abandoning module TcpMessaging (234)
[2018.03.22-17.21.30:460][ 25]LogModuleManager: Shutting down and abandoning module GameplayTagsEditor (232)
[2018.03.22-17.21.30:460][ 25]LogModuleManager: Shutting down and abandoning module FacialAnimationEditor (230)
[2018.03.22-17.21.30:460][ 25]LogModuleManager: Shutting down and abandoning module FacialAnimation (228)
[2018.03.22-17.21.30:460][ 25]LogModuleManager: Shutting down and abandoning module AssetManagerEditor (226)
[2018.03.22-17.21.30:460][ 25]LogModuleManager: Shutting down and abandoning module GraphEditor (225)
[2018.03.22-17.21.30:460][ 25]LogModuleManager: Shutting down and abandoning module ContentBrowser (223)
[2018.03.22-17.21.30:463][ 25]LogModuleManager: Shutting down and abandoning module LightPropagationVolumeRuntime (220)
[2018.03.22-17.21.30:463][ 25]LogModuleManager: Shutting down and abandoning module Paper2D (218)
[2018.03.22-17.21.30:463][ 25]LogModuleManager: Shutting down and abandoning module WindowsMoviePlayer (216)
[2018.03.22-17.21.30:463][ 25]LogModuleManager: Shutting down and abandoning module WmfMedia (214)
[2018.03.22-17.21.30:463][ 25]LogModuleManager: Shutting down and abandoning module ClothingSystemEditor (212)
[2018.03.22-17.21.30:463][ 25]LogModuleManager: Shutting down and abandoning module ClothingSystemRuntime (210)
[2018.03.22-17.21.30:463][ 25]LogModuleManager: Shutting down and abandoning module MediaAssets (208)
[2018.03.22-17.21.30:463][ 25]LogModuleManager: Shutting down and abandoning module GameLiveStreaming (206)
[2018.03.22-17.21.30:464][ 25]LogModuleManager: Shutting down and abandoning module VREditor (204)
[2018.03.22-17.21.30:464][ 25]LogModuleManager: Shutting down and abandoning module StringTableEditor (202)
[2018.03.22-17.21.30:464][ 25]LogModuleManager: Shutting down and abandoning module GameplayTasksEditor (200)
[2018.03.22-17.21.30:464][ 25]LogModuleManager: Shutting down and abandoning module BehaviorTreeEditor (198)
[2018.03.22-17.21.30:464][ 25]LogModuleManager: Shutting down and abandoning module FunctionalTesting (196)
[2018.03.22-17.21.30:464][ 25]LogModuleManager: Shutting down and abandoning module CollisionAnalyzer (194)
[2018.03.22-17.21.30:464][ 25]LogModuleManager: Shutting down and abandoning module UMG (192)
[2018.03.22-17.21.30:464][ 25]LogModuleManager: Shutting down and abandoning module UMGEditor (191)
[2018.03.22-17.21.30:464][ 25]LogModuleManager: Shutting down and abandoning module Sequencer (190)
[2018.03.22-17.21.30:473][ 25]LogModuleManager: Shutting down and abandoning module AssetTools (188)
[2018.03.22-17.21.30:474][ 25]LogModuleManager: Shutting down and abandoning module MessageLog (187)
[2018.03.22-17.21.30:474][ 25]LogModuleManager: Shutting down and abandoning module WorkspaceMenuStructure (186)
[2018.03.22-17.21.30:474][ 25]LogModuleManager: Shutting down and abandoning module SlateReflector (180)
[2018.03.22-17.21.30:474][ 25]LogModuleManager: Shutting down and abandoning module Slate (178)
[2018.03.22-17.21.30:474][ 25]LogModuleManager: Shutting down and abandoning module EditorStyle (176)
[2018.03.22-17.21.30:480][ 25]LogModuleManager: Shutting down and abandoning module SourceCodeAccess (174)
[2018.03.22-17.21.30:480][ 25]LogModuleManager: Shutting down and abandoning module HeadMountedDisplay (172)
[2018.03.22-17.21.30:480][ 25]LogModuleManager: Shutting down and abandoning module XAudio2 (170)
[2018.03.22-17.21.30:480][ 25]LogModuleManager: Shutting down and abandoning module Networking (168)
[2018.03.22-17.21.30:480][ 25]LogModuleManager: Shutting down and abandoning module Core (164)
[2018.03.22-17.21.30:480][ 25]LogModuleManager: Shutting down and abandoning module AssetRegistry (162)
[2018.03.22-17.21.30:577][ 25]LogDirectoryWatcher: A directory notification for '../../../Engine/Content/' was aborted.
[2018.03.22-17.21.30:577][ 25]LogDirectoryWatcher: A directory notification for '../../../../../../GitHub/Project-Escape-Proyecto-Interdisciplinar-CoCo-School-/proyecto/Project_Escape/Content/' was aborted.
[2018.03.22-17.21.30:577][ 25]LogDirectoryWatcher: A directory notification for '../../../Engine/Plugins/2D/Paper2D/Content/' was aborted.
[2018.03.22-17.21.30:577][ 25]LogDirectoryWatcher: A directory notification for '../../../Engine/Plugins/Runtime/GearVR/Content/' was aborted.
[2018.03.22-17.21.30:583][ 25]LogModuleManager: Shutting down and abandoning module DirectoryWatcher (161)
[2018.03.22-17.21.30:584][ 25]LogModuleManager: Shutting down and abandoning module KismetCompiler (158)
[2018.03.22-17.21.30:584][ 25]LogModuleManager: Shutting down and abandoning module LevelSequence (156)
[2018.03.22-17.21.30:584][ 25]LogModuleManager: Shutting down and abandoning module PhysXFormats (154)
[2018.03.22-17.21.30:584][ 25]LogModuleManager: Shutting down and abandoning module MeshUtilities (152)
[2018.03.22-17.21.30:584][ 25]LogModuleManager: Shutting down and abandoning module SimplygonSwarm (151)
[2018.03.22-17.21.30:584][ 25]LogModuleManager: Shutting down and abandoning module SimplygonMeshReduction (149)
[2018.03.22-17.21.30:584][ 25]LogModuleManager: Shutting down and abandoning module QuadricMeshReduction (147)
[2018.03.22-17.21.30:584][ 25]LogModuleManager: Shutting down and abandoning module DerivedDataCache (144)
[2018.03.22-17.21.30:634][ 25]LogDerivedDataCache: Shutdown
[2018.03.22-17.21.30:634][ 25]LogModuleManager: Shutting down and abandoning module TargetPlatform (142)
[2018.03.22-17.21.30:634][ 25]LogModuleManager: Shutting down and abandoning module VulkanShaderFormat (141)
[2018.03.22-17.21.30:634][ 25]LogModuleManager: Shutting down and abandoning module ShaderFormatVectorVM (139)
[2018.03.22-17.21.30:634][ 25]LogModuleManager: Shutting down and abandoning module ShaderFormatOpenGL (137)
[2018.03.22-17.21.30:634][ 25]LogModuleManager: Shutting down and abandoning module ShaderFormatD3D (135)
[2018.03.22-17.21.30:634][ 25]LogModuleManager: Shutting down and abandoning module MetalShaderFormat (133)
[2018.03.22-17.21.30:634][ 25]LogModuleManager: Shutting down and abandoning module TextureFormatUncompressed (131)
[2018.03.22-17.21.30:634][ 25]LogModuleManager: Shutting down and abandoning module TextureFormatPVR (129)
[2018.03.22-17.21.30:634][ 25]LogModuleManager: Shutting down and abandoning module TextureFormatDXT (127)
[2018.03.22-17.21.30:634][ 25]LogModuleManager: Shutting down and abandoning module TextureFormatIntelISPCTexComp (125)
[2018.03.22-17.21.30:634][ 25]LogModuleManager: Shutting down and abandoning module TextureFormatASTC (123)
[2018.03.22-17.21.30:634][ 25]LogModuleManager: Shutting down and abandoning module ImageWrapper (122)
[2018.03.22-17.21.30:634][ 25]LogModuleManager: Shutting down and abandoning module TextureFormatAndroid (119)
[2018.03.22-17.21.30:634][ 25]LogModuleManager: Shutting down and abandoning module AudioFormatOpus (117)
[2018.03.22-17.21.30:634][ 25]LogModuleManager: Shutting down and abandoning module AudioFormatOgg (115)
[2018.03.22-17.21.30:634][ 25]LogModuleManager: Shutting down and abandoning module AudioFormatADPCM (113)
[2018.03.22-17.21.30:634][ 25]LogModuleManager: Shutting down and abandoning module LinuxTargetPlatform (111)
[2018.03.22-17.21.30:634][ 25]LogModuleManager: Shutting down and abandoning module LinuxServerTargetPlatform (109)
[2018.03.22-17.21.30:634][ 25]LogModuleManager: Shutting down and abandoning module LinuxNoEditorTargetPlatform (107)
[2018.03.22-17.21.30:634][ 25]LogModuleManager: Shutting down and abandoning module LinuxClientTargetPlatform (105)
[2018.03.22-17.21.30:634][ 25]LogModuleManager: Shutting down and abandoning module TVOSTargetPlatform (103)
[2018.03.22-17.21.30:634][ 25]LogModuleManager: Shutting down and abandoning module Messaging (101)
[2018.03.22-17.21.30:634][ 25]LogModuleManager: Shutting down and abandoning module IOSTargetPlatform (99)
[2018.03.22-17.21.30:634][ 25]LogModuleManager: Shutting down and abandoning module HTML5TargetPlatform (97)
[2018.03.22-17.21.30:634][ 25]LogModuleManager: Shutting down and abandoning module Android_PVRTCTargetPlatform (95)
[2018.03.22-17.21.30:634][ 25]LogModuleManager: Shutting down and abandoning module Android_MultiTargetPlatform (93)
[2018.03.22-17.21.30:634][ 25]LogModuleManager: Shutting down and abandoning module Android_ETC2TargetPlatform (91)
[2018.03.22-17.21.30:634][ 25]LogModuleManager: Shutting down and abandoning module Android_ETC1TargetPlatform (89)
[2018.03.22-17.21.30:634][ 25]LogModuleManager: Shutting down and abandoning module Android_DXTTargetPlatform (87)
[2018.03.22-17.21.30:634][ 25]LogModuleManager: Shutting down and abandoning module Android_ATCTargetPlatform (85)
[2018.03.22-17.21.30:634][ 25]LogModuleManager: Shutting down and abandoning module Android_ASTCTargetPlatform (83)
[2018.03.22-17.21.30:634][ 25]LogModuleManager: Shutting down and abandoning module AndroidTargetPlatform (81)
[2018.03.22-17.21.30:634][ 25]LogModuleManager: Shutting down and abandoning module WindowsTargetPlatform (79)
[2018.03.22-17.21.30:634][ 25]LogModuleManager: Shutting down and abandoning module WindowsServerTargetPlatform (77)
[2018.03.22-17.21.30:634][ 25]LogModuleManager: Shutting down and abandoning module WindowsNoEditorTargetPlatform (75)
[2018.03.22-17.21.30:634][ 25]LogModuleManager: Shutting down and abandoning module WindowsClientTargetPlatform (73)
[2018.03.22-17.21.30:634][ 25]LogModuleManager: Shutting down and abandoning module MacTargetPlatform (71)
[2018.03.22-17.21.30:634][ 25]LogModuleManager: Shutting down and abandoning module MacServerTargetPlatform (69)
[2018.03.22-17.21.30:634][ 25]LogModuleManager: Shutting down and abandoning module MacNoEditorTargetPlatform (67)
[2018.03.22-17.21.30:635][ 25]LogModuleManager: Shutting down and abandoning module MacClientTargetPlatform (65)
[2018.03.22-17.21.30:635][ 25]LogModuleManager: Shutting down and abandoning module AllDesktopTargetPlatform (63)
[2018.03.22-17.21.30:635][ 25]LogModuleManager: Shutting down and abandoning module InputCore (60)
[2018.03.22-17.21.30:635][ 25]LogModuleManager: Shutting down and abandoning module Settings (58)
[2018.03.22-17.21.30:635][ 25]LogModuleManager: Shutting down and abandoning module OculusRift (56)
[2018.03.22-17.21.30:635][ 25]LogModuleManager: Shutting down and abandoning module GearVRController (54)
[2018.03.22-17.21.30:635][ 25]LogModuleManager: Shutting down and abandoning module GearVR (52)
[2018.03.22-17.21.30:635][ 25]LogModuleManager: Shutting down and abandoning module ExampleDeviceProfileSelector (50)
[2018.03.22-17.21.30:635][ 25]LogModuleManager: Shutting down and abandoning module OnlineBlueprintSupport (48)
[2018.03.22-17.21.30:635][ 25]LogModuleManager: Shutting down and abandoning module OnlineSubsystem (44)
[2018.03.22-17.21.30:635][ 25]LogOnline:Display: Unloading online subsystem: NULL
[2018.03.22-17.21.30:635][ 25]LogModuleManager: Shutting down and abandoning module XMPP (43)
[2018.03.22-17.21.30:635][ 25]LogModuleManager: Shutting down and abandoning module HTTP (41)
[2018.03.22-17.21.30:635][ 25]LogHttp:Display: Http module shutting down, but needs to wait on 1 outstanding Http requests:
[2018.03.22-17.21.30:635][ 25]LogHttp:Display: 	verb=[POST] url=[https://datarouter.ol.epicgames.com/datarouter/api/v1/public/data?SessionID=%7BFF0C5C10-4BD5-A8BE-8993-EAA45AD6DC13%7D&AppID=UEEditor.Rocket.Release&AppVersion=4.16.2-3514769%2B%2B%2BUE4%2BRelease-4.16&UserID=eedd91be406e0cd25ea0748277e6e73c%7C7a211806f70b4509a5be2640357744fc%7Caa6de738-987c-4c76-bb80-6cc1d099ea00&AppEnvironment=datacollector-binary&UploadType=eteventstream] status=Processing
[2018.03.22-17.21.30:658][ 25]LogModuleManager: Shutting down and abandoning module SSL (40)
[2018.03.22-17.21.30:660][ 25]LogModuleManager: Shutting down and abandoning module HTTPChunkInstaller (36)
[2018.03.22-17.21.30:660][ 25]LogModuleManager: Shutting down and abandoning module AnimationModifiers (34)
[2018.03.22-17.21.30:660][ 25]LogModuleManager: Shutting down and abandoning module PropertyEditor (33)
[2018.03.22-17.21.30:661][ 25]LogModuleManager: Shutting down and abandoning module AudioEditor (30)
[2018.03.22-17.21.30:661][ 25]LogModuleManager: Shutting down and abandoning module TextureCompressor (28)
[2018.03.22-17.21.30:661][ 25]LogModuleManager: Shutting down and abandoning module ShaderCore (26)
[2018.03.22-17.21.30:661][ 25]LogModuleManager: Shutting down and abandoning module Landscape (24)
[2018.03.22-17.21.30:661][ 25]LogModuleManager: Shutting down and abandoning module SlateRHIRenderer (22)
[2018.03.22-17.21.30:663][ 25]LogModuleManager: Shutting down and abandoning module OpenGLDrv (20)
[2018.03.22-17.21.30:663][ 25]LogModuleManager: Shutting down and abandoning module D3D11RHI (18)
[2018.03.22-17.21.30:663][ 25]LogModuleManager: Shutting down and abandoning module AnimGraphRuntime (16)
[2018.03.22-17.21.30:663][ 25]LogModuleManager: Shutting down and abandoning module Renderer (14)
[2018.03.22-17.21.30:663][ 25]LogModuleManager: Shutting down and abandoning module Engine (12)
[2018.03.22-17.21.30:663][ 25]LogModuleManager: Shutting down and abandoning module CoreUObject (10)
[2018.03.22-17.21.30:663][ 25]LogModuleManager: Shutting down and abandoning module NetworkFile (8)
[2018.03.22-17.21.30:663][ 25]LogModuleManager: Shutting down and abandoning module StreamingFile (6)
[2018.03.22-17.21.30:663][ 25]LogModuleManager: Shutting down and abandoning module SandboxFile (4)
[2018.03.22-17.21.30:663][ 25]LogModuleManager: Shutting down and abandoning module PakFile (2)
[2018.03.22-17.21.30:666][ 25]LogExit: Exiting.
[2018.03.22-17.21.30:704][ 25]Log file closed, 03/22/18 18:21:30
