Log file open, 03/22/18 21:20:26
LogInit:Display: Running engine for game: Project_Escape
LogPlatformFile: Not using cached read wrapper
LogInit:Display: RandInit(-233576644) SRandInit(-233576644).
LogTaskGraph: Started task graph with 5 named threads and 8 total threads with 1 sets of task threads.
LogStats: Stats thread started at 0.080191
LogInit: Using libcurl 7.47.1
LogInit:  - built for x86_64-pc-win32
LogInit:  - supports SSL with OpenSSL/1.0.2g
LogInit:  - supports HTTP deflate (compression) using libz 1.2.8
LogInit:  - other features:
LogInit:      CURL_VERSION_SSL
LogInit:      CURL_VERSION_LIBZ
LogInit:      CURL_VERSION_IPV6
LogInit:      CURL_VERSION_ASYNCHDNS
LogInit:      CURL_VERSION_LARGEFILE
LogInit:      CURL_VERSION_IDN
LogInit:  CurlRequestOptions (configurable via config and command line):
LogInit:  - bVerifyPeer = false  - Libcurl will NOT verify peer certificate
LogInit:  - bUseHttpProxy = false  - Libcurl will NOT use HTTP proxy
LogInit:  - bDontReuseConnections = false  - Libcurl will reuse connections
LogInit:  - CertBundlePath = nullptr  - Libcurl will use whatever was configured at build time.
LogInit: Build: ++UE4+Release-4.16-CL-3514769
LogInit: Engine Version: 4.16.2-3514769+++UE4+Release-4.16
LogInit: Compatible Engine Version: 4.16.0-3452394+++UE4+Release-4.16
LogInit: Net CL: 3452394
LogDevObjectVersion: Number of dev versions registered: 16
LogDevObjectVersion:   Dev-Blueprints (B0D832E4-1F89-4F0D-ACCF-7EB736FD4AA2): 9
LogDevObjectVersion:   Dev-Build (E1C64328-A22C-4D53-A36C-8E866417BD8C): 0
LogDevObjectVersion:   Dev-Core (375EC13C-06E4-48FB-B500-84F0262A717E): 2
LogDevObjectVersion:   Dev-Editor (E4B068ED-F494-42E9-A231-DA0B2E46BB41): 17
LogDevObjectVersion:   Dev-Framework (CFFC743F-43B0-4480-9391-14DF171D2073): 23
LogDevObjectVersion:   Dev-Mobile (B02B49B5-BB20-44E9-A304-32B752E40360): 0
LogDevObjectVersion:   Dev-Networking (A4E4105C-59A1-49B5-A7C5-40C4547EDFEE): 0
LogDevObjectVersion:   Dev-Online (39C831C9-5AE6-47DC-9A44-9C173E1C8E7C): 0
LogDevObjectVersion:   Dev-Physics (78F01B33-EBEA-4F98-B9B4-84EACCB95AA2): 0
LogDevObjectVersion:   Dev-Platform (6631380F-2D4D-43E0-8009-CF276956A95A): 0
LogDevObjectVersion:   Dev-Rendering (12F88B9F-8875-4AFC-A67C-D90C383ABD29): 15
LogDevObjectVersion:   Dev-Sequencer (7B5AE74C-D270-4C10-A958-57980B212A5A): 4
LogDevObjectVersion:   Dev-VR (D7296918-1DD6-4BDD-9DE2-64A83CC13884): 0
LogDevObjectVersion:   Dev-LoadTimes (C2A15278-BFE7-4AFE-6C17-90FF531DF755): 1
LogDevObjectVersion:   Private-Geometry (6EACA3D4-40EC-4CC1-B786-8BED09428FC5): 1
LogDevObjectVersion:   Dev-AnimPhys (29E575DD-E0A3-4627-9D10-D276232CDCEA): 3
LogInit: Compiled (64-bit): Jun 29 2017 02:03:24
LogInit: Compiled with Visual C++: 19.00.24215.01
LogInit: Build Configuration: Development
LogInit: Branch Name: ++UE4+Release-4.16
LogInit: Command line: 
LogInit: Base directory: D:/Program Files (x86)/Epic Games/UE_4.16/Engine/Binaries/Win64/
LogInit: Installed Engine Build: 1
LogInit: Presizing for max 8388607 objects, including 0 objects not considered by GC, pre-allocating 0 bytes for permanent pool.
LogInit: Object subsystem initialized
[2018.03.22-20.20.27:213][  0]LogInit: Selected Device Profile: [Windows]
[2018.03.22-20.20.27:213][  0]LogInit: Applying CVar settings loaded from the selected device profile: [Windows]
[2018.03.22-20.20.27:222][  0]LogInit: Computer: DAVIDMASTERRACE
[2018.03.22-20.20.27:222][  0]LogInit: User: David
[2018.03.22-20.20.27:222][  0]LogInit: CPU Page size=4096, Cores=4
[2018.03.22-20.20.27:222][  0]LogInit: High frequency timer resolution =3.417966 MHz
[2018.03.22-20.20.27:222][  0]LogMemory: Memory total: Physical=15.9GB (16GB approx)
[2018.03.22-20.20.27:222][  0]LogMemory: Platform Memory Stats for Windows
[2018.03.22-20.20.27:222][  0]LogMemory: Process Physical Memory: 270.65 MB used, 270.65 MB peak
[2018.03.22-20.20.27:222][  0]LogMemory: Process Virtual Memory: 258.51 MB used, 258.51 MB peak
[2018.03.22-20.20.27:222][  0]LogMemory: Physical Memory: 6535.79 MB used,  9790.65 MB free, 16326.44 MB total
[2018.03.22-20.20.27:222][  0]LogMemory: Virtual Memory: 615.00 MB used,  9790.65 MB free, 134217728.00 MB total
[2018.03.22-20.20.27:262][  0]LogInit: Overriding language with editor language configuration option (en).
[2018.03.22-20.20.27:262][  0]LogInit: Overriding locale with editor locale configuration option (en).
[2018.03.22-20.20.27:991][  0]LogD3D11RHI: D3D11 adapters:
[2018.03.22-20.20.28:018][  0]LogD3D11RHI:    0. 'NVIDIA GeForce GTX 970' (Feature Level 11_0)
[2018.03.22-20.20.28:018][  0]LogD3D11RHI:       3975/0/8163 MB DedicatedVideo/DedicatedSystem/SharedSystem, Outputs:1, VendorId:0x10de
[2018.03.22-20.20.28:019][  0]LogD3D11RHI:    1. 'Microsoft Basic Render Driver' (Feature Level 11_0)
[2018.03.22-20.20.28:019][  0]LogD3D11RHI:       0/0/256 MB DedicatedVideo/DedicatedSystem/SharedSystem, Outputs:0, VendorId:0x1414
[2018.03.22-20.20.28:019][  0]LogD3D11RHI: Chosen D3D11 Adapter: 0
[2018.03.22-20.20.28:022][  0]LogD3D11RHI: Creating new Direct3DDevice
[2018.03.22-20.20.28:022][  0]LogD3D11RHI:     GPU DeviceId: 0x13c2 (for the marketing name, search the web for "GPU Device Id")
[2018.03.22-20.20.28:022][  0]LogWindows: EnumDisplayDevices:
[2018.03.22-20.20.28:022][  0]LogWindows:    0. 'NVIDIA GeForce GTX 970' (P:1 D:1)
[2018.03.22-20.20.28:022][  0]LogWindows:    1. 'NVIDIA GeForce GTX 970' (P:0 D:0)
[2018.03.22-20.20.28:022][  0]LogWindows:    2. 'NVIDIA GeForce GTX 970' (P:0 D:0)
[2018.03.22-20.20.28:022][  0]LogWindows:    3. 'NVIDIA GeForce GTX 970' (P:0 D:0)
[2018.03.22-20.20.28:022][  0]LogWindows: DebugString: FoundDriverCount:4 
[2018.03.22-20.20.28:022][  0]LogD3D11RHI:     Adapter Name: NVIDIA GeForce GTX 970
[2018.03.22-20.20.28:022][  0]LogD3D11RHI:   Driver Version: 388.13 (internal:23.21.13.8813, unified:388.13)
[2018.03.22-20.20.28:022][  0]LogD3D11RHI:      Driver Date: 10-27-2017
[2018.03.22-20.20.28:022][  0]LogRHI: Texture pool is 1361 MB (70% of 1945 MB)
[2018.03.22-20.20.28:033][  0]LogD3D11RHI: Async texture creation enabled
[2018.03.22-20.20.28:049][  0]LogD3D11RHI: GPU Timing Frequency: 1000.000000 (Debug: 2 2)
[2018.03.22-20.20.28:093][  0]LogShaderCompilers: Guid format shader working directory is -56 characters bigger than the processId version (../../../../../../GitHub/Project-Escape-Proyecto-Interdisciplinar-CoCo-School-/proyecto/Project_Escape/Intermediate/Shaders/WorkingDirectory/3672/).
[2018.03.22-20.20.28:093][  0]LogShaderCompilers: Cleaned the shader compiler working directory 'C:/Users/David/AppData/Local/Temp/UnrealShaderWorkingDir/D98A6A1142946108D57A6EB45C9E3961/'.
[2018.03.22-20.20.28:093][  0]LogShaderCompilers:Display: Using Local Shader Compiler.
[2018.03.22-20.20.28:909][  0]LogTemp:Display: Loaded TP AllDesktopTargetPlatform
[2018.03.22-20.20.28:943][  0]LogTemp:Display: Loaded TP MacClientTargetPlatform
[2018.03.22-20.20.28:978][  0]LogTemp:Display: Loaded TP MacNoEditorTargetPlatform
[2018.03.22-20.20.29:011][  0]LogTemp:Display: Loaded TP MacServerTargetPlatform
[2018.03.22-20.20.29:045][  0]LogTemp:Display: Loaded TP MacTargetPlatform
[2018.03.22-20.20.29:083][  0]LogTemp:Display: Loaded TP WindowsClientTargetPlatform
[2018.03.22-20.20.29:115][  0]LogTemp:Display: Loaded TP WindowsNoEditorTargetPlatform
[2018.03.22-20.20.29:148][  0]LogTemp:Display: Loaded TP WindowsServerTargetPlatform
[2018.03.22-20.20.29:173][  0]LogTemp:Display: Loaded TP WindowsTargetPlatform
[2018.03.22-20.20.29:203][  0]LogTemp:Display: Loaded TP AndroidTargetPlatform
[2018.03.22-20.20.29:232][  0]LogTemp:Display: Loaded TP Android_ASTCTargetPlatform
[2018.03.22-20.20.29:262][  0]LogTemp:Display: Loaded TP Android_ATCTargetPlatform
[2018.03.22-20.20.29:291][  0]LogTemp:Display: Loaded TP Android_DXTTargetPlatform
[2018.03.22-20.20.29:320][  0]LogTemp:Display: Loaded TP Android_ETC1TargetPlatform
[2018.03.22-20.20.29:349][  0]LogTemp:Display: Loaded TP Android_ETC2TargetPlatform
[2018.03.22-20.20.29:407][  0]LogTemp:Display: Loaded TP Android_MultiTargetPlatform
[2018.03.22-20.20.29:407][  0]LogTemp:Display: Loaded TP Android_PVRTCTargetPlatform
[2018.03.22-20.20.29:428][  0]LogTemp:Display: Loaded TP HTML5TargetPlatform
[2018.03.22-20.20.29:492][  0]LogTemp:Display: Loaded TP IOSTargetPlatform
[2018.03.22-20.20.29:510][  0]LogTemp:Display: Loaded TP TVOSTargetPlatform
[2018.03.22-20.20.29:539][  0]LogTemp:Display: Loaded TP LinuxClientTargetPlatform
[2018.03.22-20.20.29:568][  0]LogTemp:Display: Loaded TP LinuxNoEditorTargetPlatform
[2018.03.22-20.20.29:598][  0]LogTemp:Display: Loaded TP LinuxServerTargetPlatform
[2018.03.22-20.20.29:627][  0]LogTemp:Display: Loaded TP LinuxTargetPlatform
[2018.03.22-20.20.29:627][  0]LogTargetPlatformManager:Display: Building Assets For Windows
[2018.03.22-20.20.29:890][  0]LogDerivedDataCache:Display: Max Cache Size: 512 MB
[2018.03.22-20.20.29:975][  0]LogDerivedDataCache: Loaded boot cache 0.08s 90MB C:/Users/David/AppData/Local/UnrealEngine/4.16/DerivedDataCache/Boot.ddc.
[2018.03.22-20.20.29:975][  0]LogDerivedDataCache:Display: Loaded Boot cache: C:/Users/David/AppData/Local/UnrealEngine/4.16/DerivedDataCache/Boot.ddc
[2018.03.22-20.20.29:975][  0]LogDerivedDataCache: FDerivedDataBackendGraph:  Pak pak cache file ../../../../../../GitHub/Project-Escape-Proyecto-Interdisciplinar-CoCo-School-/proyecto/Project_Escape/DerivedDataCache/DDC.ddp not found, will not use a pak cache.
[2018.03.22-20.20.29:975][  0]LogDerivedDataCache: Unable to find inner node Pak for hierarchical cache Hierarchy.
[2018.03.22-20.20.29:975][  0]LogDerivedDataCache: FDerivedDataBackendGraph:  CompressedPak pak cache file ../../../../../../GitHub/Project-Escape-Proyecto-Interdisciplinar-CoCo-School-/proyecto/Project_Escape/DerivedDataCache/Compressed.ddp not found, will not use a pak cache.
[2018.03.22-20.20.29:975][  0]LogDerivedDataCache: Unable to find inner node CompressedPak for hierarchical cache Hierarchy.
[2018.03.22-20.20.29:991][  0]LogDerivedDataCache:Display: Pak cache opened for reading ../../../Engine/DerivedDataCache/Compressed.ddp.
[2018.03.22-20.20.30:003][  0]LogDerivedDataCache: Using Local data cache path C:/Users/David/AppData/Local/UnrealEngine/Common/DerivedDataCache: Writable
[2018.03.22-20.20.30:011][  0]LogMaterial: Verifying Global Shaders for PCD3D_SM5
[2018.03.22-20.20.30:011][  0]LogSlate: Using Freetype 2.6.0
[2018.03.22-20.20.30:012][  0]LogSlate: SlateFontCache - WITH_FREETYPE: 1, WITH_HARFBUZZ: 1
[2018.03.22-20.20.30:012][  0]LogSlate: SlateFontCache - WITH_FREETYPE: 1, WITH_HARFBUZZ: 1
[2018.03.22-20.20.30:264][  0]LogInit: Selected Device Profile: [Windows]
[2018.03.22-20.20.30:325][  0]LogContentStreaming: Texture pool size is 0.00 MB
[2018.03.22-20.20.30:434][  0]LogMeshUtilities: Using QuadricMeshReduction for automatic static mesh reduction
[2018.03.22-20.20.30:458][  0]LogSimplygon: Simplygon DLL not present - disabling.
[2018.03.22-20.20.30:483][  0]LogMeshUtilities: Using SimplygonSwarm for distributed automatic mesh merging
[2018.03.22-20.20.30:483][  0]LogMeshUtilities: No automatic skeletal mesh reduction module available
[2018.03.22-20.20.30:483][  0]LogMeshUtilities: No automatic mesh merging module available
[2018.03.22-20.20.30:857][  0]LogNetVersion: Project_Escape , NetCL: 3452394, EngineNetVer: 2, GameNetVer: 0 (Checksum: 2145197693)
[2018.03.22-20.20.30:905][  0]LogAssetRegistry: FAssetRegistry took 0.0256 seconds to start up
[2018.03.22-20.20.30:928][  0]LogPackageLocalizationCache: Processed 4 localized package path(s) for 1 prioritized culture(s) in 0.011952 seconds
[2018.03.22-20.20.30:933][  0]LogUObjectArray: 34194 objects as part of root set at end of initial load.
[2018.03.22-20.20.30:933][  0]LogUObjectAllocator: 7260424 out of 0 bytes used by permanent object pool.
[2018.03.22-20.20.30:933][  0]LogUObjectArray: CloseDisregardForGC: 0/0 objects in disregard for GC pool
[2018.03.22-20.20.30:966][  0]LogInit: WinSock: version 1.1 (2.2), MaxSocks=32767, MaxUdp=65467
[2018.03.22-20.20.32:545][  0]LogTcpMessaging: Initializing TcpMessaging bridge
[2018.03.22-20.20.32:571][  0]LogUdpMessaging: Initializing bridge on interface 0.0.0.0:0 to multicast group 230.0.0.1:6666.
[2018.03.22-20.20.32:899][  0]LogMaterial: Uniform references updated for custom material expression Custom.
[2018.03.22-20.20.33:126][  0]SourceControl: Info Source control is disabled
[2018.03.22-20.20.33:153][  0]SourceControl: Info Source control is disabled
[2018.03.22-20.20.33:179][  0]SourceControl: Info Source control is disabled
[2018.03.22-20.20.33:203][  0]SourceControl: Info Source control is disabled
[2018.03.22-20.20.33:575][  0]LogAndroidPermission: UAndroidPermissionCallbackProxy::GetInstance
[2018.03.22-20.20.33:904][  0]LogEngine: Initializing Engine...
[2018.03.22-20.20.33:905][  0]LogHMD: Failed to initialize OpenVR with code 110
[2018.03.22-20.20.34:062][  0]LogStats: UGameplayTagsManager::ConstructGameplayTagTree: Construct from data asset -  0.000 s
[2018.03.22-20.20.34:062][  0]LogStats: UGameplayTagsManager::ConstructGameplayTagTree: GameplayTagTreeChangedEvent.Broadcast -  0.000 s
[2018.03.22-20.20.34:132][  0]LogAIModule: Creating AISystem for world Untitled
[2018.03.22-20.20.34:153][  0]LogInit: XAudio2 using 'Speakers (Realtek High Definition Audio)' : 2 channels at 48 kHz using 32 bits per sample (channel mask 0x3)
[2018.03.22-20.20.34:160][  0]LogInit: FAudioDevice initialized.
[2018.03.22-20.20.34:194][  0]LogDerivedDataCache: Saved boot cache 0.03s 90MB C:/Users/David/AppData/Local/UnrealEngine/4.16/DerivedDataCache/Boot.ddc.
[2018.03.22-20.20.34:203][  0]LogInit: Texture streaming: Enabled
[2018.03.22-20.20.34:254][  0]LogEngineSessionManager: EngineSessionManager initialized
[2018.03.22-20.20.34:371][  0]LogInit: Transaction tracking system initialized
[2018.03.22-20.20.34:536][  0]BlueprintLog: New page: Editor Load
[2018.03.22-20.20.35:041][  0]LocalizationService: Info Localization service is disabled
[2018.03.22-20.20.35:414][  0]LogConsoleResponse:Display: 
[2018.03.22-20.20.35:514][  0]LogCook:Display: Max memory allowance for cook 16384mb min free memory 0mb
[2018.03.22-20.20.35:514][  0]LogCook:Display: Mobile HDR setting 1
[2018.03.22-20.20.35:784][  0]LogFileCache: Scanning file cache for directory 'D:/GitHub/Project-Escape-Proyecto-Interdisciplinar-CoCo-School-/proyecto/Project_Escape/Content/' took 0.01s
[2018.03.22-20.20.36:055][  0]SourceControl: Info Source control is disabled
[2018.03.22-20.20.36:055][  0]LightingResults: New page: Lighting Build
[2018.03.22-20.20.36:076][  0]MapCheck: New page: Map Check
[2018.03.22-20.20.36:076][  0]LightingResults: New page: Lighting Build
[2018.03.22-20.20.36:570][  0]LogAIModule: Creating AISystem for world ThirdPersonExampleMap
[2018.03.22-20.20.36:774][  0]LogEditorServer: Finished looking for orphan Actors (0.000 secs)
[2018.03.22-20.20.36:787][  0]Cmd: MAP CHECKDEP NOCLEARLOG
[2018.03.22-20.20.36:826][  0]MapCheck: Info Map check complete: 0 Error(s), 0 Warning(s), took 38.964ms to complete.
[2018.03.22-20.20.36:826][  0]LogFileHelpers: Loading map 'ThirdPersonExampleMap' took 0.771
[2018.03.22-20.20.36:964][  0]LogCollectionManager: Loaded 0 collections in 0.000902 seconds
[2018.03.22-20.20.37:020][  0]LogFileCache: Scanning file cache for directory 'D:/GitHub/Project-Escape-Proyecto-Interdisciplinar-CoCo-School-/proyecto/Project_Escape/Saved/Collections/' took 0.01s
[2018.03.22-20.20.37:020][  0]LogFileCache: Scanning file cache for directory 'D:/GitHub/Project-Escape-Proyecto-Interdisciplinar-CoCo-School-/proyecto/Project_Escape/Content/Developers/David/Collections/' took 0.01s
[2018.03.22-20.20.37:020][  0]LogFileCache: Scanning file cache for directory 'D:/GitHub/Project-Escape-Proyecto-Interdisciplinar-CoCo-School-/proyecto/Project_Escape/Content/Collections/' took 0.01s
[2018.03.22-20.20.37:020][  0]LogCollectionManager: Rebuilt the GUID cache for 0 collections in 0.000001 seconds
[2018.03.22-20.20.37:028][  0]LogContentBrowser: Native class hierarchy populated in 0.0076 seconds. Added 2329 classes and 491 folders.
[2018.03.22-20.20.37:063][  0]LogContentBrowser: Native class hierarchy updated for 'WidgetCarousel' in 0.0004 seconds. Added 0 classes and 0 folders.
[2018.03.22-20.20.37:089][  0]LogContentBrowser: Native class hierarchy updated for 'AddContentDialog' in 0.0005 seconds. Added 0 classes and 0 folders.
[2018.03.22-20.20.37:112][  0]LogContentBrowser: Native class hierarchy updated for 'SceneOutliner' in 0.0005 seconds. Added 1 classes and 2 folders.
[2018.03.22-20.20.37:141][  0]LogContentBrowser: Native class hierarchy updated for 'WorldBrowser' in 0.0005 seconds. Added 1 classes and 3 folders.
[2018.03.22-20.20.37:208][  0]LogCrashTracker: Crashtracker disabled due to settings.
[2018.03.22-20.20.37:211][  0]LogSlate: Took 0.000123 seconds to synchronously load lazily loaded font '../../../Engine/Content/Slate/Fonts/Roboto-Regular.ttf' (155K)
[2018.03.22-20.20.37:214][  0]LogSlate: Took 0.000161 seconds to synchronously load lazily loaded font '../../../Engine/Content/Slate/Fonts/Roboto-Bold.ttf' (160K)
[2018.03.22-20.20.37:217][  0]LogSlate: Took 0.000186 seconds to synchronously load lazily loaded font '../../../Engine/Content/Editor/Slate/Fonts/FontAwesome.ttf' (139K)
[2018.03.22-20.20.37:292][  0]LogRenderer: Reallocating scene render targets to support 1204x572 NumSamples 1 (Frame:1).
[2018.03.22-20.20.37:389][  0]LogSlate: Took 0.000152 seconds to synchronously load lazily loaded font '../../../Engine/Content/Slate/Fonts/Roboto-Light.ttf' (159K)
[2018.03.22-20.20.37:476][  0]LogUObjectGlobals:Warning: Failed to find object 'Class None.'
[2018.03.22-20.20.37:521][  0]LogContentBrowser: Native class hierarchy updated for 'HierarchicalLODOutliner' in 0.0005 seconds. Added 1 classes and 2 folders.
[2018.03.22-20.20.37:521][  0]LogLoad: (Engine Initialization) Total time: 11.38 seconds
[2018.03.22-20.20.37:521][  0]LogLoad: (Engine Initialization) Total Blueprint compile time: 0.10 seconds
[2018.03.22-20.20.37:521][  0]LogExternalProfiler: Found external profiler: VSPerf
[2018.03.22-20.20.37:521][  0]LogExternalProfiler: Using external profiler: VSPerf
[2018.03.22-20.20.37:862][  0]LogOcInput: OculusInput pre-init called
[2018.03.22-20.20.37:862][  0]LogHMD: Starting GearVRController plugin
[2018.03.22-20.20.37:907][  0]LogContentStreaming: Texture pool size now 1000 MB
[2018.03.22-20.20.38:207][  1]LogAssetRegistry: Asset discovery search completed in 7.3249 seconds
[2018.03.22-20.20.38:209][  1]LogCollectionManager: Rebuilt the object cache for 0 collections in 0.000000 seconds (found 0 objects)
[2018.03.22-20.20.38:209][  1]LogCollectionManager: Fixed up redirectors for 0 collections in 0.000026 seconds (updated 0 objects)
[2018.03.22-20.21.17:413][ 10]LogEditorViewport: Clicking on Actor (LMB): antorcha_C (antorcha31)
[2018.03.22-20.21.18:344][ 94]LogEditorViewport: Clicking on Actor (CTRL LMB): SphereReflectionCapture (SphereReflectionCapture22)
[2018.03.22-20.21.19:226][174]LogEditorViewport: Clicking on Actor (CTRL LMB): antorcha_C (antorcha30)
[2018.03.22-20.21.28:736][153]Cmd: TRANSACTION UNDO
[2018.03.22-20.21.28:736][153]LogEditorTransaction: Undo Marquee Select
[2018.03.22-20.21.28:793][153]LogSlate: Took 0.000159 seconds to synchronously load lazily loaded font '../../../Engine/Content/Slate/Fonts/Roboto-Light.ttf' (159K)
[2018.03.22-20.21.39:984][ 97]LogEditorViewport: Clicking on Actor (LMB): StaticMeshActor (roca116)
[2018.03.22-20.21.41:163][200]LogEditorViewport: Clicking on Actor (LMB): antorcha_C (antorcha35)
[2018.03.22-20.21.44:551][482]LogEditorViewport: Clicking on Actor (LMB): StaticMeshActor (roca132)
[2018.03.22-20.21.45:226][540]LogEditorViewport: Clicking on Actor (LMB): antorcha_C (antorcha34)
[2018.03.22-20.21.48:481][805]LogEditorViewport: Clicking on Actor (LMB): SphereReflectionCapture (SphereReflectionCapture23)
[2018.03.22-20.21.53:301][228]LogEditorViewport: Clicking on Actor (LMB): antorcha_C (antorcha36)
[2018.03.22-20.21.57:568][648]LogEditorViewport: Clicking on Actor (LMB): antorcha_C (antorcha37)
[2018.03.22-20.22.15:163][181]LogEditorViewport: Clicking on Actor (LMB): SphereReflectionCapture (SphereReflectionCapture24)
[2018.03.22-20.22.19:632][588]LogEditorViewport: Clicking on Actor (LMB): antorcha_C (antorcha36)
[2018.03.22-20.22.31:011][772]LogEditorViewport: Clicking on Actor (LMB): antorcha_C (antorcha37)
[2018.03.22-20.22.38:336][319]LogEditorViewport: Clicking on Actor (LMB): SphereReflectionCapture (SphereReflectionCapture24)
[2018.03.22-20.22.50:608][439]Cmd: TRANSACTION UNDO
[2018.03.22-20.22.50:608][439]LogEditorTransaction: Undo Move Actors
[2018.03.22-20.22.52:090][578]Cmd: TRANSACTION UNDO
[2018.03.22-20.22.52:090][578]LogEditorTransaction: Undo Move Actors
[2018.03.22-20.23.41:476][303]LogEditorViewport: Clicking on Actor (LMB): antorcha_C (antorcha38)
[2018.03.22-20.24.03:391][575]LogEditorViewport: Clicking on Actor (LMB): antorcha_C (antorcha39)
[2018.03.22-20.25.14:986][ 79]LogEditorViewport: Clicking on Actor (LMB): StaticMeshActor (roca175)
[2018.03.22-20.25.15:533][130]LogEditorViewport: Clicking on Actor (LMB): StaticMeshActor (roca175)
[2018.03.22-20.25.16:015][177]LogEditorViewport: Clicking on Actor (LMB): antorcha_C (antorcha40)
[2018.03.22-20.26.32:514][ 46]LogEditorViewport: Clicking on Actor (LMB): antorcha_C (antorcha42)
[2018.03.22-20.26.58:147][881]Cmd: TRANSACTION UNDO
[2018.03.22-20.26.58:147][881]LogEditorTransaction: Undo Move Actors
[2018.03.22-20.27.00:517][ 45]LogEditorActor: Deleted Actor: antorcha_C
[2018.03.22-20.27.00:552][ 45]LogEditorActor: Deleted 1 Actors (0.037 secs)
[2018.03.22-20.27.56:327][471]LogEditorActor: Deleted Actor: StaticMeshActor
[2018.03.22-20.27.56:338][471]LogEditorActor: Deleted 1 Actors (0.013 secs)
[2018.03.22-20.28.53:863][682]LogMaterial: Missing cached shader map for material Material_0, compiling. 
[2018.03.22-20.28.53:951][683]LogMaterial: Missing cached shader map for material Material_1, compiling. 
[2018.03.22-20.28.58:527][ 41]LogSlate: Took 0.000127 seconds to synchronously load lazily loaded font '../../../Engine/Content/Slate/Fonts/Roboto-Light.ttf' (159K)
[2018.03.22-20.28.58:944][ 41]LogContentBrowser: Native class hierarchy updated for 'BlueprintGraph' in 0.0009 seconds. Added 112 classes and 0 folders.
[2018.03.22-20.28.59:448][ 41]LogSlate: Took 0.000129 seconds to synchronously load lazily loaded font '../../../Engine/Content/Slate/Fonts/Roboto-Regular.ttf' (155K)
[2018.03.22-20.28.59:552][ 41]LogSlate: Took 0.000137 seconds to synchronously load lazily loaded font '../../../Engine/Content/Editor/Slate/Fonts/Roboto-BoldCondensed.ttf' (158K)
[2018.03.22-20.28.59:630][ 42]LogSlate: Took 0.000135 seconds to synchronously load lazily loaded font '../../../Engine/Content/Editor/Slate/Fonts/Roboto-Italic.ttf' (157K)
[2018.03.22-20.29.11:134][ 12]LogEditorActor: Deleted Actor: BP_LightStudio_C
[2018.03.22-20.29.11:162][ 12]LogEditorActor: Deleted 1 Actors (0.030 secs)
[2018.03.22-20.29.21:716][702]LogActorFactory: Actor Factory created Skybox
[2018.03.22-20.29.22:498][785]LogActorFactory: Actor Factory created Skybox
[2018.03.22-20.29.24:557][963]LogActorFactory: Actor Factory created Skybox
[2018.03.22-20.29.27:202][228]LogEditorViewport: Clicking on Actor (context menu): StaticMeshActor (Skybox)
[2018.03.22-20.29.28:028][322]LogEditorViewport: Clicking on Actor (LMB): StaticMeshActor (Skybox)
[2018.03.22-20.30.03:499][736]LogEditorViewport: Clicking on Actor (LMB): antorcha_C (antorcha39)
[2018.03.22-20.30.11:417][344]Cmd: DELETE
[2018.03.22-20.30.11:417][344]Cmd: ACTOR DELETE
[2018.03.22-20.30.11:419][344]LogEditorActor: Deleted Actor: antorcha_C
[2018.03.22-20.30.11:431][344]LogEditorActor: Deleted 1 Actors (0.014 secs)
[2018.03.22-20.30.27:185][988]LogEditorViewport: Clicking on Actor (LMB): antorcha_C (antorcha37)
[2018.03.22-20.30.28:255][ 68]LogEditorViewport: Clicking on Actor (CTRL LMB): antorcha_C (antorcha39)
[2018.03.22-20.30.30:926][264]LogEditorViewport: Clicking on Actor (CTRL LMB): SphereReflectionCapture (SphereReflectionCapture24)
[2018.03.22-20.31.57:161][203]LogEditorViewport: Clicking on Actor (LMB): SphereReflectionCapture (SphereReflectionCapture26)
[2018.03.22-20.32.43:434][777]LogEditorViewport: Clicking on Actor (LMB): StaticMeshActor (roca230)
[2018.03.22-20.32.44:299][847]LogEditorViewport: Clicking on Actor (LMB): StaticMeshActor (roca230)
[2018.03.22-20.32.44:761][899]LogEditorViewport: Clicking on Actor (LMB): StaticMeshActor (roca230)
[2018.03.22-20.32.56:478][163]LogEditorViewport: Clicking on Actor (LMB): antorcha_C (antorcha45)
[2018.03.22-20.33.25:445][ 39]LogEditorViewport: Clicking on Actor (LMB): StaticMeshActor (roca225)
[2018.03.22-20.33.27:838][198]LogEditorViewport: Clicking on Actor (LMB): antorcha_C (antorcha45)
[2018.03.22-20.33.39:111][126]LogEditorViewport: Clicking on Actor (LMB): antorcha_C (antorcha47)
[2018.03.22-20.33.44:662][632]LogEditorViewport: Clicking on Actor (LMB): StaticMeshActor (roca218)
[2018.03.22-20.33.46:702][838]LogEditorViewport: Clicking on Actor (LMB): antorcha_C (antorcha49)
[2018.03.22-20.33.53:485][432]LogEditorViewport: Clicking on Actor (LMB): SphereReflectionCapture (SphereReflectionCapture26)
[2018.03.22-20.34.14:522][797]MapCheck: New page: Map Check
[2018.03.22-20.34.14:545][797]Cmd: MAP REBUILD ALLVISIBLE
[2018.03.22-20.34.14:547][797]LogEditorServer: Rebuildmap Clear paths rebuilt
[2018.03.22-20.34.15:002][797]LightingResults: New page: Lighting Build - Mar 22, 2018, 10:34:15 PM
[2018.03.22-20.34.15:038][797]LogSwarmInterface: [OpenConnection] Registering TCP channel ...
[2018.03.22-20.34.15:076][797]LogSwarmInterface: [OpenConnection] Connecting to agent ...
[2018.03.22-20.34.15:084][797]LogSwarmInterface: [TryOpenConnection] Testing the Agent
[2018.03.22-20.34.15:589][797]LogSwarmInterface: [TryOpenConnection] Opening Connection to Agent
[2018.03.22-20.34.15:589][797]LogSwarmInterface: [TryOpenConnection] Local Process ID is 3672
[2018.03.22-20.34.19:908][797]LogStaticLightingSystem: Running Lightmass w/ ImmediateImport mode ENABLED
[2018.03.22-20.34.19:908][797]LogStaticLightingSystem: Running Lightmass w/ ImmediateProcess mode ENABLED
[2018.03.22-20.34.19:908][797]LogStaticLightingSystem: Running Lightmass w/ Sorting mode ENABLED
[2018.03.22-20.34.19:908][797]LogStaticLightingSystem: Running Lightmass w/ Mapping paddings ENABLED
[2018.03.22-20.34.19:908][797]LogStaticLightingSystem: Running Lightmass w/ Mapping debug paddings DISABLED
[2018.03.22-20.34.20:145][797]LogEditorBuildUtils: Build time 0:05
[2018.03.22-20.34.20:156][797]LogMaterial: Missing cached shader map for material FLightmassMaterialRenderer M_LightStage_Skybox_HDRI, compiling. 
[2018.03.22-20.34.20:160][797]LogMaterial: Missing cached shader map for material FLightmassMaterialRenderer M_LightStage_Skybox_HDRI, compiling. 
[2018.03.22-20.35.08:211][428]LightingResults:Warning: Warning berbeza Object has overlapping UVs.
[2018.03.22-20.35.08:211][428]LightingResults: Info berbeza Lightmap UV are overlapping by 1.2%. Please adjust content - Enable Error Coloring to visualize.
[2018.03.22-20.35.10:219][434]LightingResults:Warning: Warning Skybox Object has wrapping UVs.
[2018.03.22-20.35.11:543][438]Job is a success!
[2018.03.22-20.35.17:741][439]LogTexture:Display: Building textures: HQ_Lightmap1_1 (AutoDXT, 1024X1024)
[2018.03.22-20.35.17:741][439]LogTexture:Display: Building textures: LQ_Lightmap_1_1 (DXT1, 1024X1024)
[2018.03.22-20.35.17:741][439]LogTexture:Display: Building textures: HQ_Lightmap0_2 (AutoDXT, 1024X1024)
[2018.03.22-20.35.17:741][439]LogTexture:Display: Building textures: LQ_Lightmap_0_2 (DXT1, 1024X1024)
[2018.03.22-20.35.17:741][439]LogTexture:Display: Building textures: HQ_Lightmap0_3 (AutoDXT, 1024X1024)
[2018.03.22-20.35.17:741][439]LogTexture:Display: Building textures: LQ_Lightmap_0_3 (DXT1, 1024X1024)
[2018.03.22-20.35.17:741][439]LogTexture:Display: Building textures: HQ_Lightmap1_4 (AutoDXT, 1024X1024)
[2018.03.22-20.35.17:741][439]LogTexture:Display: Building textures: LQ_Lightmap_1_4 (DXT1, 1024X1024)
[2018.03.22-20.35.17:741][439]LogTexture:Display: Building textures: HQ_Lightmap1_5 (AutoDXT, 512X512)
[2018.03.22-20.35.17:741][439]LogTexture:Display: Building textures: LQ_Lightmap_1_5 (DXT1, 512X512)
[2018.03.22-20.35.17:741][439]LogTexture:Display: Building textures: HQ_Lightmap1_6 (AutoDXT, 512X512)
[2018.03.22-20.35.17:741][439]LogTexture:Display: Building textures: LQ_Lightmap_1_6 (DXT1, 512X512)
[2018.03.22-20.35.17:741][439]LogTexture:Display: Building textures: HQ_Lightmap0_7 (AutoDXT, 1024X1024)
[2018.03.22-20.35.17:741][439]LogTexture:Display: Building textures: LQ_Lightmap_0_7 (DXT1, 1024X1024)
[2018.03.22-20.35.17:741][439]LogTexture:Display: Building textures: HQ_Lightmap0_8 (AutoDXT, 512X512)
[2018.03.22-20.35.17:741][439]LogTexture:Display: Building textures: LQ_Lightmap_0_8 (DXT1, 512X512)
[2018.03.22-20.35.17:741][439]LogTexture:Display: Building textures: HQ_Lightmap0_9 (AutoDXT, 1024X1024)
[2018.03.22-20.35.17:741][439]LogTexture:Display: Building textures: LQ_Lightmap_0_9 (DXT1, 1024X1024)
[2018.03.22-20.35.17:741][439]LogTexture:Display: Building textures: HQ_Lightmap1_10 (AutoDXT, 1024X1024)
[2018.03.22-20.35.17:741][439]LogTexture:Display: Building textures: LQ_Lightmap_1_10 (DXT1, 1024X1024)
[2018.03.22-20.35.17:741][439]LogTexture:Display: Building textures: HQ_Lightmap0_11 (AutoDXT, 64X64)
[2018.03.22-20.35.17:741][439]LogTexture:Display: Building textures: LQ_Lightmap_0_11 (DXT1, 64X64)
[2018.03.22-20.35.18:047][439]LogTexture:Display: Building textures: ShadowMapTexture2D_0 (G8, 512X512)
[2018.03.22-20.35.18:047][439]LogTexture:Display: Building textures: ShadowMapTexture2D_0 (G8, 512X512)
[2018.03.22-20.35.18:047][439]LogTexture:Display: Building textures: ShadowMapTexture2D_1 (G8, 1024X128)
[2018.03.22-20.35.18:047][439]LogTexture:Display: Building textures: ShadowMapTexture2D_2 (G8, 1024X128)
[2018.03.22-20.35.18:047][439]LogTexture:Display: Building textures: ShadowMapTexture2D_0 (BGRA8, 1024X512)
[2018.03.22-20.35.18:047][439]LogTexture:Display: Building textures: ShadowMapTexture2D_1 (G8, 1024X128)
[2018.03.22-20.35.18:047][439]LogTexture:Display: Building textures: ShadowMapTexture2D_1 (BGRA8, 1024X256)
[2018.03.22-20.35.18:047][439]LogTexture:Display: Building textures: ShadowMapTexture2D_1 (BGRA8, 1024X256)
[2018.03.22-20.35.18:047][439]LogTexture:Display: Building textures: ShadowMapTexture2D_6 (G8, 32X32)
[2018.03.22-20.35.18:047][439]LogTexture:Display: Building textures: ShadowMapTexture2D_2 (G8, 1024X128)
[2018.03.22-20.35.18:047][439]LogTexture:Display: Building textures: ShadowMapTexture2D_0 (G8, 1024X1024)
[2018.03.22-20.35.18:088][439]Lightmass on DAVIDMASTERRACE: 56.2 sec total, 4.65 sec importing, 790 ms setup, 4.11 sec photons, 46.7 sec processing, 0 ms extra exporting [1096/1096 mappings]. Threads: 3:06 min total, 1:58 min processing.
[2018.03.22-20.35.18:185][439]LogStaticLightingSystem: Illumination: 1:02 min (5.28 sec encoding lightmaps, 316 ms encoding shadowmaps)
[2018.03.22-20.35.18:185][439]LogStaticLightingSystem: Lightmap texture memory:  15.5 MB (9.5 MB streaming, 6.0 MB non-streaming), 22 textures
[2018.03.22-20.35.18:185][439]LogStaticLightingSystem: Shadowmap texture memory: 8.0 MB (4.7 MB streaming, 3.3 MB non-streaming), 11 textures
[2018.03.22-20.35.18:960][439]DumpUnbuiltLightIteractions
[2018.03.22-20.35.18:960][439]Lights with unbuilt interactions: 0
[2018.03.22-20.35.18:960][439]
[2018.03.22-20.35.18:960][439]Primitives with unbuilt interactions: 0
[2018.03.22-20.35.18:962][440]Cmd: MAP CHECK NOTIFYRESULTS
[2018.03.22-20.35.18:962][440]MapCheck: New page: ThirdPersonExampleMap - Mar 22, 2018, 10:35:18 PM
[2018.03.22-20.35.19:336][440]MapCheck:Warning: Performance Warning RinoSkelet_2 SkeletalMeshActor 'No_SkeletalMesh' casts shadow but has no PhysicsAsset assigned.  The shadow will be low res and inefficient 
[2018.03.22-20.35.19:336][440]MapCheck:Warning: Warning RinoSkelet_2 Skeletal mesh actor has NULL SkeletalMesh property 
[2018.03.22-20.35.19:383][440]MapCheck: Info Map check complete: 0 Error(s), 2 Warning(s), took 420.264ms to complete.
[2018.03.22-20.35.39:006][947]LogTemp: Repeting last play command: Selected Viewport
[2018.03.22-20.35.39:053][947]LogBlueprintUserMessages: Early PlayInEditor Detection: Level '/Game/ThirdPersonBP/Maps/ThirdPersonExampleMap.ThirdPersonExampleMap:PersistentLevel' has LevelScriptBlueprint '/Game/ThirdPersonBP/Maps/ThirdPersonExampleMap.ThirdPersonExampleMap:PersistentLevel.ThirdPersonExampleMap' with GeneratedClass '/Game/ThirdPersonBP/Maps/ThirdPersonExampleMap.ThirdPersonExampleMap_C' with ClassGeneratedBy '/Game/ThirdPersonBP/Maps/ThirdPersonExampleMap.ThirdPersonExampleMap:PersistentLevel.ThirdPersonExampleMap'
[2018.03.22-20.35.39:053][947]LogPlayLevel: PlayLevel: No blueprints needed recompiling
[2018.03.22-20.35.39:054][947]PIE: New page: PIE session: ThirdPersonExampleMap (Mar 22, 2018, 10:35:39 PM)
[2018.03.22-20.35.39:054][947]LogPlayLevel: Creating play world package: /Game/ThirdPersonBP/Maps/UEDPIE_0_ThirdPersonExampleMap
[2018.03.22-20.35.39:070][947]LogPlayLevel: PIE: StaticDuplicateObject took: (0.015994s)
[2018.03.22-20.35.39:070][947]LogAIModule: Creating AISystem for world ThirdPersonExampleMap
[2018.03.22-20.35.39:070][947]LogPlayLevel: PIE: World Init took: (0.000579s)
[2018.03.22-20.35.39:070][947]LogPlayLevel: PIE: Created PIE world by copying editor world from /Game/ThirdPersonBP/Maps/ThirdPersonExampleMap.ThirdPersonExampleMap to /Game/ThirdPersonBP/Maps/UEDPIE_0_ThirdPersonExampleMap.ThirdPersonExampleMap (0.016849s)
[2018.03.22-20.35.39:099][947]LogInit: XAudio2 using 'Speakers (Realtek High Definition Audio)' : 2 channels at 48 kHz using 32 bits per sample (channel mask 0x3)
[2018.03.22-20.35.39:105][947]LogInit: FAudioDevice initialized.
[2018.03.22-20.35.39:147][947]LogLoad: Game class is 'ThirdPersonGameMode_C'
[2018.03.22-20.35.39:158][947]LogWorld: Bringing World /Game/ThirdPersonBP/Maps/UEDPIE_0_ThirdPersonExampleMap.ThirdPersonExampleMap up for play (max tick rate 0) at 2018.03.22-21.35.39
[2018.03.22-20.35.39:160][947]LogWorld: Bringing up level for play took: 0.011431
[2018.03.22-20.35.39:182][947]LogContentBrowser: Native class hierarchy updated for 'MovieSceneCapture' in 0.0005 seconds. Added 11 classes and 0 folders.
[2018.03.22-20.35.39:183][947]LogLevel: ActivateLevel /Game/Levels/UEDPIE_0_Nivel1 1 1 0
[2018.03.22-20.35.39:183][947]PIE: Info Play in editor start time for /Game/ThirdPersonBP/Maps/UEDPIE_0_ThirdPersonExampleMap 0.07
[2018.03.22-20.35.39:184][947]LogBlueprintUserMessages: Late PlayInEditor Detection: Level '/Game/ThirdPersonBP/Maps/ThirdPersonExampleMap.ThirdPersonExampleMap:PersistentLevel' has LevelScriptBlueprint '/Game/ThirdPersonBP/Maps/ThirdPersonExampleMap.ThirdPersonExampleMap:PersistentLevel.ThirdPersonExampleMap' with GeneratedClass '/Game/ThirdPersonBP/Maps/ThirdPersonExampleMap.ThirdPersonExampleMap_C' with ClassGeneratedBy '/Game/ThirdPersonBP/Maps/ThirdPersonExampleMap.ThirdPersonExampleMap:PersistentLevel.ThirdPersonExampleMap'
[2018.03.22-20.35.40:821][949]LogLevel: ActivateLevel /Game/Levels/UEDPIE_0_Nivel2 1 1 0
[2018.03.22-20.35.40:861][950]LogLevel: ActivateLevel /Game/Levels/UEDPIE_0_Nivel3 1 1 0
[2018.03.22-20.35.43:169][160]LogBlueprintUserMessages: Early EndPlayMap Detection: Level '/Game/ThirdPersonBP/Maps/ThirdPersonExampleMap.ThirdPersonExampleMap:PersistentLevel' has LevelScriptBlueprint '/Game/ThirdPersonBP/Maps/ThirdPersonExampleMap.ThirdPersonExampleMap:PersistentLevel.ThirdPersonExampleMap' with GeneratedClass '/Game/ThirdPersonBP/Maps/ThirdPersonExampleMap.ThirdPersonExampleMap_C' with ClassGeneratedBy '/Game/ThirdPersonBP/Maps/ThirdPersonExampleMap.ThirdPersonExampleMap:PersistentLevel.ThirdPersonExampleMap'
[2018.03.22-20.35.43:226][160]LogBlueprintUserMessages: Late EndPlayMap Detection: Level '/Game/ThirdPersonBP/Maps/ThirdPersonExampleMap.ThirdPersonExampleMap:PersistentLevel' has LevelScriptBlueprint '/Game/ThirdPersonBP/Maps/ThirdPersonExampleMap.ThirdPersonExampleMap:PersistentLevel.ThirdPersonExampleMap' with GeneratedClass '/Game/ThirdPersonBP/Maps/ThirdPersonExampleMap.ThirdPersonExampleMap_C' with ClassGeneratedBy '/Game/ThirdPersonBP/Maps/ThirdPersonExampleMap.ThirdPersonExampleMap:PersistentLevel.ThirdPersonExampleMap'
[2018.03.22-20.35.46:824][461]LogEditorViewport: Clicking on Actor (LMB): Rinho_C (Rinho)
[2018.03.22-20.35.49:866][639]LogEditorViewport: Clicking on Actor (LMB): StaticMeshActor (rinho2)
[2018.03.22-20.35.50:509][700]Cmd: DELETE
[2018.03.22-20.35.50:509][700]Cmd: ACTOR DELETE
[2018.03.22-20.35.50:511][700]LogEditorActor: Deleted Actor: StaticMeshActor
[2018.03.22-20.35.50:524][700]LogEditorActor: Deleted 1 Actors (0.015 secs)
[2018.03.22-20.35.51:232][778]LogEditorViewport: Clicking on Actor (LMB): Rinho_C (Rinho)
[2018.03.22-20.36.00:941][345]LogTemp: Repeting last play command: Selected Viewport
[2018.03.22-20.36.00:961][345]LogBlueprintUserMessages: Early PlayInEditor Detection: Level '/Game/ThirdPersonBP/Maps/ThirdPersonExampleMap.ThirdPersonExampleMap:PersistentLevel' has LevelScriptBlueprint '/Game/ThirdPersonBP/Maps/ThirdPersonExampleMap.ThirdPersonExampleMap:PersistentLevel.ThirdPersonExampleMap' with GeneratedClass '/Game/ThirdPersonBP/Maps/ThirdPersonExampleMap.ThirdPersonExampleMap_C' with ClassGeneratedBy '/Game/ThirdPersonBP/Maps/ThirdPersonExampleMap.ThirdPersonExampleMap:PersistentLevel.ThirdPersonExampleMap'
[2018.03.22-20.36.00:961][345]LogPlayLevel: PlayLevel: No blueprints needed recompiling
[2018.03.22-20.36.00:961][345]PIE: New page: PIE session: ThirdPersonExampleMap (Mar 22, 2018, 10:36:00 PM)
[2018.03.22-20.36.00:961][345]LogPlayLevel: Creating play world package: /Game/ThirdPersonBP/Maps/UEDPIE_0_ThirdPersonExampleMap
[2018.03.22-20.36.00:977][345]LogPlayLevel: PIE: StaticDuplicateObject took: (0.015808s)
[2018.03.22-20.36.00:977][345]LogAIModule: Creating AISystem for world ThirdPersonExampleMap
[2018.03.22-20.36.00:977][345]LogPlayLevel: PIE: World Init took: (0.000498s)
[2018.03.22-20.36.00:977][345]LogPlayLevel: PIE: Created PIE world by copying editor world from /Game/ThirdPersonBP/Maps/ThirdPersonExampleMap.ThirdPersonExampleMap to /Game/ThirdPersonBP/Maps/UEDPIE_0_ThirdPersonExampleMap.ThirdPersonExampleMap (0.016547s)
[2018.03.22-20.36.01:033][345]LogInit: XAudio2 using 'Speakers (Realtek High Definition Audio)' : 2 channels at 48 kHz using 32 bits per sample (channel mask 0x3)
[2018.03.22-20.36.01:038][345]LogInit: FAudioDevice initialized.
[2018.03.22-20.36.01:071][345]LogLoad: Game class is 'ThirdPersonGameMode_C'
[2018.03.22-20.36.01:081][345]LogWorld: Bringing World /Game/ThirdPersonBP/Maps/UEDPIE_0_ThirdPersonExampleMap.ThirdPersonExampleMap up for play (max tick rate 0) at 2018.03.22-21.36.01
[2018.03.22-20.36.01:083][345]LogWorld: Bringing up level for play took: 0.010988
[2018.03.22-20.36.01:084][345]LogLevel: ActivateLevel /Game/Levels/UEDPIE_0_Nivel1 1 1 0
[2018.03.22-20.36.01:084][345]PIE: Info Play in editor start time for /Game/ThirdPersonBP/Maps/UEDPIE_0_ThirdPersonExampleMap -0.03
[2018.03.22-20.36.01:084][345]LogBlueprintUserMessages: Late PlayInEditor Detection: Level '/Game/ThirdPersonBP/Maps/ThirdPersonExampleMap.ThirdPersonExampleMap:PersistentLevel' has LevelScriptBlueprint '/Game/ThirdPersonBP/Maps/ThirdPersonExampleMap.ThirdPersonExampleMap:PersistentLevel.ThirdPersonExampleMap' with GeneratedClass '/Game/ThirdPersonBP/Maps/ThirdPersonExampleMap.ThirdPersonExampleMap_C' with ClassGeneratedBy '/Game/ThirdPersonBP/Maps/ThirdPersonExampleMap.ThirdPersonExampleMap:PersistentLevel.ThirdPersonExampleMap'
[2018.03.22-20.36.02:705][347]LogLevel: ActivateLevel /Game/Levels/UEDPIE_0_Nivel2 1 1 0
[2018.03.22-20.36.02:749][348]LogLevel: ActivateLevel /Game/Levels/UEDPIE_0_Nivel3 1 1 0
[2018.03.22-20.36.06:527][664]LogBlueprintUserMessages: Early EndPlayMap Detection: Level '/Game/ThirdPersonBP/Maps/ThirdPersonExampleMap.ThirdPersonExampleMap:PersistentLevel' has LevelScriptBlueprint '/Game/ThirdPersonBP/Maps/ThirdPersonExampleMap.ThirdPersonExampleMap:PersistentLevel.ThirdPersonExampleMap' with GeneratedClass '/Game/ThirdPersonBP/Maps/ThirdPersonExampleMap.ThirdPersonExampleMap_C' with ClassGeneratedBy '/Game/ThirdPersonBP/Maps/ThirdPersonExampleMap.ThirdPersonExampleMap:PersistentLevel.ThirdPersonExampleMap'
[2018.03.22-20.36.06:605][664]LogBlueprintUserMessages: Late EndPlayMap Detection: Level '/Game/ThirdPersonBP/Maps/ThirdPersonExampleMap.ThirdPersonExampleMap:PersistentLevel' has LevelScriptBlueprint '/Game/ThirdPersonBP/Maps/ThirdPersonExampleMap.ThirdPersonExampleMap:PersistentLevel.ThirdPersonExampleMap' with GeneratedClass '/Game/ThirdPersonBP/Maps/ThirdPersonExampleMap.ThirdPersonExampleMap_C' with ClassGeneratedBy '/Game/ThirdPersonBP/Maps/ThirdPersonExampleMap.ThirdPersonExampleMap:PersistentLevel.ThirdPersonExampleMap'
[2018.03.22-20.36.09:262][794]LogEditorViewport: Clicking on Actor (LMB): StaticMeshActor (Skybox)
[2018.03.22-20.36.21:252][674]LogTemp: Repeting last play command: Selected Viewport
[2018.03.22-20.36.21:271][674]LogBlueprintUserMessages: Early PlayInEditor Detection: Level '/Game/ThirdPersonBP/Maps/ThirdPersonExampleMap.ThirdPersonExampleMap:PersistentLevel' has LevelScriptBlueprint '/Game/ThirdPersonBP/Maps/ThirdPersonExampleMap.ThirdPersonExampleMap:PersistentLevel.ThirdPersonExampleMap' with GeneratedClass '/Game/ThirdPersonBP/Maps/ThirdPersonExampleMap.ThirdPersonExampleMap_C' with ClassGeneratedBy '/Game/ThirdPersonBP/Maps/ThirdPersonExampleMap.ThirdPersonExampleMap:PersistentLevel.ThirdPersonExampleMap'
[2018.03.22-20.36.21:271][674]LogPlayLevel: PlayLevel: No blueprints needed recompiling
[2018.03.22-20.36.21:271][674]PIE: New page: PIE session: ThirdPersonExampleMap (Mar 22, 2018, 10:36:21 PM)
[2018.03.22-20.36.21:271][674]LogPlayLevel: Creating play world package: /Game/ThirdPersonBP/Maps/UEDPIE_0_ThirdPersonExampleMap
[2018.03.22-20.36.21:287][674]LogPlayLevel: PIE: StaticDuplicateObject took: (0.015535s)
[2018.03.22-20.36.21:287][674]LogAIModule: Creating AISystem for world ThirdPersonExampleMap
[2018.03.22-20.36.21:287][674]LogPlayLevel: PIE: World Init took: (0.000449s)
[2018.03.22-20.36.21:287][674]LogPlayLevel: PIE: Created PIE world by copying editor world from /Game/ThirdPersonBP/Maps/ThirdPersonExampleMap.ThirdPersonExampleMap to /Game/ThirdPersonBP/Maps/UEDPIE_0_ThirdPersonExampleMap.ThirdPersonExampleMap (0.016220s)
[2018.03.22-20.36.21:317][674]LogInit: XAudio2 using 'Speakers (Realtek High Definition Audio)' : 2 channels at 48 kHz using 32 bits per sample (channel mask 0x3)
[2018.03.22-20.36.21:322][674]LogInit: FAudioDevice initialized.
[2018.03.22-20.36.21:352][674]LogLoad: Game class is 'ThirdPersonGameMode_C'
[2018.03.22-20.36.21:362][674]LogWorld: Bringing World /Game/ThirdPersonBP/Maps/UEDPIE_0_ThirdPersonExampleMap.ThirdPersonExampleMap up for play (max tick rate 0) at 2018.03.22-21.36.21
[2018.03.22-20.36.21:364][674]LogWorld: Bringing up level for play took: 0.011122
[2018.03.22-20.36.21:365][674]LogLevel: ActivateLevel /Game/Levels/UEDPIE_0_Nivel1 1 1 0
[2018.03.22-20.36.21:365][674]PIE: Info Play in editor start time for /Game/ThirdPersonBP/Maps/UEDPIE_0_ThirdPersonExampleMap 0.252
[2018.03.22-20.36.21:365][674]LogBlueprintUserMessages: Late PlayInEditor Detection: Level '/Game/ThirdPersonBP/Maps/ThirdPersonExampleMap.ThirdPersonExampleMap:PersistentLevel' has LevelScriptBlueprint '/Game/ThirdPersonBP/Maps/ThirdPersonExampleMap.ThirdPersonExampleMap:PersistentLevel.ThirdPersonExampleMap' with GeneratedClass '/Game/ThirdPersonBP/Maps/ThirdPersonExampleMap.ThirdPersonExampleMap_C' with ClassGeneratedBy '/Game/ThirdPersonBP/Maps/ThirdPersonExampleMap.ThirdPersonExampleMap:PersistentLevel.ThirdPersonExampleMap'
[2018.03.22-20.36.22:974][676]LogLevel: ActivateLevel /Game/Levels/UEDPIE_0_Nivel2 1 1 0
[2018.03.22-20.36.23:024][677]LogLevel: ActivateLevel /Game/Levels/UEDPIE_0_Nivel3 1 1 0
[2018.03.22-20.37.07:497][745]LogCharacterMovement: Rinho_743 is stuck and failed to move! Velocity: X=2.50 Y=-18.99 Z=0.00 Location: X=6404.95 Y=3293.28 Z=339.40 Normal: X=0.99 Y=-0.10 Z=-0.07 PenetrationDepth:0.000 Actor:roca179 Component:StaticMeshComponent0 BoneName:None (0 other events since notify)
[2018.03.22-20.37.44:058][773]LogBlueprintUserMessages: Early EndPlayMap Detection: Level '/Game/ThirdPersonBP/Maps/ThirdPersonExampleMap.ThirdPersonExampleMap:PersistentLevel' has LevelScriptBlueprint '/Game/ThirdPersonBP/Maps/ThirdPersonExampleMap.ThirdPersonExampleMap:PersistentLevel.ThirdPersonExampleMap' with GeneratedClass '/Game/ThirdPersonBP/Maps/ThirdPersonExampleMap.ThirdPersonExampleMap_C' with ClassGeneratedBy '/Game/ThirdPersonBP/Maps/ThirdPersonExampleMap.ThirdPersonExampleMap:PersistentLevel.ThirdPersonExampleMap'
[2018.03.22-20.37.44:109][773]LogBlueprintUserMessages: Late EndPlayMap Detection: Level '/Game/ThirdPersonBP/Maps/ThirdPersonExampleMap.ThirdPersonExampleMap:PersistentLevel' has LevelScriptBlueprint '/Game/ThirdPersonBP/Maps/ThirdPersonExampleMap.ThirdPersonExampleMap:PersistentLevel.ThirdPersonExampleMap' with GeneratedClass '/Game/ThirdPersonBP/Maps/ThirdPersonExampleMap.ThirdPersonExampleMap_C' with ClassGeneratedBy '/Game/ThirdPersonBP/Maps/ThirdPersonExampleMap.ThirdPersonExampleMap:PersistentLevel.ThirdPersonExampleMap'
[2018.03.22-20.37.49:129][231]LogEditorViewport: Clicking on Actor (LMB): StaticMeshActor (roca205)
[2018.03.22-20.38.00:531][498]MapCheck: New page: Map Check
[2018.03.22-20.38.00:544][498]Cmd: MAP REBUILD ALLVISIBLE
[2018.03.22-20.38.00:544][498]LogEditorServer: Rebuildmap Clear paths rebuilt
[2018.03.22-20.38.01:025][498]LightingResults: New page: Lighting Build - Mar 22, 2018, 10:38:01 PM
[2018.03.22-20.38.01:036][498]LogSwarmInterface: [OpenConnection] Registering TCP channel ...
[2018.03.22-20.38.01:036][498]LogSwarmInterface: [OpenConnection] Connecting to agent ...
[2018.03.22-20.38.01:036][498]LogSwarmInterface: [TryOpenConnection] Testing the Agent
[2018.03.22-20.38.01:037][498]LogSwarmInterface: [TryOpenConnection] Opening Connection to Agent
[2018.03.22-20.38.01:037][498]LogSwarmInterface: [TryOpenConnection] Local Process ID is 3672
[2018.03.22-20.38.05:553][498]LogStaticLightingSystem: Running Lightmass w/ ImmediateImport mode ENABLED
[2018.03.22-20.38.05:553][498]LogStaticLightingSystem: Running Lightmass w/ ImmediateProcess mode ENABLED
[2018.03.22-20.38.05:553][498]LogStaticLightingSystem: Running Lightmass w/ Sorting mode ENABLED
[2018.03.22-20.38.05:553][498]LogStaticLightingSystem: Running Lightmass w/ Mapping paddings ENABLED
[2018.03.22-20.38.05:553][498]LogStaticLightingSystem: Running Lightmass w/ Mapping debug paddings DISABLED
[2018.03.22-20.38.05:690][498]LogEditorBuildUtils: Build time 0:05
[2018.03.22-20.38.37:053][591]LightingResults:Warning: Warning berbeza Object has overlapping UVs.
[2018.03.22-20.38.37:053][591]LightingResults: Info berbeza Lightmap UV are overlapping by 1.2%. Please adjust content - Enable Error Coloring to visualize.
[2018.03.22-20.38.45:723][617]LightingResults:Warning: Warning Skybox Object has wrapping UVs.
[2018.03.22-20.38.47:388][622]Job is a success!
[2018.03.22-20.38.53:513][623]LogTexture:Display: Building textures: HQ_Lightmap0_1 (AutoDXT, 1024X1024)
[2018.03.22-20.38.53:513][623]LogTexture:Display: Building textures: LQ_Lightmap_0_1 (DXT1, 1024X1024)
[2018.03.22-20.38.53:513][623]LogTexture:Display: Building textures: HQ_Lightmap1_2 (AutoDXT, 1024X1024)
[2018.03.22-20.38.53:513][623]LogTexture:Display: Building textures: LQ_Lightmap_1_2 (DXT1, 1024X1024)
[2018.03.22-20.38.53:513][623]LogTexture:Display: Building textures: HQ_Lightmap1_3 (AutoDXT, 1024X1024)
[2018.03.22-20.38.53:513][623]LogTexture:Display: Building textures: LQ_Lightmap_1_3 (DXT1, 1024X1024)
[2018.03.22-20.38.53:513][623]LogTexture:Display: Building textures: HQ_Lightmap0_4 (AutoDXT, 1024X1024)
[2018.03.22-20.38.53:513][623]LogTexture:Display: Building textures: LQ_Lightmap_0_4 (DXT1, 1024X1024)
[2018.03.22-20.38.53:513][623]LogTexture:Display: Building textures: HQ_Lightmap0_5 (AutoDXT, 512X512)
[2018.03.22-20.38.53:513][623]LogTexture:Display: Building textures: LQ_Lightmap_0_5 (DXT1, 512X512)
[2018.03.22-20.38.53:513][623]LogTexture:Display: Building textures: HQ_Lightmap0_6 (AutoDXT, 512X512)
[2018.03.22-20.38.53:513][623]LogTexture:Display: Building textures: LQ_Lightmap_0_6 (DXT1, 512X512)
[2018.03.22-20.38.53:513][623]LogTexture:Display: Building textures: HQ_Lightmap1_7 (AutoDXT, 1024X1024)
[2018.03.22-20.38.53:513][623]LogTexture:Display: Building textures: LQ_Lightmap_1_7 (DXT1, 1024X1024)
[2018.03.22-20.38.53:513][623]LogTexture:Display: Building textures: HQ_Lightmap1_8 (AutoDXT, 512X512)
[2018.03.22-20.38.53:513][623]LogTexture:Display: Building textures: LQ_Lightmap_1_8 (DXT1, 512X512)
[2018.03.22-20.38.53:513][623]LogTexture:Display: Building textures: HQ_Lightmap1_9 (AutoDXT, 1024X1024)
[2018.03.22-20.38.53:513][623]LogTexture:Display: Building textures: LQ_Lightmap_1_9 (DXT1, 1024X1024)
[2018.03.22-20.38.53:513][623]LogTexture:Display: Building textures: HQ_Lightmap0_10 (AutoDXT, 512X512)
[2018.03.22-20.38.53:513][623]LogTexture:Display: Building textures: LQ_Lightmap_0_10 (DXT1, 512X512)
[2018.03.22-20.38.53:513][623]LogTexture:Display: Building textures: HQ_Lightmap0_11 (AutoDXT, 512X512)
[2018.03.22-20.38.53:513][623]LogTexture:Display: Building textures: LQ_Lightmap_0_11 (DXT1, 512X512)
[2018.03.22-20.38.53:513][623]LogTexture:Display: Building textures: HQ_Lightmap0_12 (AutoDXT, 256X256)
[2018.03.22-20.38.53:513][623]LogTexture:Display: Building textures: LQ_Lightmap_0_12 (DXT1, 256X256)
[2018.03.22-20.38.53:513][623]LogTexture:Display: Building textures: HQ_Lightmap0_13 (AutoDXT, 64X64)
[2018.03.22-20.38.53:513][623]LogTexture:Display: Building textures: LQ_Lightmap_0_13 (DXT1, 64X64)
[2018.03.22-20.38.53:870][623]LogTexture:Display: Building textures: ShadowMapTexture2D_2 (G8, 512X512)
[2018.03.22-20.38.53:870][623]LogTexture:Display: Building textures: ShadowMapTexture2D_2 (G8, 512X512)
[2018.03.22-20.38.53:870][623]LogTexture:Display: Building textures: ShadowMapTexture2D_8 (G8, 1024X128)
[2018.03.22-20.38.53:870][623]LogTexture:Display: Building textures: ShadowMapTexture2D_9 (G8, 1024X128)
[2018.03.22-20.38.53:870][623]LogTexture:Display: Building textures: ShadowMapTexture2D_3 (BGRA8, 1024X512)
[2018.03.22-20.38.53:870][623]LogTexture:Display: Building textures: ShadowMapTexture2D_3 (G8, 1024X128)
[2018.03.22-20.38.53:870][623]LogTexture:Display: Building textures: ShadowMapTexture2D_3 (BGRA8, 1024X256)
[2018.03.22-20.38.53:870][623]LogTexture:Display: Building textures: ShadowMapTexture2D_5 (G8, 1024X128)
[2018.03.22-20.38.53:870][623]LogTexture:Display: Building textures: ShadowMapTexture2D_4 (BGRA8, 1024X256)
[2018.03.22-20.38.53:870][623]LogTexture:Display: Building textures: ShadowMapTexture2D_10 (G8, 32X32)
[2018.03.22-20.38.53:870][623]LogTexture:Display: Building textures: ShadowMapTexture2D_6 (G8, 1024X128)
[2018.03.22-20.38.53:870][623]LogTexture:Display: Building textures: ShadowMapTexture2D_7 (G8, 1024X1024)
[2018.03.22-20.38.53:887][623]Lightmass on DAVIDMASTERRACE: 46.9 sec total, 198 ms importing, 886 ms setup, 4.33 sec photons, 41.5 sec processing, 0 ms extra exporting [1095/1095 mappings]. Threads: 2:46 min total, 1:42 min processing.
[2018.03.22-20.38.53:998][623]LogStaticLightingSystem: Illumination: 52.6 sec (5.20 sec encoding lightmaps, 357 ms encoding shadowmaps)
[2018.03.22-20.38.53:998][623]LogStaticLightingSystem: Lightmap texture memory:  14.6 MB (8.6 MB streaming, 6.0 MB non-streaming), 26 textures
[2018.03.22-20.38.53:998][623]LogStaticLightingSystem: Shadowmap texture memory: 8.2 MB (4.8 MB streaming, 3.3 MB non-streaming), 12 textures
[2018.03.22-20.38.54:616][623]DumpUnbuiltLightIteractions
[2018.03.22-20.38.54:616][623]Lights with unbuilt interactions: 0
[2018.03.22-20.38.54:616][623]
[2018.03.22-20.38.54:616][623]Primitives with unbuilt interactions: 0
[2018.03.22-20.38.54:633][624]Cmd: MAP CHECK NOTIFYRESULTS
[2018.03.22-20.38.54:633][624]MapCheck: New page: ThirdPersonExampleMap - Mar 22, 2018, 10:38:54 PM
[2018.03.22-20.38.54:961][624]MapCheck:Warning: Performance Warning RinoSkelet_2 SkeletalMeshActor 'No_SkeletalMesh' casts shadow but has no PhysicsAsset assigned.  The shadow will be low res and inefficient 
[2018.03.22-20.38.54:961][624]MapCheck:Warning: Warning RinoSkelet_2 Skeletal mesh actor has NULL SkeletalMesh property 
[2018.03.22-20.38.55:009][624]MapCheck: Info Map check complete: 0 Error(s), 2 Warning(s), took 375.607ms to complete.
[2018.03.22-20.44.13:893][634]LogSavePackage: Save=579.85ms
[2018.03.22-20.44.13:893][634]LogSavePackage: Moving '../../../../../../GitHub/Project-Escape-Proyecto-Interdisciplinar-CoCo-School-/proyecto/Project_Escape/Saved/Nivel15C8FE53D4039DCD492A53B8A3B92BE70.tmp' to '../../../../../../GitHub/Project-Escape-Proyecto-Interdisciplinar-CoCo-School-/proyecto/Project_Escape/Content/Levels/Nivel1.umap'
[2018.03.22-20.44.13:896][634]LogSavePackage:Display: Finished SavePackage ../../../../../../GitHub/Project-Escape-Proyecto-Interdisciplinar-CoCo-School-/proyecto/Project_Escape/Content/Levels/Nivel1.umap
[2018.03.22-20.44.13:897][634]LogFileHelpers: Saving map 'Nivel1' took 0.653
[2018.03.22-20.44.14:133][634]LogSavePackage: Save=224.43ms
[2018.03.22-20.44.14:133][634]LogSavePackage: Moving '../../../../../../GitHub/Project-Escape-Proyecto-Interdisciplinar-CoCo-School-/proyecto/Project_Escape/Saved/Nivel1_BuiltData781DFC9047309EEA8C22D6B25B6ADE63.tmp' to '../../../../../../GitHub/Project-Escape-Proyecto-Interdisciplinar-CoCo-School-/proyecto/Project_Escape/Content/Levels/Nivel1_BuiltData.uasset'
[2018.03.22-20.44.14:135][634]LogSavePackage:Display: Finished SavePackage ../../../../../../GitHub/Project-Escape-Proyecto-Interdisciplinar-CoCo-School-/proyecto/Project_Escape/Content/Levels/Nivel1_BuiltData.uasset
[2018.03.22-20.44.14:372][634]LogSavePackage: Save=176.78ms
[2018.03.22-20.44.14:372][634]LogSavePackage: Moving '../../../../../../GitHub/Project-Escape-Proyecto-Interdisciplinar-CoCo-School-/proyecto/Project_Escape/Saved/Nivel26F737520423A2997C52A688A194AA6F5.tmp' to '../../../../../../GitHub/Project-Escape-Proyecto-Interdisciplinar-CoCo-School-/proyecto/Project_Escape/Content/Levels/Nivel2.umap'
[2018.03.22-20.44.14:374][634]LogSavePackage:Display: Finished SavePackage ../../../../../../GitHub/Project-Escape-Proyecto-Interdisciplinar-CoCo-School-/proyecto/Project_Escape/Content/Levels/Nivel2.umap
[2018.03.22-20.44.14:374][634]LogFileHelpers: Saving map 'Nivel2' took 0.238
[2018.03.22-20.44.14:523][634]LogSavePackage: Save=138.57ms
[2018.03.22-20.44.14:523][634]LogSavePackage: Moving '../../../../../../GitHub/Project-Escape-Proyecto-Interdisciplinar-CoCo-School-/proyecto/Project_Escape/Saved/Nivel2_BuiltData61CD3476440CCEF3A1E9E6A268DB3DF1.tmp' to '../../../../../../GitHub/Project-Escape-Proyecto-Interdisciplinar-CoCo-School-/proyecto/Project_Escape/Content/Levels/Nivel2_BuiltData.uasset'
[2018.03.22-20.44.14:525][634]LogSavePackage:Display: Finished SavePackage ../../../../../../GitHub/Project-Escape-Proyecto-Interdisciplinar-CoCo-School-/proyecto/Project_Escape/Content/Levels/Nivel2_BuiltData.uasset
[2018.03.22-20.44.14:662][634]LogSavePackage: Save=74.72ms
[2018.03.22-20.44.14:662][634]LogSavePackage: Moving '../../../../../../GitHub/Project-Escape-Proyecto-Interdisciplinar-CoCo-School-/proyecto/Project_Escape/Saved/Nivel3FE3640D54567D11DB3E5D4891280364C.tmp' to '../../../../../../GitHub/Project-Escape-Proyecto-Interdisciplinar-CoCo-School-/proyecto/Project_Escape/Content/Levels/Nivel3.umap'
[2018.03.22-20.44.14:663][634]LogSavePackage:Display: Finished SavePackage ../../../../../../GitHub/Project-Escape-Proyecto-Interdisciplinar-CoCo-School-/proyecto/Project_Escape/Content/Levels/Nivel3.umap
[2018.03.22-20.44.14:663][634]LogFileHelpers: Saving map 'Nivel3' took 0.136
[2018.03.22-20.44.14:750][634]LogSavePackage: Save=77.15ms
[2018.03.22-20.44.14:750][634]LogSavePackage: Moving '../../../../../../GitHub/Project-Escape-Proyecto-Interdisciplinar-CoCo-School-/proyecto/Project_Escape/Saved/Nivel3_BuiltDataFD191E0843C8C68C6AD20EB7F2CB2B8A.tmp' to '../../../../../../GitHub/Project-Escape-Proyecto-Interdisciplinar-CoCo-School-/proyecto/Project_Escape/Content/Levels/Nivel3_BuiltData.uasset'
[2018.03.22-20.44.14:751][634]LogSavePackage:Display: Finished SavePackage ../../../../../../GitHub/Project-Escape-Proyecto-Interdisciplinar-CoCo-School-/proyecto/Project_Escape/Content/Levels/Nivel3_BuiltData.uasset
[2018.03.22-20.44.17:171][634]LogSavePackage: Save=2347.60ms
[2018.03.22-20.44.17:171][634]LogSavePackage: Moving '../../../../../../GitHub/Project-Escape-Proyecto-Interdisciplinar-CoCo-School-/proyecto/Project_Escape/Saved/ThirdPersonExampleMap85F50AA943B76DFB44E11AB1ED8F8600.tmp' to '../../../../../../GitHub/Project-Escape-Proyecto-Interdisciplinar-CoCo-School-/proyecto/Project_Escape/Content/ThirdPersonBP/Maps/ThirdPersonExampleMap.umap'
[2018.03.22-20.44.17:173][634]LogSavePackage:Display: Finished SavePackage ../../../../../../GitHub/Project-Escape-Proyecto-Interdisciplinar-CoCo-School-/proyecto/Project_Escape/Content/ThirdPersonBP/Maps/ThirdPersonExampleMap.umap
[2018.03.22-20.44.17:206][634]LogFileHelpers: Saving map 'ThirdPersonExampleMap' took 2.453
[2018.03.22-20.44.17:480][634]LogSavePackage: Save=240.51ms
[2018.03.22-20.44.17:480][634]LogSavePackage: Moving '../../../../../../GitHub/Project-Escape-Proyecto-Interdisciplinar-CoCo-School-/proyecto/Project_Escape/Saved/ThirdPersonExampleMap_BuiltData3A9CEE914B5F464D009F4A8373E0B960.tmp' to '../../../../../../GitHub/Project-Escape-Proyecto-Interdisciplinar-CoCo-School-/proyecto/Project_Escape/Content/ThirdPersonBP/Maps/ThirdPersonExampleMap_BuiltData.uasset'
[2018.03.22-20.44.17:482][634]LogSavePackage:Display: Finished SavePackage ../../../../../../GitHub/Project-Escape-Proyecto-Interdisciplinar-CoCo-School-/proyecto/Project_Escape/Content/ThirdPersonBP/Maps/ThirdPersonExampleMap_BuiltData.uasset
[2018.03.22-20.44.19:270][792]LogWindowsTextInputMethodSystem:Display: IME system now deactivated.
[2018.03.22-20.44.19:453][793]Cmd: QUIT_EDITOR
[2018.03.22-20.44.20:402][793]LogExit: Preparing to exit.
[2018.03.22-20.44.21:117][793]LogDirectoryWatcher: A directory notification for 'D:/GitHub/Project-Escape-Proyecto-Interdisciplinar-CoCo-School-/proyecto/Project_Escape/Content/' was aborted.
[2018.03.22-20.44.21:165][793]LogExit: Editor shut down
[2018.03.22-20.44.21:168][793]LogExit: Transaction tracking system shut down
[2018.03.22-20.44.21:271][793]LogObj: Freed 0b from 0 cluster array pools.
[2018.03.22-20.44.21:271][793]LogExit: Object subsystem successfully closed.
[2018.03.22-20.44.21:294][793]LogD3D11RHI: Shutdown
[2018.03.22-20.44.21:294][793]LogD3D11RHI: CleanupD3DDevice
[2018.03.22-20.44.21:415][793]LogD3D11RHI: ~FD3D11DynamicRHI
[2018.03.22-20.44.21:422][793]LogModuleManager: Shutting down and abandoning module MovieSceneCapture (532)
[2018.03.22-20.44.21:422][793]LogModuleManager: Shutting down and abandoning module BlueprintGraph (530)
[2018.03.22-20.44.21:422][793]LogModuleManager: Shutting down and abandoning module BlueprintProfiler (528)
[2018.03.22-20.44.21:422][793]LogModuleManager: Shutting down and abandoning module HierarchicalLODOutliner (526)
[2018.03.22-20.44.21:422][793]LogModuleManager: Shutting down and abandoning module CrashTracker (524)
[2018.03.22-20.44.21:422][793]LogModuleManager: Shutting down and abandoning module WorldBrowser (522)
[2018.03.22-20.44.21:422][793]LogModuleManager: Shutting down and abandoning module SceneOutliner (520)
[2018.03.22-20.44.21:422][793]LogModuleManager: Shutting down and abandoning module AddContentDialog (518)
[2018.03.22-20.44.21:422][793]LogDirectoryWatcher: A directory notification for 'D:/Program Files (x86)/Epic Games/UE_4.16/FeaturePacks/' was aborted.
[2018.03.22-20.44.21:423][793]LogModuleManager: Shutting down and abandoning module WidgetCarousel (517)
[2018.03.22-20.44.21:423][793]LogModuleManager: Shutting down and abandoning module EditorWidgets (514)
[2018.03.22-20.44.21:423][793]LogModuleManager: Shutting down and abandoning module CollectionManager (512)
[2018.03.22-20.44.21:423][793]LogDirectoryWatcher: A directory notification for 'D:/GitHub/Project-Escape-Proyecto-Interdisciplinar-CoCo-School-/proyecto/Project_Escape/Content/Collections/' was aborted.
[2018.03.22-20.44.21:423][793]LogDirectoryWatcher: A directory notification for 'D:/GitHub/Project-Escape-Proyecto-Interdisciplinar-CoCo-School-/proyecto/Project_Escape/Content/Developers/David/Collections/' was aborted.
[2018.03.22-20.44.21:423][793]LogDirectoryWatcher: A directory notification for 'D:/GitHub/Project-Escape-Proyecto-Interdisciplinar-CoCo-School-/proyecto/Project_Escape/Saved/Collections/' was aborted.
[2018.03.22-20.44.21:423][793]LogModuleManager: Shutting down and abandoning module StatsViewer (510)
[2018.03.22-20.44.21:423][793]LogModuleManager: Shutting down and abandoning module FoliageEdit (508)
[2018.03.22-20.44.21:423][793]LogModuleManager: Shutting down and abandoning module LandscapeEditor (506)
[2018.03.22-20.44.21:423][793]LogModuleManager: Shutting down and abandoning module MeshPaintMode (504)
[2018.03.22-20.44.21:423][793]LogModuleManager: Shutting down and abandoning module SceneDepthPickerMode (502)
[2018.03.22-20.44.21:423][793]LogModuleManager: Shutting down and abandoning module ActorPickerMode (500)
[2018.03.22-20.44.21:423][793]LogModuleManager: Shutting down and abandoning module GeometryMode (498)
[2018.03.22-20.44.21:423][793]LogModuleManager: Shutting down and abandoning module TextureAlignMode (496)
[2018.03.22-20.44.21:423][793]LogModuleManager: Shutting down and abandoning module BspMode (494)
[2018.03.22-20.44.21:423][793]LogModuleManager: Shutting down and abandoning module HardwareSurvey (492)
[2018.03.22-20.44.21:423][793]LogModuleManager: Shutting down and abandoning module SequenceRecorderSections (490)
[2018.03.22-20.44.21:423][793]LogModuleManager: Shutting down and abandoning module AutomationWorker (488)
[2018.03.22-20.44.21:423][793]LogModuleManager: Shutting down and abandoning module MatineeToLevelSequence (486)
[2018.03.22-20.44.21:423][793]LogModuleManager: Shutting down and abandoning module LevelSequenceEditor (484)
[2018.03.22-20.44.21:423][793]LogModuleManager: Shutting down and abandoning module PlacementMode (483)
[2018.03.22-20.44.21:423][793]LogModuleManager: Shutting down and abandoning module WmfMediaFactory (480)
[2018.03.22-20.44.21:423][793]LogModuleManager: Shutting down and abandoning module WmfMediaEditor (478)
[2018.03.22-20.44.21:423][793]LogModuleManager: Shutting down and abandoning module AvfMediaFactory (476)
[2018.03.22-20.44.21:423][793]LogModuleManager: Shutting down and abandoning module AvfMediaEditor (474)
[2018.03.22-20.44.21:423][793]LogModuleManager: Shutting down and abandoning module AndroidMediaFactory (472)
[2018.03.22-20.44.21:423][793]LogModuleManager: Shutting down and abandoning module Media (471)
[2018.03.22-20.44.21:423][793]LogModuleManager: Shutting down and abandoning module AndroidMediaEditor (468)
[2018.03.22-20.44.21:423][793]LogModuleManager: Shutting down and abandoning module CharacterAI (466)
[2018.03.22-20.44.21:423][793]LogModuleManager: Shutting down and abandoning module AudioCapture (464)
[2018.03.22-20.44.21:423][793]LogModuleManager: Shutting down and abandoning module SequenceRecorder (463)
[2018.03.22-20.44.21:423][793]LogModuleManager: Shutting down and abandoning module SmartSnapping (460)
[2018.03.22-20.44.21:423][793]LogModuleManager: Shutting down and abandoning module SessionServices (458)
[2018.03.22-20.44.21:423][793]LogModuleManager: Shutting down and abandoning module ViewportSnapping (456)
[2018.03.22-20.44.21:423][793]LogModuleManager: Shutting down and abandoning module ViewportInteraction (454)
[2018.03.22-20.44.21:423][793]LogModuleManager: Shutting down and abandoning module ClothPainter (452)
[2018.03.22-20.44.21:423][793]LogModuleManager: Shutting down and abandoning module LogVisualizer (450)
[2018.03.22-20.44.21:423][793]LogModuleManager: Shutting down and abandoning module IntroTutorials (448)
[2018.03.22-20.44.21:423][793]LogModuleManager: Shutting down and abandoning module GameProjectGeneration (447)
[2018.03.22-20.44.21:423][793]LogModuleManager: Shutting down and abandoning module EditorLiveStreaming (444)
[2018.03.22-20.44.21:423][793]LogModuleManager: Shutting down and abandoning module IOSPlatformEditor (442)
[2018.03.22-20.44.21:423][793]LogModuleManager: Shutting down and abandoning module HTML5PlatformEditor (440)
[2018.03.22-20.44.21:423][793]LogModuleManager: Shutting down and abandoning module AndroidPlatformEditor (438)
[2018.03.22-20.44.21:423][793]LogModuleManager: Shutting down and abandoning module AndroidDeviceDetection (437)
[2018.03.22-20.44.21:588][793]LogModuleManager: Shutting down and abandoning module IOSRuntimeSettings (434)
[2018.03.22-20.44.21:588][793]LogModuleManager: Shutting down and abandoning module AndroidRuntimeSettings (432)
[2018.03.22-20.44.21:588][793]LogModuleManager: Shutting down and abandoning module InputBindingEditor (430)
[2018.03.22-20.44.21:588][793]LogModuleManager: Shutting down and abandoning module MergeActors (428)
[2018.03.22-20.44.21:588][793]LogModuleManager: Shutting down and abandoning module SizeMap (426)
[2018.03.22-20.44.21:588][793]LogModuleManager: Shutting down and abandoning module TreeMap (424)
[2018.03.22-20.44.21:588][793]LogModuleManager: Shutting down and abandoning module ReferenceViewer (422)
[2018.03.22-20.44.21:588][793]LogModuleManager: Shutting down and abandoning module LocalizationDashboard (420)
[2018.03.22-20.44.21:588][793]LogModuleManager: Shutting down and abandoning module LocalizationService (419)
[2018.03.22-20.44.21:588][793]LogModuleManager: Shutting down and abandoning module HardwareTargeting (416)
[2018.03.22-20.44.21:588][793]LogModuleManager: Shutting down and abandoning module DeviceProfileEditor (414)
[2018.03.22-20.44.21:588][793]LogModuleManager: Shutting down and abandoning module UndoHistory (412)
[2018.03.22-20.44.21:588][793]LogModuleManager: Shutting down and abandoning module UserFeedback (410)
[2018.03.22-20.44.21:588][793]LogModuleManager: Shutting down and abandoning module XmlParser (408)
[2018.03.22-20.44.21:588][793]LogModuleManager: Shutting down and abandoning module Blutility (406)
[2018.03.22-20.44.21:588][793]LogModuleManager: Shutting down and abandoning module ProjectSettingsViewer (404)
[2018.03.22-20.44.21:588][793]LogModuleManager: Shutting down and abandoning module ProjectTargetPlatformEditor (403)
[2018.03.22-20.44.21:589][793]LogModuleManager: Shutting down and abandoning module EditorSettingsViewer (400)
[2018.03.22-20.44.21:589][793]LogModuleManager: Shutting down and abandoning module SettingsEditor (398)
[2018.03.22-20.44.21:589][793]LogModuleManager: Shutting down and abandoning module ProjectLauncher (396)
[2018.03.22-20.44.21:589][793]LogModuleManager: Shutting down and abandoning module SessionFrontend (394)
[2018.03.22-20.44.21:589][793]LogModuleManager: Shutting down and abandoning module ProfilerClient (392)
[2018.03.22-20.44.21:589][793]LogModuleManager: Shutting down and abandoning module DeviceManager (390)
[2018.03.22-20.44.21:589][793]LogModuleManager: Shutting down and abandoning module TargetDeviceServices (389)
[2018.03.22-20.44.21:633][793]LogModuleManager: Shutting down and abandoning module AutomationController (386)
[2018.03.22-20.44.21:633][793]LogModuleManager: Shutting down and abandoning module AutomationWindow (384)
[2018.03.22-20.44.21:633][793]LogModuleManager: Shutting down and abandoning module Layers (382)
[2018.03.22-20.44.21:633][793]LogModuleManager: Shutting down and abandoning module ComponentVisualizers (380)
[2018.03.22-20.44.21:633][793]LogModuleManager: Shutting down and abandoning module DetailCustomizations (378)
[2018.03.22-20.44.21:633][793]LogModuleManager: Shutting down and abandoning module PackagesDialog (376)
[2018.03.22-20.44.21:633][793]LogModuleManager: Shutting down and abandoning module Persona (374)
[2018.03.22-20.44.21:633][793]LogModuleManager: Shutting down and abandoning module AdvancedPreviewScene (373)
[2018.03.22-20.44.21:633][793]LogModuleManager: Shutting down and abandoning module AnimGraph (371)
[2018.03.22-20.44.21:633][793]LogModuleManager: Shutting down and abandoning module Kismet (368)
[2018.03.22-20.44.21:645][793]LogModuleManager: Shutting down and abandoning module ClassViewer (366)
[2018.03.22-20.44.21:645][793]LogModuleManager: Shutting down and abandoning module Toolbox (364)
[2018.03.22-20.44.21:645][793]LogModuleManager: Shutting down and abandoning module ModuleUI (362)
[2018.03.22-20.44.21:645][793]LogModuleManager: Shutting down and abandoning module MovieSceneTools (360)
[2018.03.22-20.44.21:645][793]LogModuleManager: Shutting down and abandoning module OutputLog (358)
[2018.03.22-20.44.21:645][793]LogModuleManager: Shutting down and abandoning module GammaUI (356)
[2018.03.22-20.44.21:645][793]LogModuleManager: Shutting down and abandoning module Documentation (354)
[2018.03.22-20.44.21:645][793]LogModuleManager: Shutting down and abandoning module MovieSceneTracks (352)
[2018.03.22-20.44.21:645][793]LogModuleManager: Shutting down and abandoning module MovieScene (350)
[2018.03.22-20.44.21:645][793]LogModuleManager: Shutting down and abandoning module Niagara (348)
[2018.03.22-20.44.21:645][793]LogModuleManager: Shutting down and abandoning module NiagaraEditor (347)
[2018.03.22-20.44.21:645][793]LogModuleManager: Shutting down and abandoning module StreamingPauseRendering (344)
[2018.03.22-20.44.21:646][793]LogModuleManager: Shutting down and abandoning module AnalyticsET (342)
[2018.03.22-20.44.21:646][793]LogModuleManager: Shutting down and abandoning module PortalServices (340)
[2018.03.22-20.44.21:646][793]LogModuleManager: Shutting down and abandoning module PortalRpc (338)
[2018.03.22-20.44.21:646][793]LogModuleManager: Shutting down and abandoning module MessagingRpc (336)
[2018.03.22-20.44.21:646][793]LogModuleManager: Shutting down and abandoning module AIModule (334)
[2018.03.22-20.44.21:646][793]LogModuleManager: Shutting down and abandoning module GameplayDebugger (333)
[2018.03.22-20.44.21:646][793]LogModuleManager: Shutting down and abandoning module AITestSuite (331)
[2018.03.22-20.44.21:646][793]LogModuleManager: Shutting down and abandoning module ProfilerService (328)
[2018.03.22-20.44.21:772][793]LogModuleManager: Shutting down and abandoning module TaskGraph (326)
[2018.03.22-20.44.21:772][793]LogModuleManager: Shutting down and abandoning module SteamVRController (324)
[2018.03.22-20.44.21:772][793]LogModuleManager: Shutting down and abandoning module SteamVR (322)
[2018.03.22-20.44.21:772][793]LogModuleManager: Shutting down and abandoning module ProceduralMeshComponentEditor (320)
[2018.03.22-20.44.21:772][793]LogModuleManager: Shutting down and abandoning module ProceduralMeshComponent (318)
[2018.03.22-20.44.21:772][793]LogModuleManager: Shutting down and abandoning module OculusLibrary (316)
[2018.03.22-20.44.21:772][793]LogModuleManager: Shutting down and abandoning module OculusInput (314)
[2018.03.22-20.44.21:772][793]LogModuleManager: Shutting down and abandoning module MobilePatchingUtils (312)
[2018.03.22-20.44.21:772][793]LogModuleManager: Shutting down and abandoning module CustomMeshComponent (310)
[2018.03.22-20.44.21:772][793]LogModuleManager: Shutting down and abandoning module CableComponent (308)
[2018.03.22-20.44.21:772][793]LogModuleManager: Shutting down and abandoning module ArchVisCharacter (306)
[2018.03.22-20.44.21:772][793]LogModuleManager: Shutting down and abandoning module AndroidPermission (304)
[2018.03.22-20.44.21:772][793]LogModuleManager: Shutting down and abandoning module MediaPlayerEditor (300)
[2018.03.22-20.44.21:772][793]LogModuleManager: Shutting down and abandoning module HTML5Networking (298)
[2018.03.22-20.44.21:772][793]LogModuleManager: Shutting down and abandoning module AlembicImporter (296)
[2018.03.22-20.44.21:772][793]LogModuleManager: Shutting down and abandoning module AlembicLibrary (295)
[2018.03.22-20.44.21:772][793]LogModuleManager: Shutting down and abandoning module GeometryCache (294)
[2018.03.22-20.44.21:773][793]LogModuleManager: Shutting down and abandoning module GeometryCacheEd (293)
[2018.03.22-20.44.21:773][793]LogModuleManager: Shutting down and abandoning module SuperSearchEditor (288)
[2018.03.22-20.44.21:773][793]LogModuleManager: Shutting down and abandoning module SuperSearch (287)
[2018.03.22-20.44.21:773][793]LogModuleManager: Shutting down and abandoning module SpeedTreeImporter (284)
[2018.03.22-20.44.21:773][793]LogModuleManager: Shutting down and abandoning module PluginBrowser (282)
[2018.03.22-20.44.21:773][793]LogModuleManager: Shutting down and abandoning module MobileLauncherProfileWizard (280)
[2018.03.22-20.44.21:773][793]LogModuleManager: Shutting down and abandoning module VisualStudioSourceCodeAccess (278)
[2018.03.22-20.44.21:773][793]LogModuleManager: Shutting down and abandoning module DesktopPlatform (277)
[2018.03.22-20.44.21:773][793]LogModuleManager: Shutting down and abandoning module UObjectPlugin (274)
[2018.03.22-20.44.21:773][793]LogModuleManager: Shutting down and abandoning module SubversionSourceControl (272)
[2018.03.22-20.44.21:773][793]LogModuleManager: Shutting down and abandoning module PerforceSourceControl (270)
[2018.03.22-20.44.21:773][793]LogModuleManager: Shutting down and abandoning module GitSourceControl (268)
[2018.03.22-20.44.21:773][793]LogModuleManager: Shutting down and abandoning module SourceControl (267)
[2018.03.22-20.44.21:773][793]LogModuleManager: Shutting down and abandoning module LightPropagationVolumeEditor (264)
[2018.03.22-20.44.21:773][793]LogModuleManager: Shutting down and abandoning module PaperTiledImporter (262)
[2018.03.22-20.44.21:773][793]LogModuleManager: Shutting down and abandoning module PaperSpriteSheetImporter (260)
[2018.03.22-20.44.21:774][793]LogModuleManager: Shutting down and abandoning module Paper2DEditor (258)
[2018.03.22-20.44.21:774][793]LogModuleManager: Shutting down and abandoning module MeshPaint (257)
[2018.03.22-20.44.21:774][793]LogModuleManager: Shutting down and abandoning module LevelEditor (255)
[2018.03.22-20.44.21:777][793]LogModuleManager: Shutting down and abandoning module PixelInspectorModule (254)
[2018.03.22-20.44.21:778][793]LogModuleManager: Shutting down and abandoning module MainFrame (252)
[2018.03.22-20.44.21:778][793]LogModuleManager: Shutting down and abandoning module HotReload (251)
[2018.03.22-20.44.21:778][793]LogModuleManager: Shutting down and abandoning module PhysXVehiclesEditor (246)
[2018.03.22-20.44.21:779][793]LogModuleManager: Shutting down and abandoning module PhysXVehicles (244)
[2018.03.22-20.44.21:779][793]LogModuleManager: Shutting down and abandoning module LocationServicesBPLibrary (242)
[2018.03.22-20.44.21:779][793]LogModuleManager: Shutting down and abandoning module ImmediatePhysicsEditor (240)
[2018.03.22-20.44.21:779][793]LogModuleManager: Shutting down and abandoning module ImmediatePhysics (238)
[2018.03.22-20.44.21:779][793]LogModuleManager: Shutting down and abandoning module UdpMessaging (236)
[2018.03.22-20.44.21:880][793]LogModuleManager: Shutting down and abandoning module TcpMessaging (234)
[2018.03.22-20.44.21:981][793]LogModuleManager: Shutting down and abandoning module GameplayTagsEditor (232)
[2018.03.22-20.44.21:981][793]LogModuleManager: Shutting down and abandoning module FacialAnimationEditor (230)
[2018.03.22-20.44.21:981][793]LogModuleManager: Shutting down and abandoning module FacialAnimation (228)
[2018.03.22-20.44.21:981][793]LogModuleManager: Shutting down and abandoning module AssetManagerEditor (226)
[2018.03.22-20.44.21:981][793]LogModuleManager: Shutting down and abandoning module GraphEditor (225)
[2018.03.22-20.44.21:981][793]LogModuleManager: Shutting down and abandoning module ContentBrowser (223)
[2018.03.22-20.44.21:982][793]LogModuleManager: Shutting down and abandoning module LightPropagationVolumeRuntime (220)
[2018.03.22-20.44.21:982][793]LogModuleManager: Shutting down and abandoning module Paper2D (218)
[2018.03.22-20.44.21:982][793]LogModuleManager: Shutting down and abandoning module WindowsMoviePlayer (216)
[2018.03.22-20.44.21:982][793]LogModuleManager: Shutting down and abandoning module WmfMedia (214)
[2018.03.22-20.44.21:983][793]LogModuleManager: Shutting down and abandoning module ClothingSystemEditor (212)
[2018.03.22-20.44.21:983][793]LogModuleManager: Shutting down and abandoning module ClothingSystemRuntime (210)
[2018.03.22-20.44.21:983][793]LogModuleManager: Shutting down and abandoning module MediaAssets (208)
[2018.03.22-20.44.21:983][793]LogModuleManager: Shutting down and abandoning module GameLiveStreaming (206)
[2018.03.22-20.44.21:983][793]LogModuleManager: Shutting down and abandoning module VREditor (204)
[2018.03.22-20.44.21:983][793]LogModuleManager: Shutting down and abandoning module StringTableEditor (202)
[2018.03.22-20.44.21:983][793]LogModuleManager: Shutting down and abandoning module GameplayTasksEditor (200)
[2018.03.22-20.44.21:983][793]LogModuleManager: Shutting down and abandoning module BehaviorTreeEditor (198)
[2018.03.22-20.44.21:983][793]LogModuleManager: Shutting down and abandoning module FunctionalTesting (196)
[2018.03.22-20.44.21:983][793]LogModuleManager: Shutting down and abandoning module CollisionAnalyzer (194)
[2018.03.22-20.44.21:983][793]LogModuleManager: Shutting down and abandoning module UMG (192)
[2018.03.22-20.44.21:983][793]LogModuleManager: Shutting down and abandoning module UMGEditor (191)
[2018.03.22-20.44.21:983][793]LogModuleManager: Shutting down and abandoning module Sequencer (190)
[2018.03.22-20.44.21:983][793]LogModuleManager: Shutting down and abandoning module AssetTools (188)
[2018.03.22-20.44.21:983][793]LogModuleManager: Shutting down and abandoning module MessageLog (187)
[2018.03.22-20.44.21:983][793]LogModuleManager: Shutting down and abandoning module WorkspaceMenuStructure (186)
[2018.03.22-20.44.21:983][793]LogModuleManager: Shutting down and abandoning module SlateReflector (180)
[2018.03.22-20.44.21:983][793]LogModuleManager: Shutting down and abandoning module Slate (178)
[2018.03.22-20.44.21:983][793]LogModuleManager: Shutting down and abandoning module EditorStyle (176)
[2018.03.22-20.44.21:987][793]LogModuleManager: Shutting down and abandoning module SourceCodeAccess (174)
[2018.03.22-20.44.21:987][793]LogModuleManager: Shutting down and abandoning module HeadMountedDisplay (172)
[2018.03.22-20.44.21:987][793]LogModuleManager: Shutting down and abandoning module XAudio2 (170)
[2018.03.22-20.44.21:987][793]LogModuleManager: Shutting down and abandoning module Networking (168)
[2018.03.22-20.44.21:987][793]LogModuleManager: Shutting down and abandoning module Core (164)
[2018.03.22-20.44.21:987][793]LogModuleManager: Shutting down and abandoning module AssetRegistry (162)
[2018.03.22-20.44.22:199][793]LogDirectoryWatcher: A directory notification for '../../../Engine/Content/' was aborted.
[2018.03.22-20.44.22:199][793]LogDirectoryWatcher: A directory notification for '../../../../../../GitHub/Project-Escape-Proyecto-Interdisciplinar-CoCo-School-/proyecto/Project_Escape/Content/' was aborted.
[2018.03.22-20.44.22:199][793]LogDirectoryWatcher: A directory notification for '../../../Engine/Plugins/2D/Paper2D/Content/' was aborted.
[2018.03.22-20.44.22:199][793]LogDirectoryWatcher: A directory notification for '../../../Engine/Plugins/Runtime/GearVR/Content/' was aborted.
[2018.03.22-20.44.22:204][793]LogModuleManager: Shutting down and abandoning module DirectoryWatcher (161)
[2018.03.22-20.44.22:205][793]LogModuleManager: Shutting down and abandoning module KismetCompiler (158)
[2018.03.22-20.44.22:205][793]LogModuleManager: Shutting down and abandoning module LevelSequence (156)
[2018.03.22-20.44.22:205][793]LogModuleManager: Shutting down and abandoning module PhysXFormats (154)
[2018.03.22-20.44.22:205][793]LogModuleManager: Shutting down and abandoning module MeshUtilities (152)
[2018.03.22-20.44.22:205][793]LogModuleManager: Shutting down and abandoning module SimplygonSwarm (151)
[2018.03.22-20.44.22:205][793]LogModuleManager: Shutting down and abandoning module SimplygonMeshReduction (149)
[2018.03.22-20.44.22:205][793]LogModuleManager: Shutting down and abandoning module QuadricMeshReduction (147)
[2018.03.22-20.44.22:205][793]LogModuleManager: Shutting down and abandoning module DerivedDataCache (144)
[2018.03.22-20.44.22:238][793]LogDerivedDataCache: Shutdown
[2018.03.22-20.44.22:238][793]LogModuleManager: Shutting down and abandoning module TargetPlatform (142)
[2018.03.22-20.44.22:238][793]LogModuleManager: Shutting down and abandoning module VulkanShaderFormat (141)
[2018.03.22-20.44.22:238][793]LogModuleManager: Shutting down and abandoning module ShaderFormatVectorVM (139)
[2018.03.22-20.44.22:238][793]LogModuleManager: Shutting down and abandoning module ShaderFormatOpenGL (137)
[2018.03.22-20.44.22:238][793]LogModuleManager: Shutting down and abandoning module ShaderFormatD3D (135)
[2018.03.22-20.44.22:238][793]LogModuleManager: Shutting down and abandoning module MetalShaderFormat (133)
[2018.03.22-20.44.22:238][793]LogModuleManager: Shutting down and abandoning module TextureFormatUncompressed (131)
[2018.03.22-20.44.22:238][793]LogModuleManager: Shutting down and abandoning module TextureFormatPVR (129)
[2018.03.22-20.44.22:238][793]LogModuleManager: Shutting down and abandoning module TextureFormatDXT (127)
[2018.03.22-20.44.22:238][793]LogModuleManager: Shutting down and abandoning module TextureFormatIntelISPCTexComp (125)
[2018.03.22-20.44.22:238][793]LogModuleManager: Shutting down and abandoning module TextureFormatASTC (123)
[2018.03.22-20.44.22:238][793]LogModuleManager: Shutting down and abandoning module ImageWrapper (122)
[2018.03.22-20.44.22:238][793]LogModuleManager: Shutting down and abandoning module TextureFormatAndroid (119)
[2018.03.22-20.44.22:238][793]LogModuleManager: Shutting down and abandoning module AudioFormatOpus (117)
[2018.03.22-20.44.22:238][793]LogModuleManager: Shutting down and abandoning module AudioFormatOgg (115)
[2018.03.22-20.44.22:238][793]LogModuleManager: Shutting down and abandoning module AudioFormatADPCM (113)
[2018.03.22-20.44.22:238][793]LogModuleManager: Shutting down and abandoning module LinuxTargetPlatform (111)
[2018.03.22-20.44.22:238][793]LogModuleManager: Shutting down and abandoning module LinuxServerTargetPlatform (109)
[2018.03.22-20.44.22:238][793]LogModuleManager: Shutting down and abandoning module LinuxNoEditorTargetPlatform (107)
[2018.03.22-20.44.22:238][793]LogModuleManager: Shutting down and abandoning module LinuxClientTargetPlatform (105)
[2018.03.22-20.44.22:238][793]LogModuleManager: Shutting down and abandoning module TVOSTargetPlatform (103)
[2018.03.22-20.44.22:238][793]LogModuleManager: Shutting down and abandoning module Messaging (101)
[2018.03.22-20.44.22:238][793]LogModuleManager: Shutting down and abandoning module IOSTargetPlatform (99)
[2018.03.22-20.44.22:239][793]LogModuleManager: Shutting down and abandoning module HTML5TargetPlatform (97)
[2018.03.22-20.44.22:239][793]LogModuleManager: Shutting down and abandoning module Android_PVRTCTargetPlatform (95)
[2018.03.22-20.44.22:239][793]LogModuleManager: Shutting down and abandoning module Android_MultiTargetPlatform (93)
[2018.03.22-20.44.22:239][793]LogModuleManager: Shutting down and abandoning module Android_ETC2TargetPlatform (91)
[2018.03.22-20.44.22:239][793]LogModuleManager: Shutting down and abandoning module Android_ETC1TargetPlatform (89)
[2018.03.22-20.44.22:239][793]LogModuleManager: Shutting down and abandoning module Android_DXTTargetPlatform (87)
[2018.03.22-20.44.22:239][793]LogModuleManager: Shutting down and abandoning module Android_ATCTargetPlatform (85)
[2018.03.22-20.44.22:239][793]LogModuleManager: Shutting down and abandoning module Android_ASTCTargetPlatform (83)
[2018.03.22-20.44.22:239][793]LogModuleManager: Shutting down and abandoning module AndroidTargetPlatform (81)
[2018.03.22-20.44.22:239][793]LogModuleManager: Shutting down and abandoning module WindowsTargetPlatform (79)
[2018.03.22-20.44.22:239][793]LogModuleManager: Shutting down and abandoning module WindowsServerTargetPlatform (77)
[2018.03.22-20.44.22:239][793]LogModuleManager: Shutting down and abandoning module WindowsNoEditorTargetPlatform (75)
[2018.03.22-20.44.22:239][793]LogModuleManager: Shutting down and abandoning module WindowsClientTargetPlatform (73)
[2018.03.22-20.44.22:239][793]LogModuleManager: Shutting down and abandoning module MacTargetPlatform (71)
[2018.03.22-20.44.22:239][793]LogModuleManager: Shutting down and abandoning module MacServerTargetPlatform (69)
[2018.03.22-20.44.22:239][793]LogModuleManager: Shutting down and abandoning module MacNoEditorTargetPlatform (67)
[2018.03.22-20.44.22:239][793]LogModuleManager: Shutting down and abandoning module MacClientTargetPlatform (65)
[2018.03.22-20.44.22:239][793]LogModuleManager: Shutting down and abandoning module AllDesktopTargetPlatform (63)
[2018.03.22-20.44.22:239][793]LogModuleManager: Shutting down and abandoning module InputCore (60)
[2018.03.22-20.44.22:239][793]LogModuleManager: Shutting down and abandoning module Settings (58)
[2018.03.22-20.44.22:239][793]LogModuleManager: Shutting down and abandoning module OculusRift (56)
[2018.03.22-20.44.22:239][793]LogModuleManager: Shutting down and abandoning module GearVRController (54)
[2018.03.22-20.44.22:239][793]LogModuleManager: Shutting down and abandoning module GearVR (52)
[2018.03.22-20.44.22:239][793]LogModuleManager: Shutting down and abandoning module ExampleDeviceProfileSelector (50)
[2018.03.22-20.44.22:239][793]LogModuleManager: Shutting down and abandoning module OnlineBlueprintSupport (48)
[2018.03.22-20.44.22:239][793]LogModuleManager: Shutting down and abandoning module OnlineSubsystem (44)
[2018.03.22-20.44.22:239][793]LogOnline:Display: Unloading online subsystem: NULL
[2018.03.22-20.44.22:239][793]LogModuleManager: Shutting down and abandoning module XMPP (43)
[2018.03.22-20.44.22:239][793]LogModuleManager: Shutting down and abandoning module HTTP (41)
[2018.03.22-20.44.22:239][793]LogHttp:Display: Http module shutting down, but needs to wait on 1 outstanding Http requests:
[2018.03.22-20.44.22:239][793]LogHttp:Display: 	verb=[POST] url=[https://datarouter.ol.epicgames.com/datarouter/api/v1/public/data?SessionID=%7B629A9992-4246-1E17-21BA-8F948177C10C%7D&AppID=UEEditor.Rocket.Release&AppVersion=4.16.2-3514769%2B%2B%2BUE4%2BRelease-4.16&UserID=eedd91be406e0cd25ea0748277e6e73c%7C7a211806f70b4509a5be2640357744fc%7Caa6de738-987c-4c76-bb80-6cc1d099ea00&AppEnvironment=datacollector-binary&UploadType=eteventstream] status=Processing
[2018.03.22-20.44.22:257][793]LogModuleManager: Shutting down and abandoning module SSL (40)
[2018.03.22-20.44.22:259][793]LogModuleManager: Shutting down and abandoning module HTTPChunkInstaller (36)
[2018.03.22-20.44.22:259][793]LogModuleManager: Shutting down and abandoning module AnimationModifiers (34)
[2018.03.22-20.44.22:259][793]LogModuleManager: Shutting down and abandoning module PropertyEditor (33)
[2018.03.22-20.44.22:259][793]LogModuleManager: Shutting down and abandoning module AudioEditor (30)
[2018.03.22-20.44.22:259][793]LogModuleManager: Shutting down and abandoning module TextureCompressor (28)
[2018.03.22-20.44.22:259][793]LogModuleManager: Shutting down and abandoning module ShaderCore (26)
[2018.03.22-20.44.22:259][793]LogModuleManager: Shutting down and abandoning module Landscape (24)
[2018.03.22-20.44.22:259][793]LogModuleManager: Shutting down and abandoning module SlateRHIRenderer (22)
[2018.03.22-20.44.22:260][793]LogModuleManager: Shutting down and abandoning module OpenGLDrv (20)
[2018.03.22-20.44.22:260][793]LogModuleManager: Shutting down and abandoning module D3D11RHI (18)
[2018.03.22-20.44.22:260][793]LogModuleManager: Shutting down and abandoning module AnimGraphRuntime (16)
[2018.03.22-20.44.22:260][793]LogModuleManager: Shutting down and abandoning module Renderer (14)
[2018.03.22-20.44.22:260][793]LogModuleManager: Shutting down and abandoning module Engine (12)
[2018.03.22-20.44.22:260][793]LogModuleManager: Shutting down and abandoning module CoreUObject (10)
[2018.03.22-20.44.22:260][793]LogModuleManager: Shutting down and abandoning module NetworkFile (8)
[2018.03.22-20.44.22:260][793]LogModuleManager: Shutting down and abandoning module StreamingFile (6)
[2018.03.22-20.44.22:260][793]LogModuleManager: Shutting down and abandoning module SandboxFile (4)
[2018.03.22-20.44.22:260][793]LogModuleManager: Shutting down and abandoning module PakFile (2)
[2018.03.22-20.44.22:261][793]LogExit: Exiting.
[2018.03.22-20.44.22:277][793]Log file closed, 03/22/18 21:44:22
