Log file open, 03/21/18 18:17:09
LogInit:Display: Running engine for game: Project_Escape
LogPlatformFile: Not using cached read wrapper
LogInit:Display: RandInit(1865802678) SRandInit(1865802678).
LogTaskGraph: Started task graph with 5 named threads and 8 total threads with 1 sets of task threads.
LogStats: Stats thread started at 0.079606
LogInit: Using libcurl 7.47.1
LogInit:  - built for x86_64-pc-win32
LogInit:  - supports SSL with OpenSSL/1.0.2g
LogInit:  - supports HTTP deflate (compression) using libz 1.2.8
LogInit:  - other features:
LogInit:      CURL_VERSION_SSL
LogInit:      CURL_VERSION_LIBZ
LogInit:      CURL_VERSION_IPV6
LogInit:      CURL_VERSION_ASYNCHDNS
LogInit:      CURL_VERSION_LARGEFILE
LogInit:      CURL_VERSION_IDN
LogInit:  CurlRequestOptions (configurable via config and command line):
LogInit:  - bVerifyPeer = false  - Libcurl will NOT verify peer certificate
LogInit:  - bUseHttpProxy = false  - Libcurl will NOT use HTTP proxy
LogInit:  - bDontReuseConnections = false  - Libcurl will reuse connections
LogInit:  - CertBundlePath = nullptr  - Libcurl will use whatever was configured at build time.
LogInit: Build: ++UE4+Release-4.16-CL-3514769
LogInit: Engine Version: 4.16.2-3514769+++UE4+Release-4.16
LogInit: Compatible Engine Version: 4.16.0-3452394+++UE4+Release-4.16
LogInit: Net CL: 3452394
LogDevObjectVersion: Number of dev versions registered: 16
LogDevObjectVersion:   Dev-Blueprints (B0D832E4-1F89-4F0D-ACCF-7EB736FD4AA2): 9
LogDevObjectVersion:   Dev-Build (E1C64328-A22C-4D53-A36C-8E866417BD8C): 0
LogDevObjectVersion:   Dev-Core (375EC13C-06E4-48FB-B500-84F0262A717E): 2
LogDevObjectVersion:   Dev-Editor (E4B068ED-F494-42E9-A231-DA0B2E46BB41): 17
LogDevObjectVersion:   Dev-Framework (CFFC743F-43B0-4480-9391-14DF171D2073): 23
LogDevObjectVersion:   Dev-Mobile (B02B49B5-BB20-44E9-A304-32B752E40360): 0
LogDevObjectVersion:   Dev-Networking (A4E4105C-59A1-49B5-A7C5-40C4547EDFEE): 0
LogDevObjectVersion:   Dev-Online (39C831C9-5AE6-47DC-9A44-9C173E1C8E7C): 0
LogDevObjectVersion:   Dev-Physics (78F01B33-EBEA-4F98-B9B4-84EACCB95AA2): 0
LogDevObjectVersion:   Dev-Platform (6631380F-2D4D-43E0-8009-CF276956A95A): 0
LogDevObjectVersion:   Dev-Rendering (12F88B9F-8875-4AFC-A67C-D90C383ABD29): 15
LogDevObjectVersion:   Dev-Sequencer (7B5AE74C-D270-4C10-A958-57980B212A5A): 4
LogDevObjectVersion:   Dev-VR (D7296918-1DD6-4BDD-9DE2-64A83CC13884): 0
LogDevObjectVersion:   Dev-LoadTimes (C2A15278-BFE7-4AFE-6C17-90FF531DF755): 1
LogDevObjectVersion:   Private-Geometry (6EACA3D4-40EC-4CC1-B786-8BED09428FC5): 1
LogDevObjectVersion:   Dev-AnimPhys (29E575DD-E0A3-4627-9D10-D276232CDCEA): 3
LogInit: Compiled (64-bit): Jun 29 2017 02:03:24
LogInit: Compiled with Visual C++: 19.00.24215.01
LogInit: Build Configuration: Development
LogInit: Branch Name: ++UE4+Release-4.16
LogInit: Command line: 
LogInit: Base directory: D:/Program Files (x86)/Epic Games/UE_4.16/Engine/Binaries/Win64/
LogInit: Installed Engine Build: 1
LogInit: Presizing for max 8388607 objects, including 0 objects not considered by GC, pre-allocating 0 bytes for permanent pool.
LogInit: Object subsystem initialized
[2018.03.21-17.17.09:688][  0]LogInit: Selected Device Profile: [Windows]
[2018.03.21-17.17.09:688][  0]LogInit: Applying CVar settings loaded from the selected device profile: [Windows]
[2018.03.21-17.17.09:697][  0]LogInit: Computer: DAVIDMASTERRACE
[2018.03.21-17.17.09:697][  0]LogInit: User: David
[2018.03.21-17.17.09:697][  0]LogInit: CPU Page size=4096, Cores=4
[2018.03.21-17.17.09:697][  0]LogInit: High frequency timer resolution =3.417966 MHz
[2018.03.21-17.17.09:698][  0]LogMemory: Memory total: Physical=15.9GB (16GB approx)
[2018.03.21-17.17.09:698][  0]LogMemory: Platform Memory Stats for Windows
[2018.03.21-17.17.09:698][  0]LogMemory: Process Physical Memory: 271.35 MB used, 271.35 MB peak
[2018.03.21-17.17.09:698][  0]LogMemory: Process Virtual Memory: 270.54 MB used, 270.54 MB peak
[2018.03.21-17.17.09:698][  0]LogMemory: Physical Memory: 5841.29 MB used,  10485.15 MB free, 16326.44 MB total
[2018.03.21-17.17.09:698][  0]LogMemory: Virtual Memory: 627.00 MB used,  10485.15 MB free, 134217728.00 MB total
[2018.03.21-17.17.09:739][  0]LogInit: Overriding language with editor language configuration option (en).
[2018.03.21-17.17.09:739][  0]LogInit: Overriding locale with editor locale configuration option (en).
[2018.03.21-17.17.10:498][  0]LogD3D11RHI: D3D11 adapters:
[2018.03.21-17.17.10:522][  0]LogD3D11RHI:    0. 'NVIDIA GeForce GTX 970' (Feature Level 11_0)
[2018.03.21-17.17.10:522][  0]LogD3D11RHI:       3975/0/8163 MB DedicatedVideo/DedicatedSystem/SharedSystem, Outputs:1, VendorId:0x10de
[2018.03.21-17.17.10:523][  0]LogD3D11RHI:    1. 'Microsoft Basic Render Driver' (Feature Level 11_0)
[2018.03.21-17.17.10:523][  0]LogD3D11RHI:       0/0/256 MB DedicatedVideo/DedicatedSystem/SharedSystem, Outputs:0, VendorId:0x1414
[2018.03.21-17.17.10:523][  0]LogD3D11RHI: Chosen D3D11 Adapter: 0
[2018.03.21-17.17.10:526][  0]LogD3D11RHI: Creating new Direct3DDevice
[2018.03.21-17.17.10:526][  0]LogD3D11RHI:     GPU DeviceId: 0x13c2 (for the marketing name, search the web for "GPU Device Id")
[2018.03.21-17.17.10:526][  0]LogWindows: EnumDisplayDevices:
[2018.03.21-17.17.10:526][  0]LogWindows:    0. 'NVIDIA GeForce GTX 970' (P:1 D:1)
[2018.03.21-17.17.10:526][  0]LogWindows:    1. 'NVIDIA GeForce GTX 970' (P:0 D:0)
[2018.03.21-17.17.10:526][  0]LogWindows:    2. 'NVIDIA GeForce GTX 970' (P:0 D:0)
[2018.03.21-17.17.10:526][  0]LogWindows:    3. 'NVIDIA GeForce GTX 970' (P:0 D:0)
[2018.03.21-17.17.10:526][  0]LogWindows: DebugString: FoundDriverCount:4 
[2018.03.21-17.17.10:526][  0]LogD3D11RHI:     Adapter Name: NVIDIA GeForce GTX 970
[2018.03.21-17.17.10:526][  0]LogD3D11RHI:   Driver Version: 388.13 (internal:23.21.13.8813, unified:388.13)
[2018.03.21-17.17.10:526][  0]LogD3D11RHI:      Driver Date: 10-27-2017
[2018.03.21-17.17.10:526][  0]LogRHI: Texture pool is 1361 MB (70% of 1945 MB)
[2018.03.21-17.17.10:536][  0]LogD3D11RHI: Async texture creation enabled
[2018.03.21-17.17.10:552][  0]LogD3D11RHI: GPU Timing Frequency: 1000.000000 (Debug: 2 2)
[2018.03.21-17.17.10:596][  0]LogShaderCompilers: Guid format shader working directory is -56 characters bigger than the processId version (../../../../../../GitHub/Project-Escape-Proyecto-Interdisciplinar-CoCo-School-/proyecto/Project_Escape/Intermediate/Shaders/WorkingDirectory/1288/).
[2018.03.21-17.17.10:596][  0]LogShaderCompilers: Cleaned the shader compiler working directory 'C:/Users/David/AppData/Local/Temp/UnrealShaderWorkingDir/9D3782F74438CD49D23FD99317D01998/'.
[2018.03.21-17.17.10:596][  0]LogShaderCompilers:Display: Using Local Shader Compiler.
[2018.03.21-17.17.11:544][  0]LogTemp:Display: Loaded TP AllDesktopTargetPlatform
[2018.03.21-17.17.11:575][  0]LogTemp:Display: Loaded TP MacClientTargetPlatform
[2018.03.21-17.17.11:606][  0]LogTemp:Display: Loaded TP MacNoEditorTargetPlatform
[2018.03.21-17.17.11:636][  0]LogTemp:Display: Loaded TP MacServerTargetPlatform
[2018.03.21-17.17.11:667][  0]LogTemp:Display: Loaded TP MacTargetPlatform
[2018.03.21-17.17.11:698][  0]LogTemp:Display: Loaded TP WindowsClientTargetPlatform
[2018.03.21-17.17.11:728][  0]LogTemp:Display: Loaded TP WindowsNoEditorTargetPlatform
[2018.03.21-17.17.11:759][  0]LogTemp:Display: Loaded TP WindowsServerTargetPlatform
[2018.03.21-17.17.11:784][  0]LogTemp:Display: Loaded TP WindowsTargetPlatform
[2018.03.21-17.17.11:814][  0]LogTemp:Display: Loaded TP AndroidTargetPlatform
[2018.03.21-17.17.11:844][  0]LogTemp:Display: Loaded TP Android_ASTCTargetPlatform
[2018.03.21-17.17.11:874][  0]LogTemp:Display: Loaded TP Android_ATCTargetPlatform
[2018.03.21-17.17.11:903][  0]LogTemp:Display: Loaded TP Android_DXTTargetPlatform
[2018.03.21-17.17.11:932][  0]LogTemp:Display: Loaded TP Android_ETC1TargetPlatform
[2018.03.21-17.17.11:962][  0]LogTemp:Display: Loaded TP Android_ETC2TargetPlatform
[2018.03.21-17.17.12:021][  0]LogTemp:Display: Loaded TP Android_MultiTargetPlatform
[2018.03.21-17.17.12:021][  0]LogTemp:Display: Loaded TP Android_PVRTCTargetPlatform
[2018.03.21-17.17.12:043][  0]LogTemp:Display: Loaded TP HTML5TargetPlatform
[2018.03.21-17.17.12:107][  0]LogTemp:Display: Loaded TP IOSTargetPlatform
[2018.03.21-17.17.12:126][  0]LogTemp:Display: Loaded TP TVOSTargetPlatform
[2018.03.21-17.17.12:157][  0]LogTemp:Display: Loaded TP LinuxClientTargetPlatform
[2018.03.21-17.17.12:187][  0]LogTemp:Display: Loaded TP LinuxNoEditorTargetPlatform
[2018.03.21-17.17.12:217][  0]LogTemp:Display: Loaded TP LinuxServerTargetPlatform
[2018.03.21-17.17.12:246][  0]LogTemp:Display: Loaded TP LinuxTargetPlatform
[2018.03.21-17.17.12:246][  0]LogTargetPlatformManager:Display: Building Assets For Windows
[2018.03.21-17.17.12:522][  0]LogDerivedDataCache:Display: Max Cache Size: 512 MB
[2018.03.21-17.17.12:608][  0]LogDerivedDataCache: Loaded boot cache 0.09s 90MB C:/Users/David/AppData/Local/UnrealEngine/4.16/DerivedDataCache/Boot.ddc.
[2018.03.21-17.17.12:608][  0]LogDerivedDataCache:Display: Loaded Boot cache: C:/Users/David/AppData/Local/UnrealEngine/4.16/DerivedDataCache/Boot.ddc
[2018.03.21-17.17.12:608][  0]LogDerivedDataCache: FDerivedDataBackendGraph:  Pak pak cache file ../../../../../../GitHub/Project-Escape-Proyecto-Interdisciplinar-CoCo-School-/proyecto/Project_Escape/DerivedDataCache/DDC.ddp not found, will not use a pak cache.
[2018.03.21-17.17.12:608][  0]LogDerivedDataCache: Unable to find inner node Pak for hierarchical cache Hierarchy.
[2018.03.21-17.17.12:608][  0]LogDerivedDataCache: FDerivedDataBackendGraph:  CompressedPak pak cache file ../../../../../../GitHub/Project-Escape-Proyecto-Interdisciplinar-CoCo-School-/proyecto/Project_Escape/DerivedDataCache/Compressed.ddp not found, will not use a pak cache.
[2018.03.21-17.17.12:608][  0]LogDerivedDataCache: Unable to find inner node CompressedPak for hierarchical cache Hierarchy.
[2018.03.21-17.17.12:624][  0]LogDerivedDataCache:Display: Pak cache opened for reading ../../../Engine/DerivedDataCache/Compressed.ddp.
[2018.03.21-17.17.12:635][  0]LogDerivedDataCache: Using Local data cache path C:/Users/David/AppData/Local/UnrealEngine/Common/DerivedDataCache: Writable
[2018.03.21-17.17.12:643][  0]LogMaterial: Verifying Global Shaders for PCD3D_SM5
[2018.03.21-17.17.12:643][  0]LogSlate: Using Freetype 2.6.0
[2018.03.21-17.17.12:644][  0]LogSlate: SlateFontCache - WITH_FREETYPE: 1, WITH_HARFBUZZ: 1
[2018.03.21-17.17.12:644][  0]LogSlate: SlateFontCache - WITH_FREETYPE: 1, WITH_HARFBUZZ: 1
[2018.03.21-17.17.12:904][  0]LogInit: Selected Device Profile: [Windows]
[2018.03.21-17.17.12:964][  0]LogContentStreaming: Texture pool size is 0.00 MB
[2018.03.21-17.17.13:079][  0]LogMeshUtilities: Using QuadricMeshReduction for automatic static mesh reduction
[2018.03.21-17.17.13:104][  0]LogSimplygon: Simplygon DLL not present - disabling.
[2018.03.21-17.17.13:132][  0]LogMeshUtilities: Using SimplygonSwarm for distributed automatic mesh merging
[2018.03.21-17.17.13:132][  0]LogMeshUtilities: No automatic skeletal mesh reduction module available
[2018.03.21-17.17.13:132][  0]LogMeshUtilities: No automatic mesh merging module available
[2018.03.21-17.17.13:520][  0]LogNetVersion: Project_Escape , NetCL: 3452394, EngineNetVer: 2, GameNetVer: 0 (Checksum: 2145197693)
[2018.03.21-17.17.13:568][  0]LogAssetRegistry: FAssetRegistry took 0.0250 seconds to start up
[2018.03.21-17.17.13:592][  0]LogPackageLocalizationCache: Processed 4 localized package path(s) for 1 prioritized culture(s) in 0.012355 seconds
[2018.03.21-17.17.13:597][  0]LogUObjectArray: 34194 objects as part of root set at end of initial load.
[2018.03.21-17.17.13:597][  0]LogUObjectAllocator: 7260424 out of 0 bytes used by permanent object pool.
[2018.03.21-17.17.13:597][  0]LogUObjectArray: CloseDisregardForGC: 0/0 objects in disregard for GC pool
[2018.03.21-17.17.13:631][  0]LogInit: WinSock: version 1.1 (2.2), MaxSocks=32767, MaxUdp=65467
[2018.03.21-17.17.15:222][  0]LogTcpMessaging: Initializing TcpMessaging bridge
[2018.03.21-17.17.15:249][  0]LogUdpMessaging: Initializing bridge on interface 0.0.0.0:0 to multicast group 230.0.0.1:6666.
[2018.03.21-17.17.15:590][  0]LogMaterial: Uniform references updated for custom material expression Custom.
[2018.03.21-17.17.15:835][  0]SourceControl: Info Source control is disabled
[2018.03.21-17.17.15:868][  0]SourceControl: Info Source control is disabled
[2018.03.21-17.17.15:894][  0]SourceControl: Info Source control is disabled
[2018.03.21-17.17.15:920][  0]SourceControl: Info Source control is disabled
[2018.03.21-17.17.16:303][  0]LogAndroidPermission: UAndroidPermissionCallbackProxy::GetInstance
[2018.03.21-17.17.16:658][  0]LogEngine: Initializing Engine...
[2018.03.21-17.17.16:659][  0]LogHMD: Failed to initialize OpenVR with code 110
[2018.03.21-17.17.16:822][  0]LogStats: UGameplayTagsManager::ConstructGameplayTagTree: Construct from data asset -  0.000 s
[2018.03.21-17.17.16:822][  0]LogStats: UGameplayTagsManager::ConstructGameplayTagTree: GameplayTagTreeChangedEvent.Broadcast -  0.000 s
[2018.03.21-17.17.16:897][  0]LogAIModule: Creating AISystem for world Untitled
[2018.03.21-17.17.16:919][  0]LogInit: XAudio2 using 'Speakers (Realtek High Definition Audio)' : 2 channels at 48 kHz using 32 bits per sample (channel mask 0x3)
[2018.03.21-17.17.16:926][  0]LogInit: FAudioDevice initialized.
[2018.03.21-17.17.16:963][  0]LogDerivedDataCache: Saved boot cache 0.04s 90MB C:/Users/David/AppData/Local/UnrealEngine/4.16/DerivedDataCache/Boot.ddc.
[2018.03.21-17.17.16:972][  0]LogInit: Texture streaming: Enabled
[2018.03.21-17.17.17:027][  0]LogEngineSessionManager: EngineSessionManager initialized
[2018.03.21-17.17.17:150][  0]LogInit: Transaction tracking system initialized
[2018.03.21-17.17.17:323][  0]BlueprintLog: New page: Editor Load
[2018.03.21-17.17.17:860][  0]LocalizationService: Info Localization service is disabled
[2018.03.21-17.17.18:239][  0]LogConsoleResponse:Display: 
[2018.03.21-17.17.18:344][  0]LogCook:Display: Max memory allowance for cook 16384mb min free memory 0mb
[2018.03.21-17.17.18:344][  0]LogCook:Display: Mobile HDR setting 1
[2018.03.21-17.17.18:586][  0]LogFileCache: Scanning file cache for directory 'D:/GitHub/Project-Escape-Proyecto-Interdisciplinar-CoCo-School-/proyecto/Project_Escape/Content/' took 0.01s
[2018.03.21-17.17.18:935][  0]SourceControl: Info Source control is disabled
[2018.03.21-17.17.18:936][  0]LightingResults: New page: Lighting Build
[2018.03.21-17.17.18:959][  0]MapCheck: New page: Map Check
[2018.03.21-17.17.18:959][  0]LightingResults: New page: Lighting Build
[2018.03.21-17.17.19:443][  0]LogAIModule: Creating AISystem for world ThirdPersonExampleMap
[2018.03.21-17.17.19:563][  0]LogEditorServer: Finished looking for orphan Actors (0.000 secs)
[2018.03.21-17.17.19:575][  0]Cmd: MAP CHECKDEP NOCLEARLOG
[2018.03.21-17.17.19:614][  0]MapCheck: Info Map check complete: 0 Error(s), 0 Warning(s), took 38.145ms to complete.
[2018.03.21-17.17.19:614][  0]LogFileHelpers: Loading map 'ThirdPersonExampleMap' took 0.679
[2018.03.21-17.17.19:718][  0]LogCollectionManager: Loaded 0 collections in 0.001061 seconds
[2018.03.21-17.17.19:800][  0]LogFileCache: Scanning file cache for directory 'D:/GitHub/Project-Escape-Proyecto-Interdisciplinar-CoCo-School-/proyecto/Project_Escape/Saved/Collections/' took 0.01s
[2018.03.21-17.17.19:800][  0]LogFileCache: Scanning file cache for directory 'D:/GitHub/Project-Escape-Proyecto-Interdisciplinar-CoCo-School-/proyecto/Project_Escape/Content/Developers/David/Collections/' took 0.01s
[2018.03.21-17.17.19:800][  0]LogFileCache: Scanning file cache for directory 'D:/GitHub/Project-Escape-Proyecto-Interdisciplinar-CoCo-School-/proyecto/Project_Escape/Content/Collections/' took 0.01s
[2018.03.21-17.17.19:800][  0]LogCollectionManager: Rebuilt the GUID cache for 0 collections in 0.000003 seconds
[2018.03.21-17.17.19:818][  0]LogContentBrowser: Native class hierarchy populated in 0.0174 seconds. Added 2329 classes and 491 folders.
[2018.03.21-17.17.19:881][  0]LogContentBrowser: Native class hierarchy updated for 'WidgetCarousel' in 0.0005 seconds. Added 0 classes and 0 folders.
[2018.03.21-17.17.19:909][  0]LogContentBrowser: Native class hierarchy updated for 'AddContentDialog' in 0.0007 seconds. Added 0 classes and 0 folders.
[2018.03.21-17.17.19:934][  0]LogContentBrowser: Native class hierarchy updated for 'SceneOutliner' in 0.0005 seconds. Added 1 classes and 2 folders.
[2018.03.21-17.17.19:964][  0]LogContentBrowser: Native class hierarchy updated for 'WorldBrowser' in 0.0005 seconds. Added 1 classes and 3 folders.
[2018.03.21-17.17.20:028][  0]LogCrashTracker: Crashtracker disabled due to settings.
[2018.03.21-17.17.20:031][  0]LogSlate: Took 0.000134 seconds to synchronously load lazily loaded font '../../../Engine/Content/Slate/Fonts/Roboto-Regular.ttf' (155K)
[2018.03.21-17.17.20:035][  0]LogSlate: Took 0.000241 seconds to synchronously load lazily loaded font '../../../Engine/Content/Slate/Fonts/Roboto-Bold.ttf' (160K)
[2018.03.21-17.17.20:039][  0]LogSlate: Took 0.000338 seconds to synchronously load lazily loaded font '../../../Engine/Content/Editor/Slate/Fonts/FontAwesome.ttf' (139K)
[2018.03.21-17.17.20:118][  0]LogRenderer: Reallocating scene render targets to support 1204x572 NumSamples 1 (Frame:1).
[2018.03.21-17.17.20:232][  0]LogUObjectGlobals:Warning: Failed to find object 'Class None.'
[2018.03.21-17.17.20:280][  0]LogContentBrowser: Native class hierarchy updated for 'HierarchicalLODOutliner' in 0.0006 seconds. Added 1 classes and 2 folders.
[2018.03.21-17.17.20:280][  0]LogLoad: (Engine Initialization) Total time: 11.67 seconds
[2018.03.21-17.17.20:280][  0]LogLoad: (Engine Initialization) Total Blueprint compile time: 0.14 seconds
[2018.03.21-17.17.20:280][  0]LogExternalProfiler: Found external profiler: VSPerf
[2018.03.21-17.17.20:280][  0]LogExternalProfiler: Using external profiler: VSPerf
[2018.03.21-17.17.20:619][  0]LogOcInput: OculusInput pre-init called
[2018.03.21-17.17.20:619][  0]LogHMD: Starting GearVRController plugin
[2018.03.21-17.17.20:646][  0]LogContentStreaming: Texture pool size now 1000 MB
[2018.03.21-17.17.20:715][  0]LogSlate: Took 0.000220 seconds to synchronously load lazily loaded font '../../../Engine/Content/Slate/Fonts/Roboto-Light.ttf' (159K)
[2018.03.21-17.17.21:303][  2]LogAssetRegistry: Asset discovery search completed in 7.7575 seconds
[2018.03.21-17.17.21:307][  2]LogCollectionManager: Rebuilt the object cache for 0 collections in 0.000001 seconds (found 0 objects)
[2018.03.21-17.17.21:307][  2]LogCollectionManager: Fixed up redirectors for 0 collections in 0.000068 seconds (updated 0 objects)
[2018.03.21-17.17.21:638][  3]LogSlate: Took 0.000536 seconds to synchronously load lazily loaded font '../../../Engine/Content/Slate/Fonts/Roboto-Light.ttf' (159K)
[2018.03.21-17.18.35:417][301]LogSlate: Took 0.000137 seconds to synchronously load lazily loaded font '../../../Engine/Content/Slate/Fonts/Roboto-Light.ttf' (159K)
[2018.03.21-17.18.35:704][301]LogContentBrowser: Native class hierarchy updated for 'BlueprintGraph' in 0.0008 seconds. Added 112 classes and 0 folders.
[2018.03.21-17.18.36:172][301]LogSlate: Took 0.000132 seconds to synchronously load lazily loaded font '../../../Engine/Content/Slate/Fonts/Roboto-Regular.ttf' (155K)
[2018.03.21-17.18.36:229][301]LogSlate: Took 0.000155 seconds to synchronously load lazily loaded font '../../../Engine/Content/Editor/Slate/Fonts/Roboto-BoldCondensed.ttf' (158K)
[2018.03.21-17.18.36:363][302]LogSlate: Took 0.000172 seconds to synchronously load lazily loaded font '../../../Engine/Content/Editor/Slate/Fonts/Roboto-Italic.ttf' (157K)
[2018.03.21-17.19.00:168][246]LogSlate: Took 0.000150 seconds to synchronously load lazily loaded font '../../../Engine/Content/Editor/Slate/Fonts/Roboto-BoldCondensedItalic.ttf' (160K)
[2018.03.21-17.19.31:119][678]BlueprintLog: New page: Compile Jugador
[2018.03.21-17.19.32:083][714]LogSavePackage: Save=54.80ms
[2018.03.21-17.19.32:083][714]LogSavePackage: Moving '../../../../../../GitHub/Project-Escape-Proyecto-Interdisciplinar-CoCo-School-/proyecto/Project_Escape/Saved/Jugador7DC53B304F9EE6B6AE46A89BFFCD7A06.tmp' to '../../../../../../GitHub/Project-Escape-Proyecto-Interdisciplinar-CoCo-School-/proyecto/Project_Escape/Content/Personajes/Jugador.uasset'
[2018.03.21-17.19.32:084][714]LogSavePackage:Display: Finished SavePackage ../../../../../../GitHub/Project-Escape-Proyecto-Interdisciplinar-CoCo-School-/proyecto/Project_Escape/Content/Personajes/Jugador.uasset
[2018.03.21-17.20.33:079][862]BlueprintLog: New page: Compile Jugador
[2018.03.21-17.20.33:767][888]LogSavePackage: Save=61.82ms
[2018.03.21-17.20.33:767][888]LogSavePackage: Moving '../../../../../../GitHub/Project-Escape-Proyecto-Interdisciplinar-CoCo-School-/proyecto/Project_Escape/Saved/JugadorDF53243E40B34186365C5D9F1B0C323C.tmp' to '../../../../../../GitHub/Project-Escape-Proyecto-Interdisciplinar-CoCo-School-/proyecto/Project_Escape/Content/Personajes/Jugador.uasset'
[2018.03.21-17.20.33:769][888]LogSavePackage:Display: Finished SavePackage ../../../../../../GitHub/Project-Escape-Proyecto-Interdisciplinar-CoCo-School-/proyecto/Project_Escape/Content/Personajes/Jugador.uasset
[2018.03.21-17.20.35:436][ 21]LogSavePackage: Save=114.84ms
[2018.03.21-17.20.35:436][ 21]LogSavePackage: Moving '../../../../../../GitHub/Project-Escape-Proyecto-Interdisciplinar-CoCo-School-/proyecto/Project_Escape/Saved/RinhoB6FB39744E1B6BBFB6D11B84EEEB514C.tmp' to '../../../../../../GitHub/Project-Escape-Proyecto-Interdisciplinar-CoCo-School-/proyecto/Project_Escape/Content/Personajes/Rinoceronte/Rinho.uasset'
[2018.03.21-17.20.35:437][ 21]LogSavePackage:Display: Finished SavePackage ../../../../../../GitHub/Project-Escape-Proyecto-Interdisciplinar-CoCo-School-/proyecto/Project_Escape/Content/Personajes/Rinoceronte/Rinho.uasset
[2018.03.21-17.21.06:670][471]LogTemp: Repeting last play command: Selected Viewport
[2018.03.21-17.21.06:725][471]LogBlueprintUserMessages: Early PlayInEditor Detection: Level '/Game/ThirdPersonBP/Maps/ThirdPersonExampleMap.ThirdPersonExampleMap:PersistentLevel' has LevelScriptBlueprint '/Game/ThirdPersonBP/Maps/ThirdPersonExampleMap.ThirdPersonExampleMap:PersistentLevel.ThirdPersonExampleMap' with GeneratedClass '/Game/ThirdPersonBP/Maps/ThirdPersonExampleMap.ThirdPersonExampleMap_C' with ClassGeneratedBy '/Game/ThirdPersonBP/Maps/ThirdPersonExampleMap.ThirdPersonExampleMap:PersistentLevel.ThirdPersonExampleMap'
[2018.03.21-17.21.06:725][471]LogPlayLevel: PlayLevel: No blueprints needed recompiling
[2018.03.21-17.21.06:726][471]PIE: New page: PIE session: ThirdPersonExampleMap (Mar 21, 2018, 7:21:06 PM)
[2018.03.21-17.21.06:726][471]LogPlayLevel: Creating play world package: /Game/ThirdPersonBP/Maps/UEDPIE_0_ThirdPersonExampleMap
[2018.03.21-17.21.06:741][471]LogPlayLevel: PIE: StaticDuplicateObject took: (0.015608s)
[2018.03.21-17.21.06:742][471]LogAIModule: Creating AISystem for world ThirdPersonExampleMap
[2018.03.21-17.21.06:742][471]LogPlayLevel: PIE: World Init took: (0.000796s)
[2018.03.21-17.21.06:742][471]LogPlayLevel: PIE: Created PIE world by copying editor world from /Game/ThirdPersonBP/Maps/ThirdPersonExampleMap.ThirdPersonExampleMap to /Game/ThirdPersonBP/Maps/UEDPIE_0_ThirdPersonExampleMap.ThirdPersonExampleMap (0.016617s)
[2018.03.21-17.21.06:779][471]LogInit: XAudio2 using 'Speakers (Realtek High Definition Audio)' : 2 channels at 48 kHz using 32 bits per sample (channel mask 0x3)
[2018.03.21-17.21.06:785][471]LogInit: FAudioDevice initialized.
[2018.03.21-17.21.06:830][471]LogLoad: Game class is 'ThirdPersonGameMode_C'
[2018.03.21-17.21.06:833][471]LogWorld: Bringing World /Game/ThirdPersonBP/Maps/UEDPIE_0_ThirdPersonExampleMap.ThirdPersonExampleMap up for play (max tick rate 0) at 2018.03.21-18.21.06
[2018.03.21-17.21.06:834][471]LogWorld: Bringing up level for play took: 0.002207
[2018.03.21-17.21.06:859][471]LogContentBrowser: Native class hierarchy updated for 'MovieSceneCapture' in 0.0005 seconds. Added 11 classes and 0 folders.
[2018.03.21-17.21.06:859][471]LogLevel: ActivateLevel /Game/Levels/UEDPIE_0_Nivel1 1 1 0
[2018.03.21-17.21.06:860][471]PIE: Info Play in editor start time for /Game/ThirdPersonBP/Maps/UEDPIE_0_ThirdPersonExampleMap -0.186
[2018.03.21-17.21.06:860][471]LogBlueprintUserMessages: Late PlayInEditor Detection: Level '/Game/ThirdPersonBP/Maps/ThirdPersonExampleMap.ThirdPersonExampleMap:PersistentLevel' has LevelScriptBlueprint '/Game/ThirdPersonBP/Maps/ThirdPersonExampleMap.ThirdPersonExampleMap:PersistentLevel.ThirdPersonExampleMap' with GeneratedClass '/Game/ThirdPersonBP/Maps/ThirdPersonExampleMap.ThirdPersonExampleMap_C' with ClassGeneratedBy '/Game/ThirdPersonBP/Maps/ThirdPersonExampleMap.ThirdPersonExampleMap:PersistentLevel.ThirdPersonExampleMap'
[2018.03.21-17.21.06:927][472]LogLevel: ActivateLevel /Game/Levels/UEDPIE_0_Nivel2 1 1 0
[2018.03.21-17.21.06:953][473]LogLevel: ActivateLevel /Game/Levels/UEDPIE_0_Nivel3 1 1 0
[2018.03.21-17.21.08:370][642]LogBlueprintUserMessages: [Rinho_743] 170.0
[2018.03.21-17.21.11:896][ 65]LogBlueprintUserMessages: Early EndPlayMap Detection: Level '/Game/ThirdPersonBP/Maps/ThirdPersonExampleMap.ThirdPersonExampleMap:PersistentLevel' has LevelScriptBlueprint '/Game/ThirdPersonBP/Maps/ThirdPersonExampleMap.ThirdPersonExampleMap:PersistentLevel.ThirdPersonExampleMap' with GeneratedClass '/Game/ThirdPersonBP/Maps/ThirdPersonExampleMap.ThirdPersonExampleMap_C' with ClassGeneratedBy '/Game/ThirdPersonBP/Maps/ThirdPersonExampleMap.ThirdPersonExampleMap:PersistentLevel.ThirdPersonExampleMap'
[2018.03.21-17.21.11:941][ 65]LogBlueprintUserMessages: Late EndPlayMap Detection: Level '/Game/ThirdPersonBP/Maps/ThirdPersonExampleMap.ThirdPersonExampleMap:PersistentLevel' has LevelScriptBlueprint '/Game/ThirdPersonBP/Maps/ThirdPersonExampleMap.ThirdPersonExampleMap:PersistentLevel.ThirdPersonExampleMap' with GeneratedClass '/Game/ThirdPersonBP/Maps/ThirdPersonExampleMap.ThirdPersonExampleMap_C' with ClassGeneratedBy '/Game/ThirdPersonBP/Maps/ThirdPersonExampleMap.ThirdPersonExampleMap:PersistentLevel.ThirdPersonExampleMap'
[2018.03.21-17.21.52:997][269]BlueprintLog: New page: Compile Rinho
[2018.03.21-17.21.56:508][656]LogTemp: Repeting last play command: Selected Viewport
[2018.03.21-17.21.56:527][656]LogBlueprintUserMessages: Early PlayInEditor Detection: Level '/Game/ThirdPersonBP/Maps/ThirdPersonExampleMap.ThirdPersonExampleMap:PersistentLevel' has LevelScriptBlueprint '/Game/ThirdPersonBP/Maps/ThirdPersonExampleMap.ThirdPersonExampleMap:PersistentLevel.ThirdPersonExampleMap' with GeneratedClass '/Game/ThirdPersonBP/Maps/ThirdPersonExampleMap.ThirdPersonExampleMap_C' with ClassGeneratedBy '/Game/ThirdPersonBP/Maps/ThirdPersonExampleMap.ThirdPersonExampleMap:PersistentLevel.ThirdPersonExampleMap'
[2018.03.21-17.21.56:527][656]BlueprintLog: New page: Pre-Play auto-recompile
[2018.03.21-17.21.56:527][656]LogPlayLevel: [PlayLevel] Compiling Jugador before play...
[2018.03.21-17.21.56:553][656]LogPlayLevel: [PlayLevel]   Compiling Rinho as a dependent...
[2018.03.21-17.21.56:582][656]LogPlayLevel: [PlayLevel]   Compiling Rinho_ABP as a dependent...
[2018.03.21-17.21.56:847][656]LogPlayLevel: PlayLevel: Blueprint regeneration took 318 ms (3 blueprints)
[2018.03.21-17.21.56:847][656]PIE: New page: PIE session: ThirdPersonExampleMap (Mar 21, 2018, 7:21:56 PM)
[2018.03.21-17.21.56:847][656]LogPlayLevel: Creating play world package: /Game/ThirdPersonBP/Maps/UEDPIE_0_ThirdPersonExampleMap
[2018.03.21-17.21.56:863][656]LogPlayLevel: PIE: StaticDuplicateObject took: (0.015699s)
[2018.03.21-17.21.56:863][656]LogAIModule: Creating AISystem for world ThirdPersonExampleMap
[2018.03.21-17.21.56:863][656]LogPlayLevel: PIE: World Init took: (0.000752s)
[2018.03.21-17.21.56:864][656]LogPlayLevel: PIE: Created PIE world by copying editor world from /Game/ThirdPersonBP/Maps/ThirdPersonExampleMap.ThirdPersonExampleMap to /Game/ThirdPersonBP/Maps/UEDPIE_0_ThirdPersonExampleMap.ThirdPersonExampleMap (0.016706s)
[2018.03.21-17.21.56:895][656]LogInit: XAudio2 using 'Speakers (Realtek High Definition Audio)' : 2 channels at 48 kHz using 32 bits per sample (channel mask 0x3)
[2018.03.21-17.21.56:901][656]LogInit: FAudioDevice initialized.
[2018.03.21-17.21.56:931][656]LogLoad: Game class is 'ThirdPersonGameMode_C'
[2018.03.21-17.21.56:933][656]LogWorld: Bringing World /Game/ThirdPersonBP/Maps/UEDPIE_0_ThirdPersonExampleMap.ThirdPersonExampleMap up for play (max tick rate 0) at 2018.03.21-18.21.56
[2018.03.21-17.21.56:933][656]LogWorld: Bringing up level for play took: 0.001988
[2018.03.21-17.21.56:934][656]LogLevel: ActivateLevel /Game/Levels/UEDPIE_0_Nivel1 1 1 0
[2018.03.21-17.21.56:934][656]PIE: Info Play in editor start time for /Game/ThirdPersonBP/Maps/UEDPIE_0_ThirdPersonExampleMap -0.111
[2018.03.21-17.21.56:934][656]LogBlueprintUserMessages: Late PlayInEditor Detection: Level '/Game/ThirdPersonBP/Maps/ThirdPersonExampleMap.ThirdPersonExampleMap:PersistentLevel' has LevelScriptBlueprint '/Game/ThirdPersonBP/Maps/ThirdPersonExampleMap.ThirdPersonExampleMap:PersistentLevel.ThirdPersonExampleMap' with GeneratedClass '/Game/ThirdPersonBP/Maps/ThirdPersonExampleMap.ThirdPersonExampleMap_C' with ClassGeneratedBy '/Game/ThirdPersonBP/Maps/ThirdPersonExampleMap.ThirdPersonExampleMap:PersistentLevel.ThirdPersonExampleMap'
[2018.03.21-17.21.56:976][657]LogLevel: ActivateLevel /Game/Levels/UEDPIE_0_Nivel2 1 1 0
[2018.03.21-17.21.57:004][658]LogLevel: ActivateLevel /Game/Levels/UEDPIE_0_Nivel3 1 1 0
[2018.03.21-17.22.14:848][798]LogBlueprintUserMessages: Early EndPlayMap Detection: Level '/Game/ThirdPersonBP/Maps/ThirdPersonExampleMap.ThirdPersonExampleMap:PersistentLevel' has LevelScriptBlueprint '/Game/ThirdPersonBP/Maps/ThirdPersonExampleMap.ThirdPersonExampleMap:PersistentLevel.ThirdPersonExampleMap' with GeneratedClass '/Game/ThirdPersonBP/Maps/ThirdPersonExampleMap.ThirdPersonExampleMap_C' with ClassGeneratedBy '/Game/ThirdPersonBP/Maps/ThirdPersonExampleMap.ThirdPersonExampleMap:PersistentLevel.ThirdPersonExampleMap'
[2018.03.21-17.22.14:905][798]LogBlueprintUserMessages: Late EndPlayMap Detection: Level '/Game/ThirdPersonBP/Maps/ThirdPersonExampleMap.ThirdPersonExampleMap:PersistentLevel' has LevelScriptBlueprint '/Game/ThirdPersonBP/Maps/ThirdPersonExampleMap.ThirdPersonExampleMap:PersistentLevel.ThirdPersonExampleMap' with GeneratedClass '/Game/ThirdPersonBP/Maps/ThirdPersonExampleMap.ThirdPersonExampleMap_C' with ClassGeneratedBy '/Game/ThirdPersonBP/Maps/ThirdPersonExampleMap.ThirdPersonExampleMap:PersistentLevel.ThirdPersonExampleMap'
[2018.03.21-17.22.22:678][546]BlueprintLog: New page: Compile Rinho
[2018.03.21-17.22.23:413][580]LogSavePackage: Save=98.87ms
[2018.03.21-17.22.23:414][580]LogSavePackage: Moving '../../../../../../GitHub/Project-Escape-Proyecto-Interdisciplinar-CoCo-School-/proyecto/Project_Escape/Saved/Rinho38F5366D4DD2FC484154F0BDDF2AA7F7.tmp' to '../../../../../../GitHub/Project-Escape-Proyecto-Interdisciplinar-CoCo-School-/proyecto/Project_Escape/Content/Personajes/Rinoceronte/Rinho.uasset'
[2018.03.21-17.22.23:415][580]LogSavePackage:Display: Finished SavePackage ../../../../../../GitHub/Project-Escape-Proyecto-Interdisciplinar-CoCo-School-/proyecto/Project_Escape/Content/Personajes/Rinoceronte/Rinho.uasset
[2018.03.21-17.22.26:471][788]LogSavePackage: Save=65.50ms
[2018.03.21-17.22.26:471][788]LogSavePackage: Moving '../../../../../../GitHub/Project-Escape-Proyecto-Interdisciplinar-CoCo-School-/proyecto/Project_Escape/Saved/JugadorDE02D5FA4EE5B3C66524A19697A7B81C.tmp' to '../../../../../../GitHub/Project-Escape-Proyecto-Interdisciplinar-CoCo-School-/proyecto/Project_Escape/Content/Personajes/Jugador.uasset'
[2018.03.21-17.22.26:472][788]LogSavePackage:Display: Finished SavePackage ../../../../../../GitHub/Project-Escape-Proyecto-Interdisciplinar-CoCo-School-/proyecto/Project_Escape/Content/Personajes/Jugador.uasset
[2018.03.21-17.22.26:656][788]LogSavePackage: Save=116.28ms
[2018.03.21-17.22.26:656][788]LogSavePackage: Moving '../../../../../../GitHub/Project-Escape-Proyecto-Interdisciplinar-CoCo-School-/proyecto/Project_Escape/Saved/ThirdPersonExampleMapCF85C61E4D827A30AEA12EACC9423CE1.tmp' to '../../../../../../GitHub/Project-Escape-Proyecto-Interdisciplinar-CoCo-School-/proyecto/Project_Escape/Content/ThirdPersonBP/Maps/ThirdPersonExampleMap.umap'
[2018.03.21-17.22.26:658][788]LogSavePackage:Display: Finished SavePackage ../../../../../../GitHub/Project-Escape-Proyecto-Interdisciplinar-CoCo-School-/proyecto/Project_Escape/Content/ThirdPersonBP/Maps/ThirdPersonExampleMap.umap
[2018.03.21-17.22.26:693][788]LogFileHelpers: Saving map 'ThirdPersonExampleMap' took 0.219
[2018.03.21-17.22.26:836][788]LogActorComponent: UnregisterComponent: (/Engine/Transient.EditorFloorComp) Not registered. Aborting.
[2018.03.21-17.22.26:887][788]LogWindowsTextInputMethodSystem:Display: IME system now deactivated.
[2018.03.21-17.22.27:056][789]Cmd: QUIT_EDITOR
[2018.03.21-17.22.27:124][789]LogExit: Preparing to exit.
[2018.03.21-17.22.27:689][789]LogDirectoryWatcher: A directory notification for 'D:/GitHub/Project-Escape-Proyecto-Interdisciplinar-CoCo-School-/proyecto/Project_Escape/Content/' was aborted.
[2018.03.21-17.22.27:722][789]LogExit: Editor shut down
[2018.03.21-17.22.27:725][789]LogExit: Transaction tracking system shut down
[2018.03.21-17.22.27:817][789]LogObj: Freed 0b from 0 cluster array pools.
[2018.03.21-17.22.27:817][789]LogExit: Object subsystem successfully closed.
[2018.03.21-17.22.27:836][789]LogD3D11RHI: Shutdown
[2018.03.21-17.22.27:836][789]LogD3D11RHI: CleanupD3DDevice
[2018.03.21-17.22.27:898][789]LogD3D11RHI: ~FD3D11DynamicRHI
[2018.03.21-17.22.27:904][789]LogModuleManager: Shutting down and abandoning module MovieSceneCapture (532)
[2018.03.21-17.22.27:905][789]LogModuleManager: Shutting down and abandoning module BlueprintGraph (530)
[2018.03.21-17.22.27:905][789]LogModuleManager: Shutting down and abandoning module BlueprintProfiler (528)
[2018.03.21-17.22.27:905][789]LogModuleManager: Shutting down and abandoning module HierarchicalLODOutliner (526)
[2018.03.21-17.22.27:905][789]LogModuleManager: Shutting down and abandoning module CrashTracker (524)
[2018.03.21-17.22.27:905][789]LogModuleManager: Shutting down and abandoning module WorldBrowser (522)
[2018.03.21-17.22.27:905][789]LogModuleManager: Shutting down and abandoning module SceneOutliner (520)
[2018.03.21-17.22.27:905][789]LogModuleManager: Shutting down and abandoning module AddContentDialog (518)
[2018.03.21-17.22.27:905][789]LogDirectoryWatcher: A directory notification for 'D:/Program Files (x86)/Epic Games/UE_4.16/FeaturePacks/' was aborted.
[2018.03.21-17.22.27:905][789]LogModuleManager: Shutting down and abandoning module WidgetCarousel (517)
[2018.03.21-17.22.27:905][789]LogModuleManager: Shutting down and abandoning module EditorWidgets (514)
[2018.03.21-17.22.27:905][789]LogModuleManager: Shutting down and abandoning module CollectionManager (512)
[2018.03.21-17.22.27:905][789]LogDirectoryWatcher: A directory notification for 'D:/GitHub/Project-Escape-Proyecto-Interdisciplinar-CoCo-School-/proyecto/Project_Escape/Content/Collections/' was aborted.
[2018.03.21-17.22.27:905][789]LogDirectoryWatcher: A directory notification for 'D:/GitHub/Project-Escape-Proyecto-Interdisciplinar-CoCo-School-/proyecto/Project_Escape/Content/Developers/David/Collections/' was aborted.
[2018.03.21-17.22.27:905][789]LogDirectoryWatcher: A directory notification for 'D:/GitHub/Project-Escape-Proyecto-Interdisciplinar-CoCo-School-/proyecto/Project_Escape/Saved/Collections/' was aborted.
[2018.03.21-17.22.27:906][789]LogModuleManager: Shutting down and abandoning module StatsViewer (510)
[2018.03.21-17.22.27:906][789]LogModuleManager: Shutting down and abandoning module FoliageEdit (508)
[2018.03.21-17.22.27:906][789]LogModuleManager: Shutting down and abandoning module LandscapeEditor (506)
[2018.03.21-17.22.27:906][789]LogModuleManager: Shutting down and abandoning module MeshPaintMode (504)
[2018.03.21-17.22.27:906][789]LogModuleManager: Shutting down and abandoning module SceneDepthPickerMode (502)
[2018.03.21-17.22.27:906][789]LogModuleManager: Shutting down and abandoning module ActorPickerMode (500)
[2018.03.21-17.22.27:906][789]LogModuleManager: Shutting down and abandoning module GeometryMode (498)
[2018.03.21-17.22.27:906][789]LogModuleManager: Shutting down and abandoning module TextureAlignMode (496)
[2018.03.21-17.22.27:906][789]LogModuleManager: Shutting down and abandoning module BspMode (494)
[2018.03.21-17.22.27:906][789]LogModuleManager: Shutting down and abandoning module HardwareSurvey (492)
[2018.03.21-17.22.27:906][789]LogModuleManager: Shutting down and abandoning module SequenceRecorderSections (490)
[2018.03.21-17.22.27:906][789]LogModuleManager: Shutting down and abandoning module AutomationWorker (488)
[2018.03.21-17.22.27:906][789]LogModuleManager: Shutting down and abandoning module MatineeToLevelSequence (486)
[2018.03.21-17.22.27:906][789]LogModuleManager: Shutting down and abandoning module LevelSequenceEditor (484)
[2018.03.21-17.22.27:906][789]LogModuleManager: Shutting down and abandoning module PlacementMode (483)
[2018.03.21-17.22.27:906][789]LogModuleManager: Shutting down and abandoning module WmfMediaFactory (480)
[2018.03.21-17.22.27:906][789]LogModuleManager: Shutting down and abandoning module WmfMediaEditor (478)
[2018.03.21-17.22.27:906][789]LogModuleManager: Shutting down and abandoning module AvfMediaFactory (476)
[2018.03.21-17.22.27:906][789]LogModuleManager: Shutting down and abandoning module AvfMediaEditor (474)
[2018.03.21-17.22.27:906][789]LogModuleManager: Shutting down and abandoning module AndroidMediaFactory (472)
[2018.03.21-17.22.27:906][789]LogModuleManager: Shutting down and abandoning module Media (471)
[2018.03.21-17.22.27:906][789]LogModuleManager: Shutting down and abandoning module AndroidMediaEditor (468)
[2018.03.21-17.22.27:906][789]LogModuleManager: Shutting down and abandoning module CharacterAI (466)
[2018.03.21-17.22.27:906][789]LogModuleManager: Shutting down and abandoning module AudioCapture (464)
[2018.03.21-17.22.27:906][789]LogModuleManager: Shutting down and abandoning module SequenceRecorder (463)
[2018.03.21-17.22.27:906][789]LogModuleManager: Shutting down and abandoning module SmartSnapping (460)
[2018.03.21-17.22.27:906][789]LogModuleManager: Shutting down and abandoning module SessionServices (458)
[2018.03.21-17.22.27:906][789]LogModuleManager: Shutting down and abandoning module ViewportSnapping (456)
[2018.03.21-17.22.27:906][789]LogModuleManager: Shutting down and abandoning module ViewportInteraction (454)
[2018.03.21-17.22.27:906][789]LogModuleManager: Shutting down and abandoning module ClothPainter (452)
[2018.03.21-17.22.27:906][789]LogModuleManager: Shutting down and abandoning module LogVisualizer (450)
[2018.03.21-17.22.27:906][789]LogModuleManager: Shutting down and abandoning module IntroTutorials (448)
[2018.03.21-17.22.27:906][789]LogModuleManager: Shutting down and abandoning module GameProjectGeneration (447)
[2018.03.21-17.22.27:906][789]LogModuleManager: Shutting down and abandoning module EditorLiveStreaming (444)
[2018.03.21-17.22.27:906][789]LogModuleManager: Shutting down and abandoning module IOSPlatformEditor (442)
[2018.03.21-17.22.27:906][789]LogModuleManager: Shutting down and abandoning module HTML5PlatformEditor (440)
[2018.03.21-17.22.27:906][789]LogModuleManager: Shutting down and abandoning module AndroidPlatformEditor (438)
[2018.03.21-17.22.27:906][789]LogModuleManager: Shutting down and abandoning module AndroidDeviceDetection (437)
[2018.03.21-17.22.28:361][789]LogModuleManager: Shutting down and abandoning module IOSRuntimeSettings (434)
[2018.03.21-17.22.28:361][789]LogModuleManager: Shutting down and abandoning module AndroidRuntimeSettings (432)
[2018.03.21-17.22.28:361][789]LogModuleManager: Shutting down and abandoning module InputBindingEditor (430)
[2018.03.21-17.22.28:361][789]LogModuleManager: Shutting down and abandoning module MergeActors (428)
[2018.03.21-17.22.28:361][789]LogModuleManager: Shutting down and abandoning module SizeMap (426)
[2018.03.21-17.22.28:361][789]LogModuleManager: Shutting down and abandoning module TreeMap (424)
[2018.03.21-17.22.28:361][789]LogModuleManager: Shutting down and abandoning module ReferenceViewer (422)
[2018.03.21-17.22.28:361][789]LogModuleManager: Shutting down and abandoning module LocalizationDashboard (420)
[2018.03.21-17.22.28:361][789]LogModuleManager: Shutting down and abandoning module LocalizationService (419)
[2018.03.21-17.22.28:361][789]LogModuleManager: Shutting down and abandoning module HardwareTargeting (416)
[2018.03.21-17.22.28:361][789]LogModuleManager: Shutting down and abandoning module DeviceProfileEditor (414)
[2018.03.21-17.22.28:361][789]LogModuleManager: Shutting down and abandoning module UndoHistory (412)
[2018.03.21-17.22.28:361][789]LogModuleManager: Shutting down and abandoning module UserFeedback (410)
[2018.03.21-17.22.28:361][789]LogModuleManager: Shutting down and abandoning module XmlParser (408)
[2018.03.21-17.22.28:361][789]LogModuleManager: Shutting down and abandoning module Blutility (406)
[2018.03.21-17.22.28:361][789]LogModuleManager: Shutting down and abandoning module ProjectSettingsViewer (404)
[2018.03.21-17.22.28:361][789]LogModuleManager: Shutting down and abandoning module ProjectTargetPlatformEditor (403)
[2018.03.21-17.22.28:362][789]LogModuleManager: Shutting down and abandoning module EditorSettingsViewer (400)
[2018.03.21-17.22.28:362][789]LogModuleManager: Shutting down and abandoning module SettingsEditor (398)
[2018.03.21-17.22.28:362][789]LogModuleManager: Shutting down and abandoning module ProjectLauncher (396)
[2018.03.21-17.22.28:362][789]LogModuleManager: Shutting down and abandoning module SessionFrontend (394)
[2018.03.21-17.22.28:362][789]LogModuleManager: Shutting down and abandoning module ProfilerClient (392)
[2018.03.21-17.22.28:362][789]LogModuleManager: Shutting down and abandoning module DeviceManager (390)
[2018.03.21-17.22.28:362][789]LogModuleManager: Shutting down and abandoning module TargetDeviceServices (389)
[2018.03.21-17.22.28:406][789]LogModuleManager: Shutting down and abandoning module AutomationController (386)
[2018.03.21-17.22.28:406][789]LogModuleManager: Shutting down and abandoning module AutomationWindow (384)
[2018.03.21-17.22.28:406][789]LogModuleManager: Shutting down and abandoning module Layers (382)
[2018.03.21-17.22.28:406][789]LogModuleManager: Shutting down and abandoning module ComponentVisualizers (380)
[2018.03.21-17.22.28:406][789]LogModuleManager: Shutting down and abandoning module DetailCustomizations (378)
[2018.03.21-17.22.28:406][789]LogModuleManager: Shutting down and abandoning module PackagesDialog (376)
[2018.03.21-17.22.28:407][789]LogModuleManager: Shutting down and abandoning module Persona (374)
[2018.03.21-17.22.28:407][789]LogModuleManager: Shutting down and abandoning module AdvancedPreviewScene (373)
[2018.03.21-17.22.28:407][789]LogModuleManager: Shutting down and abandoning module AnimGraph (371)
[2018.03.21-17.22.28:407][789]LogModuleManager: Shutting down and abandoning module Kismet (368)
[2018.03.21-17.22.28:428][789]LogModuleManager: Shutting down and abandoning module ClassViewer (366)
[2018.03.21-17.22.28:429][789]LogModuleManager: Shutting down and abandoning module Toolbox (364)
[2018.03.21-17.22.28:429][789]LogModuleManager: Shutting down and abandoning module ModuleUI (362)
[2018.03.21-17.22.28:429][789]LogModuleManager: Shutting down and abandoning module MovieSceneTools (360)
[2018.03.21-17.22.28:429][789]LogModuleManager: Shutting down and abandoning module OutputLog (358)
[2018.03.21-17.22.28:429][789]LogModuleManager: Shutting down and abandoning module GammaUI (356)
[2018.03.21-17.22.28:429][789]LogModuleManager: Shutting down and abandoning module Documentation (354)
[2018.03.21-17.22.28:429][789]LogModuleManager: Shutting down and abandoning module MovieSceneTracks (352)
[2018.03.21-17.22.28:429][789]LogModuleManager: Shutting down and abandoning module MovieScene (350)
[2018.03.21-17.22.28:429][789]LogModuleManager: Shutting down and abandoning module Niagara (348)
[2018.03.21-17.22.28:429][789]LogModuleManager: Shutting down and abandoning module NiagaraEditor (347)
[2018.03.21-17.22.28:429][789]LogModuleManager: Shutting down and abandoning module StreamingPauseRendering (344)
[2018.03.21-17.22.28:429][789]LogModuleManager: Shutting down and abandoning module AnalyticsET (342)
[2018.03.21-17.22.28:429][789]LogModuleManager: Shutting down and abandoning module PortalServices (340)
[2018.03.21-17.22.28:429][789]LogModuleManager: Shutting down and abandoning module PortalRpc (338)
[2018.03.21-17.22.28:429][789]LogModuleManager: Shutting down and abandoning module MessagingRpc (336)
[2018.03.21-17.22.28:429][789]LogModuleManager: Shutting down and abandoning module AIModule (334)
[2018.03.21-17.22.28:430][789]LogModuleManager: Shutting down and abandoning module GameplayDebugger (333)
[2018.03.21-17.22.28:430][789]LogModuleManager: Shutting down and abandoning module AITestSuite (331)
[2018.03.21-17.22.28:430][789]LogModuleManager: Shutting down and abandoning module ProfilerService (328)
[2018.03.21-17.22.28:438][789]LogModuleManager: Shutting down and abandoning module TaskGraph (326)
[2018.03.21-17.22.28:438][789]LogModuleManager: Shutting down and abandoning module SteamVRController (324)
[2018.03.21-17.22.28:438][789]LogModuleManager: Shutting down and abandoning module SteamVR (322)
[2018.03.21-17.22.28:438][789]LogModuleManager: Shutting down and abandoning module ProceduralMeshComponentEditor (320)
[2018.03.21-17.22.28:438][789]LogModuleManager: Shutting down and abandoning module ProceduralMeshComponent (318)
[2018.03.21-17.22.28:438][789]LogModuleManager: Shutting down and abandoning module OculusLibrary (316)
[2018.03.21-17.22.28:438][789]LogModuleManager: Shutting down and abandoning module OculusInput (314)
[2018.03.21-17.22.28:438][789]LogModuleManager: Shutting down and abandoning module MobilePatchingUtils (312)
[2018.03.21-17.22.28:438][789]LogModuleManager: Shutting down and abandoning module CustomMeshComponent (310)
[2018.03.21-17.22.28:438][789]LogModuleManager: Shutting down and abandoning module CableComponent (308)
[2018.03.21-17.22.28:438][789]LogModuleManager: Shutting down and abandoning module ArchVisCharacter (306)
[2018.03.21-17.22.28:438][789]LogModuleManager: Shutting down and abandoning module AndroidPermission (304)
[2018.03.21-17.22.28:438][789]LogModuleManager: Shutting down and abandoning module MediaPlayerEditor (300)
[2018.03.21-17.22.28:438][789]LogModuleManager: Shutting down and abandoning module HTML5Networking (298)
[2018.03.21-17.22.28:438][789]LogModuleManager: Shutting down and abandoning module AlembicImporter (296)
[2018.03.21-17.22.28:438][789]LogModuleManager: Shutting down and abandoning module AlembicLibrary (295)
[2018.03.21-17.22.28:438][789]LogModuleManager: Shutting down and abandoning module GeometryCache (294)
[2018.03.21-17.22.28:438][789]LogModuleManager: Shutting down and abandoning module GeometryCacheEd (293)
[2018.03.21-17.22.28:438][789]LogModuleManager: Shutting down and abandoning module SuperSearchEditor (288)
[2018.03.21-17.22.28:438][789]LogModuleManager: Shutting down and abandoning module SuperSearch (287)
[2018.03.21-17.22.28:438][789]LogModuleManager: Shutting down and abandoning module SpeedTreeImporter (284)
[2018.03.21-17.22.28:438][789]LogModuleManager: Shutting down and abandoning module PluginBrowser (282)
[2018.03.21-17.22.28:438][789]LogModuleManager: Shutting down and abandoning module MobileLauncherProfileWizard (280)
[2018.03.21-17.22.28:439][789]LogModuleManager: Shutting down and abandoning module VisualStudioSourceCodeAccess (278)
[2018.03.21-17.22.28:439][789]LogModuleManager: Shutting down and abandoning module DesktopPlatform (277)
[2018.03.21-17.22.28:439][789]LogModuleManager: Shutting down and abandoning module UObjectPlugin (274)
[2018.03.21-17.22.28:439][789]LogModuleManager: Shutting down and abandoning module SubversionSourceControl (272)
[2018.03.21-17.22.28:439][789]LogModuleManager: Shutting down and abandoning module PerforceSourceControl (270)
[2018.03.21-17.22.28:439][789]LogModuleManager: Shutting down and abandoning module GitSourceControl (268)
[2018.03.21-17.22.28:439][789]LogModuleManager: Shutting down and abandoning module SourceControl (267)
[2018.03.21-17.22.28:439][789]LogModuleManager: Shutting down and abandoning module LightPropagationVolumeEditor (264)
[2018.03.21-17.22.28:439][789]LogModuleManager: Shutting down and abandoning module PaperTiledImporter (262)
[2018.03.21-17.22.28:439][789]LogModuleManager: Shutting down and abandoning module PaperSpriteSheetImporter (260)
[2018.03.21-17.22.28:439][789]LogModuleManager: Shutting down and abandoning module Paper2DEditor (258)
[2018.03.21-17.22.28:439][789]LogModuleManager: Shutting down and abandoning module MeshPaint (257)
[2018.03.21-17.22.28:439][789]LogModuleManager: Shutting down and abandoning module LevelEditor (255)
[2018.03.21-17.22.28:440][789]LogModuleManager: Shutting down and abandoning module PixelInspectorModule (254)
[2018.03.21-17.22.28:440][789]LogModuleManager: Shutting down and abandoning module MainFrame (252)
[2018.03.21-17.22.28:440][789]LogModuleManager: Shutting down and abandoning module HotReload (251)
[2018.03.21-17.22.28:441][789]LogModuleManager: Shutting down and abandoning module PhysXVehiclesEditor (246)
[2018.03.21-17.22.28:441][789]LogModuleManager: Shutting down and abandoning module PhysXVehicles (244)
[2018.03.21-17.22.28:441][789]LogModuleManager: Shutting down and abandoning module LocationServicesBPLibrary (242)
[2018.03.21-17.22.28:441][789]LogModuleManager: Shutting down and abandoning module ImmediatePhysicsEditor (240)
[2018.03.21-17.22.28:441][789]LogModuleManager: Shutting down and abandoning module ImmediatePhysics (238)
[2018.03.21-17.22.28:441][789]LogModuleManager: Shutting down and abandoning module UdpMessaging (236)
[2018.03.21-17.22.28:542][789]LogModuleManager: Shutting down and abandoning module TcpMessaging (234)
[2018.03.21-17.22.28:643][789]LogModuleManager: Shutting down and abandoning module GameplayTagsEditor (232)
[2018.03.21-17.22.28:643][789]LogModuleManager: Shutting down and abandoning module FacialAnimationEditor (230)
[2018.03.21-17.22.28:643][789]LogModuleManager: Shutting down and abandoning module FacialAnimation (228)
[2018.03.21-17.22.28:643][789]LogModuleManager: Shutting down and abandoning module AssetManagerEditor (226)
[2018.03.21-17.22.28:643][789]LogModuleManager: Shutting down and abandoning module GraphEditor (225)
[2018.03.21-17.22.28:643][789]LogModuleManager: Shutting down and abandoning module ContentBrowser (223)
[2018.03.21-17.22.28:645][789]LogModuleManager: Shutting down and abandoning module LightPropagationVolumeRuntime (220)
[2018.03.21-17.22.28:645][789]LogModuleManager: Shutting down and abandoning module Paper2D (218)
[2018.03.21-17.22.28:645][789]LogModuleManager: Shutting down and abandoning module WindowsMoviePlayer (216)
[2018.03.21-17.22.28:645][789]LogModuleManager: Shutting down and abandoning module WmfMedia (214)
[2018.03.21-17.22.28:645][789]LogModuleManager: Shutting down and abandoning module ClothingSystemEditor (212)
[2018.03.21-17.22.28:645][789]LogModuleManager: Shutting down and abandoning module ClothingSystemRuntime (210)
[2018.03.21-17.22.28:645][789]LogModuleManager: Shutting down and abandoning module MediaAssets (208)
[2018.03.21-17.22.28:645][789]LogModuleManager: Shutting down and abandoning module GameLiveStreaming (206)
[2018.03.21-17.22.28:645][789]LogModuleManager: Shutting down and abandoning module VREditor (204)
[2018.03.21-17.22.28:646][789]LogModuleManager: Shutting down and abandoning module StringTableEditor (202)
[2018.03.21-17.22.28:646][789]LogModuleManager: Shutting down and abandoning module GameplayTasksEditor (200)
[2018.03.21-17.22.28:646][789]LogModuleManager: Shutting down and abandoning module BehaviorTreeEditor (198)
[2018.03.21-17.22.28:646][789]LogModuleManager: Shutting down and abandoning module FunctionalTesting (196)
[2018.03.21-17.22.28:646][789]LogModuleManager: Shutting down and abandoning module CollisionAnalyzer (194)
[2018.03.21-17.22.28:646][789]LogModuleManager: Shutting down and abandoning module UMG (192)
[2018.03.21-17.22.28:646][789]LogModuleManager: Shutting down and abandoning module UMGEditor (191)
[2018.03.21-17.22.28:646][789]LogModuleManager: Shutting down and abandoning module Sequencer (190)
[2018.03.21-17.22.28:646][789]LogModuleManager: Shutting down and abandoning module AssetTools (188)
[2018.03.21-17.22.28:646][789]LogModuleManager: Shutting down and abandoning module MessageLog (187)
[2018.03.21-17.22.28:646][789]LogModuleManager: Shutting down and abandoning module WorkspaceMenuStructure (186)
[2018.03.21-17.22.28:646][789]LogModuleManager: Shutting down and abandoning module SlateReflector (180)
[2018.03.21-17.22.28:646][789]LogModuleManager: Shutting down and abandoning module Slate (178)
[2018.03.21-17.22.28:646][789]LogModuleManager: Shutting down and abandoning module EditorStyle (176)
[2018.03.21-17.22.28:651][789]LogModuleManager: Shutting down and abandoning module SourceCodeAccess (174)
[2018.03.21-17.22.28:652][789]LogModuleManager: Shutting down and abandoning module HeadMountedDisplay (172)
[2018.03.21-17.22.28:652][789]LogModuleManager: Shutting down and abandoning module XAudio2 (170)
[2018.03.21-17.22.28:652][789]LogModuleManager: Shutting down and abandoning module Networking (168)
[2018.03.21-17.22.28:652][789]LogModuleManager: Shutting down and abandoning module Core (164)
[2018.03.21-17.22.28:652][789]LogModuleManager: Shutting down and abandoning module AssetRegistry (162)
[2018.03.21-17.22.28:743][789]LogDirectoryWatcher: A directory notification for '../../../Engine/Content/' was aborted.
[2018.03.21-17.22.28:743][789]LogDirectoryWatcher: A directory notification for '../../../../../../GitHub/Project-Escape-Proyecto-Interdisciplinar-CoCo-School-/proyecto/Project_Escape/Content/' was aborted.
[2018.03.21-17.22.28:743][789]LogDirectoryWatcher: A directory notification for '../../../Engine/Plugins/2D/Paper2D/Content/' was aborted.
[2018.03.21-17.22.28:743][789]LogDirectoryWatcher: A directory notification for '../../../Engine/Plugins/Runtime/GearVR/Content/' was aborted.
[2018.03.21-17.22.28:746][789]LogModuleManager: Shutting down and abandoning module DirectoryWatcher (161)
[2018.03.21-17.22.28:747][789]LogModuleManager: Shutting down and abandoning module KismetCompiler (158)
[2018.03.21-17.22.28:747][789]LogModuleManager: Shutting down and abandoning module LevelSequence (156)
[2018.03.21-17.22.28:747][789]LogModuleManager: Shutting down and abandoning module PhysXFormats (154)
[2018.03.21-17.22.28:747][789]LogModuleManager: Shutting down and abandoning module MeshUtilities (152)
[2018.03.21-17.22.28:747][789]LogModuleManager: Shutting down and abandoning module SimplygonSwarm (151)
[2018.03.21-17.22.28:747][789]LogModuleManager: Shutting down and abandoning module SimplygonMeshReduction (149)
[2018.03.21-17.22.28:747][789]LogModuleManager: Shutting down and abandoning module QuadricMeshReduction (147)
[2018.03.21-17.22.28:747][789]LogModuleManager: Shutting down and abandoning module DerivedDataCache (144)
[2018.03.21-17.22.28:778][789]LogDerivedDataCache: Shutdown
[2018.03.21-17.22.28:778][789]LogModuleManager: Shutting down and abandoning module TargetPlatform (142)
[2018.03.21-17.22.28:778][789]LogModuleManager: Shutting down and abandoning module VulkanShaderFormat (141)
[2018.03.21-17.22.28:778][789]LogModuleManager: Shutting down and abandoning module ShaderFormatVectorVM (139)
[2018.03.21-17.22.28:778][789]LogModuleManager: Shutting down and abandoning module ShaderFormatOpenGL (137)
[2018.03.21-17.22.28:778][789]LogModuleManager: Shutting down and abandoning module ShaderFormatD3D (135)
[2018.03.21-17.22.28:778][789]LogModuleManager: Shutting down and abandoning module MetalShaderFormat (133)
[2018.03.21-17.22.28:778][789]LogModuleManager: Shutting down and abandoning module TextureFormatUncompressed (131)
[2018.03.21-17.22.28:778][789]LogModuleManager: Shutting down and abandoning module TextureFormatPVR (129)
[2018.03.21-17.22.28:778][789]LogModuleManager: Shutting down and abandoning module TextureFormatDXT (127)
[2018.03.21-17.22.28:778][789]LogModuleManager: Shutting down and abandoning module TextureFormatIntelISPCTexComp (125)
[2018.03.21-17.22.28:778][789]LogModuleManager: Shutting down and abandoning module TextureFormatASTC (123)
[2018.03.21-17.22.28:778][789]LogModuleManager: Shutting down and abandoning module ImageWrapper (122)
[2018.03.21-17.22.28:778][789]LogModuleManager: Shutting down and abandoning module TextureFormatAndroid (119)
[2018.03.21-17.22.28:778][789]LogModuleManager: Shutting down and abandoning module AudioFormatOpus (117)
[2018.03.21-17.22.28:778][789]LogModuleManager: Shutting down and abandoning module AudioFormatOgg (115)
[2018.03.21-17.22.28:778][789]LogModuleManager: Shutting down and abandoning module AudioFormatADPCM (113)
[2018.03.21-17.22.28:778][789]LogModuleManager: Shutting down and abandoning module LinuxTargetPlatform (111)
[2018.03.21-17.22.28:778][789]LogModuleManager: Shutting down and abandoning module LinuxServerTargetPlatform (109)
[2018.03.21-17.22.28:778][789]LogModuleManager: Shutting down and abandoning module LinuxNoEditorTargetPlatform (107)
[2018.03.21-17.22.28:778][789]LogModuleManager: Shutting down and abandoning module LinuxClientTargetPlatform (105)
[2018.03.21-17.22.28:778][789]LogModuleManager: Shutting down and abandoning module TVOSTargetPlatform (103)
[2018.03.21-17.22.28:778][789]LogModuleManager: Shutting down and abandoning module Messaging (101)
[2018.03.21-17.22.28:778][789]LogModuleManager: Shutting down and abandoning module IOSTargetPlatform (99)
[2018.03.21-17.22.28:778][789]LogModuleManager: Shutting down and abandoning module HTML5TargetPlatform (97)
[2018.03.21-17.22.28:778][789]LogModuleManager: Shutting down and abandoning module Android_PVRTCTargetPlatform (95)
[2018.03.21-17.22.28:779][789]LogModuleManager: Shutting down and abandoning module Android_MultiTargetPlatform (93)
[2018.03.21-17.22.28:779][789]LogModuleManager: Shutting down and abandoning module Android_ETC2TargetPlatform (91)
[2018.03.21-17.22.28:779][789]LogModuleManager: Shutting down and abandoning module Android_ETC1TargetPlatform (89)
[2018.03.21-17.22.28:779][789]LogModuleManager: Shutting down and abandoning module Android_DXTTargetPlatform (87)
[2018.03.21-17.22.28:779][789]LogModuleManager: Shutting down and abandoning module Android_ATCTargetPlatform (85)
[2018.03.21-17.22.28:779][789]LogModuleManager: Shutting down and abandoning module Android_ASTCTargetPlatform (83)
[2018.03.21-17.22.28:779][789]LogModuleManager: Shutting down and abandoning module AndroidTargetPlatform (81)
[2018.03.21-17.22.28:779][789]LogModuleManager: Shutting down and abandoning module WindowsTargetPlatform (79)
[2018.03.21-17.22.28:779][789]LogModuleManager: Shutting down and abandoning module WindowsServerTargetPlatform (77)
[2018.03.21-17.22.28:779][789]LogModuleManager: Shutting down and abandoning module WindowsNoEditorTargetPlatform (75)
[2018.03.21-17.22.28:779][789]LogModuleManager: Shutting down and abandoning module WindowsClientTargetPlatform (73)
[2018.03.21-17.22.28:779][789]LogModuleManager: Shutting down and abandoning module MacTargetPlatform (71)
[2018.03.21-17.22.28:779][789]LogModuleManager: Shutting down and abandoning module MacServerTargetPlatform (69)
[2018.03.21-17.22.28:779][789]LogModuleManager: Shutting down and abandoning module MacNoEditorTargetPlatform (67)
[2018.03.21-17.22.28:779][789]LogModuleManager: Shutting down and abandoning module MacClientTargetPlatform (65)
[2018.03.21-17.22.28:779][789]LogModuleManager: Shutting down and abandoning module AllDesktopTargetPlatform (63)
[2018.03.21-17.22.28:779][789]LogModuleManager: Shutting down and abandoning module InputCore (60)
[2018.03.21-17.22.28:779][789]LogModuleManager: Shutting down and abandoning module Settings (58)
[2018.03.21-17.22.28:779][789]LogModuleManager: Shutting down and abandoning module OculusRift (56)
[2018.03.21-17.22.28:779][789]LogModuleManager: Shutting down and abandoning module GearVRController (54)
[2018.03.21-17.22.28:779][789]LogModuleManager: Shutting down and abandoning module GearVR (52)
[2018.03.21-17.22.28:779][789]LogModuleManager: Shutting down and abandoning module ExampleDeviceProfileSelector (50)
[2018.03.21-17.22.28:779][789]LogModuleManager: Shutting down and abandoning module OnlineBlueprintSupport (48)
[2018.03.21-17.22.28:779][789]LogModuleManager: Shutting down and abandoning module OnlineSubsystem (44)
[2018.03.21-17.22.28:779][789]LogOnline:Display: Unloading online subsystem: NULL
[2018.03.21-17.22.28:779][789]LogModuleManager: Shutting down and abandoning module XMPP (43)
[2018.03.21-17.22.28:779][789]LogModuleManager: Shutting down and abandoning module HTTP (41)
[2018.03.21-17.22.28:779][789]LogHttp:Display: Http module shutting down, but needs to wait on 1 outstanding Http requests:
[2018.03.21-17.22.28:779][789]LogHttp:Display: 	verb=[POST] url=[https://datarouter.ol.epicgames.com/datarouter/api/v1/public/data?SessionID=%7B6B181D3E-41E3-B45B-E858-80A3934E3243%7D&AppID=UEEditor.Rocket.Release&AppVersion=4.16.2-3514769%2B%2B%2BUE4%2BRelease-4.16&UserID=eedd91be406e0cd25ea0748277e6e73c%7C7a211806f70b4509a5be2640357744fc%7Caa6de738-987c-4c76-bb80-6cc1d099ea00&AppEnvironment=datacollector-binary&UploadType=eteventstream] status=Processing
[2018.03.21-17.22.28:809][789]LogModuleManager: Shutting down and abandoning module SSL (40)
[2018.03.21-17.22.28:810][789]LogModuleManager: Shutting down and abandoning module HTTPChunkInstaller (36)
[2018.03.21-17.22.28:810][789]LogModuleManager: Shutting down and abandoning module AnimationModifiers (34)
[2018.03.21-17.22.28:810][789]LogModuleManager: Shutting down and abandoning module PropertyEditor (33)
[2018.03.21-17.22.28:810][789]LogModuleManager: Shutting down and abandoning module AudioEditor (30)
[2018.03.21-17.22.28:810][789]LogModuleManager: Shutting down and abandoning module TextureCompressor (28)
[2018.03.21-17.22.28:810][789]LogModuleManager: Shutting down and abandoning module ShaderCore (26)
[2018.03.21-17.22.28:810][789]LogModuleManager: Shutting down and abandoning module Landscape (24)
[2018.03.21-17.22.28:810][789]LogModuleManager: Shutting down and abandoning module SlateRHIRenderer (22)
[2018.03.21-17.22.28:811][789]LogModuleManager: Shutting down and abandoning module OpenGLDrv (20)
[2018.03.21-17.22.28:812][789]LogModuleManager: Shutting down and abandoning module D3D11RHI (18)
[2018.03.21-17.22.28:812][789]LogModuleManager: Shutting down and abandoning module AnimGraphRuntime (16)
[2018.03.21-17.22.28:812][789]LogModuleManager: Shutting down and abandoning module Renderer (14)
[2018.03.21-17.22.28:812][789]LogModuleManager: Shutting down and abandoning module Engine (12)
[2018.03.21-17.22.28:812][789]LogModuleManager: Shutting down and abandoning module CoreUObject (10)
[2018.03.21-17.22.28:812][789]LogModuleManager: Shutting down and abandoning module NetworkFile (8)
[2018.03.21-17.22.28:812][789]LogModuleManager: Shutting down and abandoning module StreamingFile (6)
[2018.03.21-17.22.28:812][789]LogModuleManager: Shutting down and abandoning module SandboxFile (4)
[2018.03.21-17.22.28:812][789]LogModuleManager: Shutting down and abandoning module PakFile (2)
[2018.03.21-17.22.28:813][789]LogExit: Exiting.
[2018.03.21-17.22.28:842][789]Log file closed, 03/21/18 18:22:28
